[2025-10-08 11:10:28] District_User -> Mill added ->Leh@pds|
Requested JSON -> {"name":"hhhhhhh","latitude":"12","longitude":"12","district":"Leh","id":"777","demand":"122","demand_rice":"12"}
[2025-10-08 11:11:04] District_User -> Mill added ->Leh@pds|
Requested JSON -> {"name":"rrrr","latitude":"12","longitude":"11","district":"Leh","id":"56","demand":"343","demand_rice":"22"}
[2025-10-08 11:31:53] District_User -> Mill added ->Leh@pds|
Requested JSON -> {"name":"dddd","latitude":"12","longitude":"10","district":"Leh","id":"8888","demand":"786","demand_rice":"565"}
[2025-10-08 11:57:26] District User -> Mill deleted -> Leh@pds| Requested JSON -> {"uid":"DCP_68e5fe511d8"} | dddd
[2025-10-08 12:01:48] District User -> Mill deleted -> Leh@pds| Requested JSON -> {"uid":"all"} | all
[2025-10-08 12:01:57] District User -> Mill Added -> Leh@pds| Kangrimill
[2025-10-08 12:01:57] District User -> Mill Added -> Leh@pds| Atta Storesuru Valley Rf Mill
[2025-10-08 12:01:57] District User -> Mill Added -> Leh@pds| hhhhhhh
[2025-10-08 12:01:57] District User -> Mill Added -> Leh@pds| rrrr
[2025-10-08 12:02:08] District User -> Mill Edit -> Leh@pds| Kangrimill
[2025-10-08 12:02:08] District User -> Mill Edit -> Leh@pds| Atta Storesuru Valley Rf Mill
[2025-10-08 12:02:08] District User -> Mill Edit -> Leh@pds| hhhhhhh
[2025-10-08 12:02:08] District User -> Mill Edit -> Leh@pds| rrrr
[2025-10-08 12:06:20] District User -> Mill deleted -> Leh@pds| Requested JSON -> {"uid":"DCP_68e6055dbf7"} | rrrr
[2025-10-08 12:13:07] District User ->Mill Edit->Leh@pds|
Requested JSON -> {"name":"hhhhhhhgggg","uniqueid":"DCP_68e6055dbf1","active":"1","type":"dssds","latitude":"12","longitude":"12","district":"Leh","id":"777","demand":"122","demand_rice":"12"}
[2025-10-08 12:13:24] District User -> Mill deleted -> Leh@pds| Requested JSON -> {"uid":"DCP_68e6055dbf1"} | Hhhhhhhgggg
[2025-10-08 12:13:51] District User -> Mill deleted -> Leh@pds| Requested JSON -> {"uid":"all"} | all
[2025-10-08 12:14:16] District User -> Mill Added -> Leh@pds| Kangrimill
[2025-10-08 12:14:16] District User -> Mill Added -> Leh@pds| Atta Storesuru Valley Rf Mill
[2025-10-08 12:14:16] District User -> Mill Added -> Leh@pds| hhhhhhh
[2025-10-08 12:14:16] District User -> Mill Added -> Leh@pds| rrrr
[2025-10-08 12:18:52] District User -> Mill Edit -> Leh@pds| Kangrimill
[2025-10-08 12:18:52] District User -> Mill Edit -> Leh@pds| Atta Storesuru Valley Rf Mill
[2025-10-08 12:18:52] District User -> Mill Edit -> Leh@pds| hhhhhhh
[2025-10-08 12:18:52] District User -> Mill Edit -> Leh@pds| rrrr
[2025-10-08 12:19:11] District User -> Mill deleted -> Leh@pds| Requested JSON -> {"uid":"all"} | all
[2025-10-08 12:19:32] District User -> Mill Added -> Leh@pds| Kangrimill
[2025-10-08 12:19:32] District User -> Mill Added -> Leh@pds| Atta Storesuru Valley Rf Mill
[2025-10-08 12:19:32] District User -> Mill Added -> Leh@pds| hhhhhhh
[2025-10-08 12:19:32] District User -> Mill Added -> Leh@pds| rrrr
[2025-10-08 12:20:01] District User -> Mill Edit -> Leh@pds| Kangrimill
[2025-10-08 12:20:01] District User -> Mill Edit -> Leh@pds| Atta Storesuru Valley Rf Mill
[2025-10-08 12:20:01] District User -> Mill Edit -> Leh@pds| hhhhhhh
[2025-10-08 12:20:01] District User -> Mill Edit -> Leh@pds| rrrr
[2025-10-08 12:27:06] District_User -> Warehouse added ->Leh@pds|
Requested JSON -> {"name":"fgfg","type":"motorable","latitude":"12","storage":"243","district":"Leh","id":"324377","warehousetype":"swc","longitude":"12"}
[2025-10-08 12:30:42] District User -> Warehouse Edit->Leh@pds|
Requested JSON -> {"name":"Fgfghhh","uniqueid":"WH_68e60b422d6b","active":"1","type":"motorable","latitude":"12","storage":"243","district":"Leh","id":"324377","warehousetype":"swc","longitude":"12"}
[2025-10-08 12:35:10] District User -> Warehouse deleted -> Leh@pds| Requested JSON -> {"uid":"WH_68e60b422d6b"} | Fgfghhh
[2025-10-08 12:35:36] District User -> Warehouse deleted -> Leh@pds| Requested JSON -> {"uid":"all"} | all
[2025-10-08 12:38:58] District User -> Warehouse Added -> Leh@pds| G_Rice_A/B
[2025-10-08 12:38:58] District User -> Warehouse Added -> Leh@pds| Dddddd
[2025-10-08 12:38:58] District User -> Warehouse Added -> Leh@pds| Fgfghhh
[2025-10-08 12:41:16] District User -> Warehouse deleted -> Leh@pds| Requested JSON -> {"uid":"all"} | all
[2025-10-08 12:41:40] District User -> Warehouse Added -> Leh@pds| G_Rice_A/B
[2025-10-08 12:41:40] District User -> Warehouse Added -> Leh@pds| Dddddd
[2025-10-08 12:41:40] District User -> Warehouse Added -> Leh@pds| Fgfghhh
[2025-10-08 12:46:56] District User -> Warehouse Edit -> Leh@pds| G_Rice_A/B
[2025-10-08 12:46:56] District User -> Warehouse Edit -> Leh@pds| Dddddd
[2025-10-08 12:46:56] District User -> Warehouse Edit -> Leh@pds| Fgfghhh
[2025-10-08 12:53:51] District User -> FPS added ->Leh@pds|
Requested JSON -> {"name":"TTTTTTTTTT","type":"Model FPS","latitude":"12","longitude":"10","district":"Leh","id":"456","demand":"12.33","demand_rice":"11.12","demand_frice":"2.98"}
[2025-10-08 12:59:12] District User -> FPS Edit->Leh@pds|
Requested JSON -> {"name":"TTTTTTTTTT","uniqueid":"FPS_68e611873a7","active":"1","type":"Model FPS","latitude":"12","longitude":"10","district":"Leh","id":"456","demand":"12.33","demand_rice":"11.12","demand_frice":"2.98"}
[2025-10-08 12:59:51] District User -> FPS Edit->Leh@pds|
Requested JSON -> {"name":"TTTTTTTTTTTYYY","uniqueid":"FPS_68e611873a7","active":"1","type":"Model FPS","latitude":"12","longitude":"10","district":"Leh","id":"456","demand":"12.33","demand_rice":"11.12","demand_frice":"2.98"}
[2025-10-08 13:02:06] district_user -> FPS deleted -> Leh@pds|
Requested JSON -> {"uid":"FPS_68e611873a7"} | Tttttttttttyyy
[2025-10-08 13:02:46] district_user -> FPS deleted -> Leh@pds|
Requested JSON -> {"uid":"all"} | all
[2025-10-08 13:09:30] District User -> FPS Added -> Leh@pds| ABGH
[2025-10-08 13:09:30] District User -> FPS Added -> Leh@pds| ABGH
[2025-10-08 13:09:30] District User -> FPS Added -> Leh@pds| ABGH
[2025-10-08 13:09:30] District User -> FPS Added -> Leh@pds| ABGH
[2025-10-08 13:09:30] District User -> FPS Added -> Leh@pds| ABGH
[2025-10-08 13:09:30] District User -> FPS Added -> Leh@pds| ABGH
[2025-10-08 13:09:30] District User -> FPS Added -> Leh@pds| ABGH
[2025-10-08 13:09:30] District User -> FPS Added -> Leh@pds| ABGH
[2025-10-08 13:09:30] District User -> FPS Added -> Leh@pds| ABGH
[2025-10-08 13:09:30] District User -> FPS Added -> Leh@pds| ABGH
[2025-10-08 13:09:30] District User -> FPS Added -> Leh@pds| ABGH
[2025-10-08 13:09:30] District User -> FPS Added -> Leh@pds| ABGH
[2025-10-08 13:09:30] District User -> FPS Added -> Leh@pds| ABGH
[2025-10-08 13:09:30] District User -> FPS Added -> Leh@pds| ABGH
[2025-10-08 13:09:30] District User -> FPS Added -> Leh@pds| ABGH
[2025-10-08 13:09:30] District User -> FPS Added -> Leh@pds| ABGH
[2025-10-08 13:09:30] District User -> FPS Added -> Leh@pds| ABGH
[2025-10-08 13:09:30] District User -> FPS Added -> Leh@pds| ABGH
[2025-10-08 13:09:30] District User -> FPS Added -> Leh@pds| ABGH
[2025-10-08 13:09:30] District User -> FPS Added -> Leh@pds| ABGH
[2025-10-08 13:09:30] District User -> FPS Added -> Leh@pds| ABGH
[2025-10-08 13:09:30] District User -> FPS Added -> Leh@pds| ABGH
[2025-10-08 13:09:30] District User -> FPS Added -> Leh@pds| ABGH
[2025-10-08 13:09:30] District User -> FPS Added -> Leh@pds| ABGH
[2025-10-08 13:09:30] District User -> FPS Added -> Leh@pds| ABGH
[2025-10-08 13:09:30] District User -> FPS Added -> Leh@pds| ABGH
[2025-10-08 13:09:30] District User -> FPS Added -> Leh@pds| ABGH
[2025-10-08 13:09:30] District User -> FPS Added -> Leh@pds| ABGH
[2025-10-08 13:09:30] District User -> FPS Added -> Leh@pds| ABGH
[2025-10-08 13:09:30] District User -> FPS Added -> Leh@pds| ABGH
[2025-10-08 13:09:30] District User -> FPS Added -> Leh@pds| ABGH
[2025-10-08 13:09:30] District User -> FPS Added -> Leh@pds| ABGH
[2025-10-08 13:09:30] District User -> FPS Added -> Leh@pds| ABGH
[2025-10-08 13:09:30] District User -> FPS Added -> Leh@pds| ABGH
[2025-10-08 13:09:30] District User -> FPS Added -> Leh@pds| ABGH
[2025-10-08 13:09:30] District User -> FPS Added -> Leh@pds| ABGH
[2025-10-08 13:09:30] District User -> FPS Added -> Leh@pds| ABGH
[2025-10-08 13:09:30] District User -> FPS Added -> Leh@pds| ABGH
[2025-10-08 13:09:30] District User -> FPS Added -> Leh@pds| ABGH
[2025-10-08 13:09:30] District User -> FPS Added -> Leh@pds| ABGH
[2025-10-08 13:09:30] District User -> FPS Added -> Leh@pds| ABGH
[2025-10-08 13:09:30] District User -> FPS Added -> Leh@pds| ABGH
[2025-10-08 13:09:30] District User -> FPS Added -> Leh@pds| ABGH
[2025-10-08 13:09:30] District User -> FPS Added -> Leh@pds| ABGH
[2025-10-08 13:09:30] District User -> FPS Added -> Leh@pds| ABGH
[2025-10-08 13:09:30] District User -> FPS Added -> Leh@pds| ABGH
[2025-10-08 13:09:30] District User -> FPS Added -> Leh@pds| ABGH
[2025-10-08 13:09:30] District User -> FPS Added -> Leh@pds| ABGH
[2025-10-08 13:09:30] District User -> FPS Added -> Leh@pds| ABGH
[2025-10-08 13:09:30] District User -> FPS Added -> Leh@pds| ABGH
[2025-10-08 13:09:30] District User -> FPS Added -> Leh@pds| ABGH
[2025-10-08 13:09:30] District User -> FPS Added -> Leh@pds| ABGH
[2025-10-08 13:09:30] District User -> FPS Added -> Leh@pds| ABGH
[2025-10-08 13:09:30] District User -> FPS Added -> Leh@pds| ABGH
[2025-10-08 13:09:30] District User -> FPS Added -> Leh@pds| ABGH
[2025-10-08 13:09:30] District User -> FPS Added -> Leh@pds| ABGH
[2025-10-08 13:09:30] District User -> FPS Added -> Leh@pds| ABGH
[2025-10-08 13:09:30] District User -> FPS Added -> Leh@pds| ABGH
[2025-10-08 13:09:30] District User -> FPS Added -> Leh@pds| ABGH
[2025-10-08 13:09:30] District User -> FPS Added -> Leh@pds| ABGH
[2025-10-08 13:09:30] District User -> FPS Added -> Leh@pds| ABGH
[2025-10-08 13:09:30] District User -> FPS Added -> Leh@pds| ABGH
[2025-10-08 13:09:30] District User -> FPS Added -> Leh@pds| ABGH
[2025-10-08 13:09:30] District User -> FPS Added -> Leh@pds| ABGH
[2025-10-08 13:09:30] District User -> FPS Added -> Leh@pds| ABGH
[2025-10-08 13:09:30] District User -> FPS Added -> Leh@pds| ABGH
[2025-10-08 13:09:30] District User -> FPS Added -> Leh@pds| ABGH
[2025-10-08 13:09:30] District User -> FPS Added -> Leh@pds| ABGH
[2025-10-08 13:09:30] District User -> FPS Added -> Leh@pds| ABGH
[2025-10-08 13:09:30] District User -> FPS Added -> Leh@pds| ABGH
[2025-10-08 13:09:30] District User -> FPS Added -> Leh@pds| ABGH
[2025-10-08 13:09:30] District User -> FPS Added -> Leh@pds| ABGH
[2025-10-08 13:09:30] District User -> FPS Added -> Leh@pds| ABGH
[2025-10-08 13:09:30] District User -> FPS Added -> Leh@pds| ABGH
[2025-10-08 13:09:30] District User -> FPS Added -> Leh@pds| ABGH
[2025-10-08 13:09:30] District User -> FPS Added -> Leh@pds| ABGH
[2025-10-08 13:09:30] District User -> FPS Added -> Leh@pds| ABGH
[2025-10-08 13:09:30] District User -> FPS Added -> Leh@pds| ABGH
[2025-10-08 13:09:30] District User -> FPS Added -> Leh@pds| ABGH
[2025-10-08 13:09:30] District User -> FPS Added -> Leh@pds| ABGH
[2025-10-08 13:09:30] District User -> FPS Added -> Leh@pds| ABGH
[2025-10-08 13:09:30] District User -> FPS Added -> Leh@pds| ABGH
[2025-10-08 13:09:30] District User -> FPS Added -> Leh@pds| ABGH
[2025-10-08 13:09:30] District User -> FPS Added -> Leh@pds| ABGH
[2025-10-08 13:09:30] District User -> FPS Added -> Leh@pds| ABGH
[2025-10-08 13:09:30] District User -> FPS Added -> Leh@pds| ABGH
[2025-10-08 13:09:30] District User -> FPS Added -> Leh@pds| ABGH
[2025-10-08 13:09:30] District User -> FPS Added -> Leh@pds| ABGH
[2025-10-08 13:09:30] District User -> FPS Added -> Leh@pds| ABGH
[2025-10-08 13:09:30] District User -> FPS Added -> Leh@pds| ABGH
[2025-10-08 13:09:30] District User -> FPS Added -> Leh@pds| ABGH
[2025-10-08 13:09:30] District User -> FPS Added -> Leh@pds| ABGH
[2025-10-08 13:09:30] District User -> FPS Added -> Leh@pds| ABGH
[2025-10-08 13:09:30] District User -> FPS Added -> Leh@pds| ABGH
[2025-10-08 13:09:30] District User -> FPS Added -> Leh@pds| ABGH
[2025-10-08 13:09:30] District User -> FPS Added -> Leh@pds| ABGH
[2025-10-08 13:09:30] District User -> FPS Added -> Leh@pds| ABGH
[2025-10-08 13:09:30] District User -> FPS Added -> Leh@pds| ABGH
[2025-10-08 13:09:30] District User -> FPS Added -> Leh@pds| ABGH
[2025-10-08 13:09:30] District User -> FPS Added -> Leh@pds| ABGH
[2025-10-08 13:09:30] District User -> FPS Added -> Leh@pds| ABGH
[2025-10-08 13:09:30] District User -> FPS Added -> Leh@pds| ABGH
[2025-10-08 13:09:30] District User -> FPS Added -> Leh@pds| ABGH
[2025-10-08 13:09:30] District User -> FPS Added -> Leh@pds| ABGH
[2025-10-08 13:09:30] District User -> FPS Added -> Leh@pds| ABGH
[2025-10-08 13:09:30] District User -> FPS Added -> Leh@pds| ABGH
[2025-10-08 13:09:30] District User -> FPS Added -> Leh@pds| ABGH
[2025-10-08 13:09:30] District User -> FPS Added -> Leh@pds| ABGH
[2025-10-08 13:09:30] District User -> FPS Added -> Leh@pds| ABGH
[2025-10-08 13:09:30] District User -> FPS Added -> Leh@pds| ABGH
[2025-10-08 13:09:30] District User -> FPS Added -> Leh@pds| ABGH
[2025-10-08 13:09:30] District User -> FPS Added -> Leh@pds| ABGH
[2025-10-08 13:09:30] District User -> FPS Added -> Leh@pds| ABGH
[2025-10-08 13:09:30] District User -> FPS Added -> Leh@pds| ABGH
[2025-10-08 13:09:30] District User -> FPS Added -> Leh@pds| ABGH
[2025-10-08 13:09:30] District User -> FPS Added -> Leh@pds| ABGH
[2025-10-08 13:09:30] District User -> FPS Added -> Leh@pds| ABGH
[2025-10-08 13:09:31] District User -> FPS Added -> Leh@pds| ABGH
[2025-10-08 13:09:31] District User -> FPS Added -> Leh@pds| ABGH
[2025-10-08 13:09:31] District User -> FPS Added -> Leh@pds| ABGH
[2025-10-08 13:09:31] District User -> FPS Added -> Leh@pds| ABGH
[2025-10-08 13:09:31] District User -> FPS Added -> Leh@pds| ABGH
[2025-10-08 13:09:31] District User -> FPS Added -> Leh@pds| ABGH
[2025-10-08 13:09:31] District User -> FPS Added -> Leh@pds| ABGH
[2025-10-08 13:09:31] District User -> FPS Added -> Leh@pds| ABGH
[2025-10-08 13:09:31] District User -> FPS Added -> Leh@pds| ABGH
[2025-10-08 13:09:31] District User -> FPS Added -> Leh@pds| ABGH
[2025-10-08 13:09:31] District User -> FPS Added -> Leh@pds| ABGH
[2025-10-08 13:09:31] District User -> FPS Added -> Leh@pds| ABGH
[2025-10-08 13:09:31] District User -> FPS Added -> Leh@pds| ABGH
[2025-10-08 13:09:31] District User -> FPS Added -> Leh@pds| ABGH
[2025-10-08 13:09:31] District User -> FPS Added -> Leh@pds| ABGH
[2025-10-08 13:09:31] District User -> FPS Added -> Leh@pds| ABGH
[2025-10-08 13:09:31] District User -> FPS Added -> Leh@pds| ABGH
[2025-10-08 13:09:31] District User -> FPS Added -> Leh@pds| ABGH
[2025-10-08 13:09:31] District User -> FPS Added -> Leh@pds| ABGH
[2025-10-08 13:09:31] District User -> FPS Added -> Leh@pds| ABGH
[2025-10-08 13:09:31] District User -> FPS Added -> Leh@pds| ABGH
[2025-10-08 13:09:31] District User -> FPS Added -> Leh@pds| ABGH
[2025-10-08 13:09:31] District User -> FPS Added -> Leh@pds| ABGH
[2025-10-08 13:09:31] District User -> FPS Added -> Leh@pds| ABGH
[2025-10-08 13:09:31] District User -> FPS Added -> Leh@pds| ABGH
[2025-10-08 13:09:31] District User -> FPS Added -> Leh@pds| ABGH
[2025-10-08 13:09:31] District User -> FPS Added -> Leh@pds| ABGH
[2025-10-08 13:09:31] District User -> FPS Added -> Leh@pds| ABGH
[2025-10-08 13:09:31] District User -> FPS Added -> Leh@pds| ABGH
[2025-10-08 13:09:31] District User -> FPS Added -> Leh@pds| ABGH
[2025-10-08 13:09:31] District User -> FPS Added -> Leh@pds| ABGH
[2025-10-08 13:09:31] District User -> FPS Added -> Leh@pds| ABGH
[2025-10-08 13:09:31] District User -> FPS Added -> Leh@pds| ABGH
[2025-10-08 13:09:31] District User -> FPS Added -> Leh@pds| ABGH
[2025-10-08 13:09:31] District User -> FPS Added -> Leh@pds| ABGH
[2025-10-08 13:09:31] District User -> FPS Added -> Leh@pds| ABGH
[2025-10-08 13:09:31] District User -> FPS Added -> Leh@pds| ABGH
[2025-10-08 13:09:31] District User -> FPS Added -> Leh@pds| ABGH
[2025-10-08 13:09:31] District User -> FPS Added -> Leh@pds| ABGH
[2025-10-08 13:09:31] District User -> FPS Added -> Leh@pds| ABGH
[2025-10-08 13:09:31] District User -> FPS Added -> Leh@pds| ABGH
[2025-10-08 13:09:31] District User -> FPS Added -> Leh@pds| ABGH
[2025-10-08 13:09:31] District User -> FPS Added -> Leh@pds| ABGH
[2025-10-08 13:09:31] District User -> FPS Added -> Leh@pds| ABGH
[2025-10-08 13:09:31] District User -> FPS Added -> Leh@pds| ABGH
[2025-10-08 13:09:31] District User -> FPS Added -> Leh@pds| ABGH
[2025-10-08 13:09:31] District User -> FPS Added -> Leh@pds| ABGH
[2025-10-08 13:09:31] District User -> FPS Added -> Leh@pds| ABGH
[2025-10-08 13:09:31] District User -> FPS Added -> Leh@pds| ABGH
[2025-10-08 13:09:31] District User -> FPS Added -> Leh@pds| ABGH
[2025-10-08 13:09:31] District User -> FPS Added -> Leh@pds| ABGH
[2025-10-08 13:09:31] District User -> FPS Added -> Leh@pds| ABGH
[2025-10-08 13:09:31] District User -> FPS Added -> Leh@pds| ABGH
[2025-10-08 13:09:31] District User -> FPS Added -> Leh@pds| ABGH
[2025-10-08 13:09:31] District User -> FPS Added -> Leh@pds| ABGH
[2025-10-08 13:09:31] District User -> FPS Added -> Leh@pds| ABGH
[2025-10-08 13:09:31] District User -> FPS Added -> Leh@pds| ABGH
[2025-10-08 13:09:31] District User -> FPS Added -> Leh@pds| ABGH
[2025-10-08 13:09:31] District User -> FPS Added -> Leh@pds| ABGH
[2025-10-08 13:09:31] District User -> FPS Added -> Leh@pds| ABGH
[2025-10-08 13:09:31] District User -> FPS Added -> Leh@pds| ABGH
[2025-10-08 13:09:31] District User -> FPS Added -> Leh@pds| ABGH
[2025-10-08 13:09:31] District User -> FPS Added -> Leh@pds| ABGH
[2025-10-08 13:09:31] District User -> FPS Added -> Leh@pds| ABGH
[2025-10-08 13:09:31] District User -> FPS Added -> Leh@pds| ABGH
[2025-10-08 13:09:31] District User -> FPS Added -> Leh@pds| ABGH
[2025-10-08 13:09:31] District User -> FPS Added -> Leh@pds| ABGH
[2025-10-08 13:09:31] District User -> FPS Added -> Leh@pds| ABGH
[2025-10-08 13:09:31] District User -> FPS Added -> Leh@pds| ABGH
[2025-10-08 13:09:31] District User -> FPS Added -> Leh@pds| ABGH
[2025-10-08 13:09:31] District User -> FPS Added -> Leh@pds| ABGH
[2025-10-08 13:09:31] District User -> FPS Added -> Leh@pds| ABGH
[2025-10-08 13:09:31] District User -> FPS Added -> Leh@pds| ABGH
[2025-10-08 13:09:31] District User -> FPS Added -> Leh@pds| ABGH
[2025-10-08 13:09:31] District User -> FPS Added -> Leh@pds| ABGH
[2025-10-08 13:09:31] District User -> FPS Added -> Leh@pds| ABGH
[2025-10-08 13:09:31] District User -> FPS Added -> Leh@pds| ABGH
[2025-10-08 13:09:31] District User -> FPS Added -> Leh@pds| ABGH
[2025-10-08 13:09:31] District User -> FPS Added -> Leh@pds| ABGH
[2025-10-08 13:09:31] District User -> FPS Added -> Leh@pds| ABGH
[2025-10-08 13:09:31] District User -> FPS Added -> Leh@pds| ABGH
[2025-10-08 13:09:31] District User -> FPS Added -> Leh@pds| ABGH
[2025-10-08 13:09:31] District User -> FPS Added -> Leh@pds| ABGH
[2025-10-08 13:09:31] District User -> FPS Added -> Leh@pds| ABGH
[2025-10-08 13:09:31] District User -> FPS Added -> Leh@pds| ABGH
[2025-10-08 13:09:31] District User -> FPS Added -> Leh@pds| ABGH
[2025-10-08 13:09:31] District User -> FPS Added -> Leh@pds| ABGH
[2025-10-08 13:09:31] District User -> FPS Added -> Leh@pds| ABGH
[2025-10-08 13:13:02] District User -> FPS Edit -> Leh@pds| ABGH
[2025-10-08 13:13:02] District User -> FPS Edit -> Leh@pds| ABGH
[2025-10-08 13:13:02] District User -> FPS Edit -> Leh@pds| ABGH
[2025-10-08 13:13:02] District User -> FPS Edit -> Leh@pds| ABGH
[2025-10-08 13:13:02] District User -> FPS Edit -> Leh@pds| ABGH
[2025-10-08 13:13:02] District User -> FPS Edit -> Leh@pds| ABGH
[2025-10-08 13:13:02] District User -> FPS Edit -> Leh@pds| ABGH
[2025-10-08 13:13:02] District User -> FPS Edit -> Leh@pds| ABGH
[2025-10-08 13:13:02] District User -> FPS Edit -> Leh@pds| ABGH
[2025-10-08 13:13:02] District User -> FPS Edit -> Leh@pds| ABGH
[2025-10-08 13:13:02] District User -> FPS Edit -> Leh@pds| ABGH
[2025-10-08 13:13:02] District User -> FPS Edit -> Leh@pds| ABGH
[2025-10-08 13:13:02] District User -> FPS Edit -> Leh@pds| ABGH
[2025-10-08 13:13:02] District User -> FPS Edit -> Leh@pds| ABGH
[2025-10-08 13:13:02] District User -> FPS Edit -> Leh@pds| ABGH
[2025-10-08 13:13:02] District User -> FPS Edit -> Leh@pds| ABGH
[2025-10-08 13:13:02] District User -> FPS Edit -> Leh@pds| ABGH
[2025-10-08 13:13:02] District User -> FPS Edit -> Leh@pds| ABGH
[2025-10-08 13:13:02] District User -> FPS Edit -> Leh@pds| ABGH
[2025-10-08 13:13:02] District User -> FPS Edit -> Leh@pds| ABGH
[2025-10-08 13:13:02] District User -> FPS Edit -> Leh@pds| ABGH
[2025-10-08 13:13:02] District User -> FPS Edit -> Leh@pds| ABGH
[2025-10-08 13:13:02] District User -> FPS Edit -> Leh@pds| ABGH
[2025-10-08 13:13:02] District User -> FPS Edit -> Leh@pds| ABGH
[2025-10-08 13:13:02] District User -> FPS Edit -> Leh@pds| ABGH
[2025-10-08 13:13:02] District User -> FPS Edit -> Leh@pds| ABGH
[2025-10-08 13:13:02] District User -> FPS Edit -> Leh@pds| ABGH
[2025-10-08 13:13:02] District User -> FPS Edit -> Leh@pds| ABGH
[2025-10-08 13:13:02] District User -> FPS Edit -> Leh@pds| ABGH
[2025-10-08 13:13:02] District User -> FPS Edit -> Leh@pds| ABGH
[2025-10-08 13:13:02] District User -> FPS Edit -> Leh@pds| ABGH
[2025-10-08 13:13:02] District User -> FPS Edit -> Leh@pds| ABGH
[2025-10-08 13:13:02] District User -> FPS Edit -> Leh@pds| ABGH
[2025-10-08 13:13:02] District User -> FPS Edit -> Leh@pds| ABGH
[2025-10-08 13:13:02] District User -> FPS Edit -> Leh@pds| ABGH
[2025-10-08 13:13:02] District User -> FPS Edit -> Leh@pds| ABGH
[2025-10-08 13:13:02] District User -> FPS Edit -> Leh@pds| ABGH
[2025-10-08 13:13:02] District User -> FPS Edit -> Leh@pds| ABGH
[2025-10-08 13:13:02] District User -> FPS Edit -> Leh@pds| ABGH
[2025-10-08 13:13:02] District User -> FPS Edit -> Leh@pds| ABGH
[2025-10-08 13:13:02] District User -> FPS Edit -> Leh@pds| ABGH
[2025-10-08 13:13:02] District User -> FPS Edit -> Leh@pds| ABGH
[2025-10-08 13:13:02] District User -> FPS Edit -> Leh@pds| ABGH
[2025-10-08 13:13:02] District User -> FPS Edit -> Leh@pds| ABGH
[2025-10-08 13:13:02] District User -> FPS Edit -> Leh@pds| ABGH
[2025-10-08 13:13:02] District User -> FPS Edit -> Leh@pds| ABGH
[2025-10-08 13:13:02] District User -> FPS Edit -> Leh@pds| ABGH
[2025-10-08 13:13:02] District User -> FPS Edit -> Leh@pds| ABGH
[2025-10-08 13:13:02] District User -> FPS Edit -> Leh@pds| ABGH
[2025-10-08 13:13:02] District User -> FPS Edit -> Leh@pds| ABGH
[2025-10-08 13:13:02] District User -> FPS Edit -> Leh@pds| ABGH
[2025-10-08 13:13:02] District User -> FPS Edit -> Leh@pds| ABGH
[2025-10-08 13:13:02] District User -> FPS Edit -> Leh@pds| ABGH
[2025-10-08 13:13:02] District User -> FPS Edit -> Leh@pds| ABGH
[2025-10-08 13:13:02] District User -> FPS Edit -> Leh@pds| ABGH
[2025-10-08 13:13:02] District User -> FPS Edit -> Leh@pds| ABGH
[2025-10-08 13:13:02] District User -> FPS Edit -> Leh@pds| ABGH
[2025-10-08 13:13:02] District User -> FPS Edit -> Leh@pds| ABGH
[2025-10-08 13:13:02] District User -> FPS Edit -> Leh@pds| ABGH
[2025-10-08 13:13:02] District User -> FPS Edit -> Leh@pds| ABGH
[2025-10-08 13:13:02] District User -> FPS Edit -> Leh@pds| ABGH
[2025-10-08 13:13:02] District User -> FPS Edit -> Leh@pds| ABGH
[2025-10-08 13:13:02] District User -> FPS Edit -> Leh@pds| ABGH
[2025-10-08 13:13:02] District User -> FPS Edit -> Leh@pds| ABGH
[2025-10-08 13:13:02] District User -> FPS Edit -> Leh@pds| ABGH
[2025-10-08 13:13:02] District User -> FPS Edit -> Leh@pds| ABGH
[2025-10-08 13:13:02] District User -> FPS Edit -> Leh@pds| ABGH
[2025-10-08 13:13:02] District User -> FPS Edit -> Leh@pds| ABGH
[2025-10-08 13:13:02] District User -> FPS Edit -> Leh@pds| ABGH
[2025-10-08 13:13:02] District User -> FPS Edit -> Leh@pds| ABGH
[2025-10-08 13:13:02] District User -> FPS Edit -> Leh@pds| ABGH
[2025-10-08 13:13:02] District User -> FPS Edit -> Leh@pds| ABGH
[2025-10-08 13:13:02] District User -> FPS Edit -> Leh@pds| ABGH
[2025-10-08 13:13:02] District User -> FPS Edit -> Leh@pds| ABGH
[2025-10-08 13:13:02] District User -> FPS Edit -> Leh@pds| ABGH
[2025-10-08 13:13:02] District User -> FPS Edit -> Leh@pds| ABGH
[2025-10-08 13:13:02] District User -> FPS Edit -> Leh@pds| ABGH
[2025-10-08 13:13:02] District User -> FPS Edit -> Leh@pds| ABGH
[2025-10-08 13:13:02] District User -> FPS Edit -> Leh@pds| ABGH
[2025-10-08 13:13:02] District User -> FPS Edit -> Leh@pds| ABGH
[2025-10-08 13:13:02] District User -> FPS Edit -> Leh@pds| ABGH
[2025-10-08 13:13:02] District User -> FPS Edit -> Leh@pds| ABGH
[2025-10-08 13:13:02] District User -> FPS Edit -> Leh@pds| ABGH
[2025-10-08 13:13:02] District User -> FPS Edit -> Leh@pds| ABGH
[2025-10-08 13:13:02] District User -> FPS Edit -> Leh@pds| ABGH
[2025-10-08 13:13:02] District User -> FPS Edit -> Leh@pds| ABGH
[2025-10-08 13:13:02] District User -> FPS Edit -> Leh@pds| ABGH
[2025-10-08 13:13:02] District User -> FPS Edit -> Leh@pds| ABGH
[2025-10-08 13:13:02] District User -> FPS Edit -> Leh@pds| ABGH
[2025-10-08 13:13:02] District User -> FPS Edit -> Leh@pds| ABGH
[2025-10-08 13:13:02] District User -> FPS Edit -> Leh@pds| ABGH
[2025-10-08 13:13:02] District User -> FPS Edit -> Leh@pds| ABGH
[2025-10-08 13:13:02] District User -> FPS Edit -> Leh@pds| ABGH
[2025-10-08 13:13:02] District User -> FPS Edit -> Leh@pds| ABGH
[2025-10-08 13:13:02] District User -> FPS Edit -> Leh@pds| ABGH
[2025-10-08 13:13:02] District User -> FPS Edit -> Leh@pds| ABGH
[2025-10-08 13:13:02] District User -> FPS Edit -> Leh@pds| ABGH
[2025-10-08 13:13:02] District User -> FPS Edit -> Leh@pds| ABGH
[2025-10-08 13:13:02] District User -> FPS Edit -> Leh@pds| ABGH
[2025-10-08 13:13:02] District User -> FPS Edit -> Leh@pds| ABGH
[2025-10-08 13:13:02] District User -> FPS Edit -> Leh@pds| ABGH
[2025-10-08 13:13:02] District User -> FPS Edit -> Leh@pds| ABGH
[2025-10-08 13:13:02] District User -> FPS Edit -> Leh@pds| ABGH
[2025-10-08 13:13:02] District User -> FPS Edit -> Leh@pds| ABGH
[2025-10-08 13:13:02] District User -> FPS Edit -> Leh@pds| ABGH
[2025-10-08 13:13:02] District User -> FPS Edit -> Leh@pds| ABGH
[2025-10-08 13:13:02] District User -> FPS Edit -> Leh@pds| ABGH
[2025-10-08 13:13:02] District User -> FPS Edit -> Leh@pds| ABGH
[2025-10-08 13:13:02] District User -> FPS Edit -> Leh@pds| ABGH
[2025-10-08 13:13:02] District User -> FPS Edit -> Leh@pds| ABGH
[2025-10-08 13:13:02] District User -> FPS Edit -> Leh@pds| ABGH
[2025-10-08 13:13:02] District User -> FPS Edit -> Leh@pds| ABGH
[2025-10-08 13:13:02] District User -> FPS Edit -> Leh@pds| ABGH
[2025-10-08 13:13:02] District User -> FPS Edit -> Leh@pds| ABGH
[2025-10-08 13:13:02] District User -> FPS Edit -> Leh@pds| ABGH
[2025-10-08 13:13:02] District User -> FPS Edit -> Leh@pds| ABGH
[2025-10-08 13:13:02] District User -> FPS Edit -> Leh@pds| ABGH
[2025-10-08 13:13:02] District User -> FPS Edit -> Leh@pds| ABGH
[2025-10-08 13:13:02] District User -> FPS Edit -> Leh@pds| ABGH
[2025-10-08 13:13:02] District User -> FPS Edit -> Leh@pds| ABGH
[2025-10-08 13:13:02] District User -> FPS Edit -> Leh@pds| ABGH
[2025-10-08 13:13:02] District User -> FPS Edit -> Leh@pds| ABGH
[2025-10-08 13:13:02] District User -> FPS Edit -> Leh@pds| ABGH
[2025-10-08 13:13:02] District User -> FPS Edit -> Leh@pds| ABGH
[2025-10-08 13:13:02] District User -> FPS Edit -> Leh@pds| ABGH
[2025-10-08 13:13:02] District User -> FPS Edit -> Leh@pds| ABGH
[2025-10-08 13:13:02] District User -> FPS Edit -> Leh@pds| ABGH
[2025-10-08 13:13:02] District User -> FPS Edit -> Leh@pds| ABGH
[2025-10-08 13:13:02] District User -> FPS Edit -> Leh@pds| ABGH
[2025-10-08 13:13:02] District User -> FPS Edit -> Leh@pds| ABGH
[2025-10-08 13:13:02] District User -> FPS Edit -> Leh@pds| ABGH
[2025-10-08 13:13:02] District User -> FPS Edit -> Leh@pds| ABGH
[2025-10-08 13:13:02] District User -> FPS Edit -> Leh@pds| ABGH
[2025-10-08 13:13:02] District User -> FPS Edit -> Leh@pds| ABGH
[2025-10-08 13:13:02] District User -> FPS Edit -> Leh@pds| ABGH
[2025-10-08 13:13:02] District User -> FPS Edit -> Leh@pds| ABGH
[2025-10-08 13:13:02] District User -> FPS Edit -> Leh@pds| ABGH
[2025-10-08 13:13:02] District User -> FPS Edit -> Leh@pds| ABGH
[2025-10-08 13:13:02] District User -> FPS Edit -> Leh@pds| ABGH
[2025-10-08 13:13:02] District User -> FPS Edit -> Leh@pds| ABGH
[2025-10-08 13:13:02] District User -> FPS Edit -> Leh@pds| ABGH
[2025-10-08 13:13:02] District User -> FPS Edit -> Leh@pds| ABGH
[2025-10-08 13:13:02] District User -> FPS Edit -> Leh@pds| ABGH
[2025-10-08 13:13:02] District User -> FPS Edit -> Leh@pds| ABGH
[2025-10-08 13:13:02] District User -> FPS Edit -> Leh@pds| ABGH
[2025-10-08 13:13:02] District User -> FPS Edit -> Leh@pds| ABGH
[2025-10-08 13:13:02] District User -> FPS Edit -> Leh@pds| ABGH
[2025-10-08 13:13:02] District User -> FPS Edit -> Leh@pds| ABGH
[2025-10-08 13:13:02] District User -> FPS Edit -> Leh@pds| ABGH
[2025-10-08 13:13:02] District User -> FPS Edit -> Leh@pds| ABGH
[2025-10-08 13:13:02] District User -> FPS Edit -> Leh@pds| ABGH
[2025-10-08 13:13:02] District User -> FPS Edit -> Leh@pds| ABGH
[2025-10-08 13:13:02] District User -> FPS Edit -> Leh@pds| ABGH
[2025-10-08 13:13:02] District User -> FPS Edit -> Leh@pds| ABGH
[2025-10-08 13:13:02] District User -> FPS Edit -> Leh@pds| ABGH
[2025-10-08 13:13:02] District User -> FPS Edit -> Leh@pds| ABGH
[2025-10-08 13:13:02] District User -> FPS Edit -> Leh@pds| ABGH
[2025-10-08 13:13:02] District User -> FPS Edit -> Leh@pds| ABGH
[2025-10-08 13:13:02] District User -> FPS Edit -> Leh@pds| ABGH
[2025-10-08 13:13:02] District User -> FPS Edit -> Leh@pds| ABGH
[2025-10-08 13:13:02] District User -> FPS Edit -> Leh@pds| ABGH
[2025-10-08 13:13:02] District User -> FPS Edit -> Leh@pds| ABGH
[2025-10-08 13:13:02] District User -> FPS Edit -> Leh@pds| ABGH
[2025-10-08 13:13:02] District User -> FPS Edit -> Leh@pds| ABGH
[2025-10-08 13:13:02] District User -> FPS Edit -> Leh@pds| ABGH
[2025-10-08 13:13:02] District User -> FPS Edit -> Leh@pds| ABGH
[2025-10-08 13:13:02] District User -> FPS Edit -> Leh@pds| ABGH
[2025-10-08 13:13:02] District User -> FPS Edit -> Leh@pds| ABGH
[2025-10-08 13:13:02] District User -> FPS Edit -> Leh@pds| ABGH
[2025-10-08 13:13:02] District User -> FPS Edit -> Leh@pds| ABGH
[2025-10-08 13:13:02] District User -> FPS Edit -> Leh@pds| ABGH
[2025-10-08 13:13:02] District User -> FPS Edit -> Leh@pds| ABGH
[2025-10-08 13:13:02] District User -> FPS Edit -> Leh@pds| ABGH
[2025-10-08 13:13:02] District User -> FPS Edit -> Leh@pds| ABGH
[2025-10-08 13:13:02] District User -> FPS Edit -> Leh@pds| ABGH
[2025-10-08 13:13:02] District User -> FPS Edit -> Leh@pds| ABGH
[2025-10-08 13:13:02] District User -> FPS Edit -> Leh@pds| ABGH
[2025-10-08 13:13:02] District User -> FPS Edit -> Leh@pds| ABGH
[2025-10-08 13:13:02] District User -> FPS Edit -> Leh@pds| ABGH
[2025-10-08 13:13:02] District User -> FPS Edit -> Leh@pds| ABGH
[2025-10-08 13:13:02] District User -> FPS Edit -> Leh@pds| ABGH
[2025-10-08 13:13:02] District User -> FPS Edit -> Leh@pds| ABGH
[2025-10-08 13:13:02] District User -> FPS Edit -> Leh@pds| ABGH
[2025-10-08 13:13:02] District User -> FPS Edit -> Leh@pds| ABGH
[2025-10-08 13:13:02] District User -> FPS Edit -> Leh@pds| ABGH
[2025-10-08 13:13:02] District User -> FPS Edit -> Leh@pds| ABGH
[2025-10-08 13:13:02] District User -> FPS Edit -> Leh@pds| ABGH
[2025-10-08 13:13:02] District User -> FPS Edit -> Leh@pds| ABGH
[2025-10-08 13:13:02] District User -> FPS Edit -> Leh@pds| ABGH
[2025-10-08 13:13:02] District User -> FPS Edit -> Leh@pds| ABGH
[2025-10-08 13:13:02] District User -> FPS Edit -> Leh@pds| ABGH
[2025-10-08 13:13:02] District User -> FPS Edit -> Leh@pds| ABGH
[2025-10-08 13:13:02] District User -> FPS Edit -> Leh@pds| ABGH
[2025-10-08 13:13:02] District User -> FPS Edit -> Leh@pds| ABGH
[2025-10-08 13:13:02] District User -> FPS Edit -> Leh@pds| ABGH
[2025-10-08 13:13:02] District User -> FPS Edit -> Leh@pds| ABGH
[2025-10-08 13:13:02] District User -> FPS Edit -> Leh@pds| ABGH
[2025-10-08 13:13:02] District User -> FPS Edit -> Leh@pds| ABGH
[2025-10-08 13:13:02] District User -> FPS Edit -> Leh@pds| ABGH
[2025-10-08 13:13:02] District User -> FPS Edit -> Leh@pds| ABGH
[2025-10-08 13:13:02] District User -> FPS Edit -> Leh@pds| ABGH
[2025-10-08 13:13:02] District User -> FPS Edit -> Leh@pds| ABGH
[2025-10-08 13:13:02] District User -> FPS Edit -> Leh@pds| ABGH
[2025-10-08 13:13:02] District User -> FPS Edit -> Leh@pds| ABGH
[2025-10-08 13:13:02] District User -> FPS Edit -> Leh@pds| ABGH
[2025-10-08 15:01:25] District_User -> Mill added ->Leh@pds|
Requested JSON -> {"name":"fgh","latitude":"12","longitude":"10","district":"Leh","id":"786","demand":"5467","demand_rice":"67"}
[2025-10-08 15:01:50] District User ->Mill Edit->Leh@pds|
Requested JSON -> {"name":"fghggg","uniqueid":"DCP_68e62f6d8fd","active":"1","type":"fgf","latitude":"12","longitude":"10","district":"Leh","id":"786","demand":"5467","demand_rice":"67"}
[2025-10-08 15:02:09] District User -> Mill deleted -> Leh@pds| Requested JSON -> {"uid":"DCP_68e62f6d8fd"} | Fghggg
[2025-10-08 15:02:26] District User -> Mill deleted -> Leh@pds| Requested JSON -> {"uid":"all"} | all
[2025-10-08 15:02:36] District User -> Mill Added -> Leh@pds| Kangrimill
[2025-10-08 15:02:36] District User -> Mill Added -> Leh@pds| Atta Storesuru Valley Rf Mill
[2025-10-08 15:02:36] District User -> Mill Added -> Leh@pds| hhhhhhh
[2025-10-08 15:02:36] District User -> Mill Added -> Leh@pds| rrrr
[2025-10-08 15:03:03] District User -> Mill Edit -> Leh@pds| Kangrimill
[2025-10-08 15:03:03] District User -> Mill Edit -> Leh@pds| Atta Storesuru Valley Rf Mill
[2025-10-08 15:03:03] District User -> Mill Edit -> Leh@pds| hhhhhhh
[2025-10-08 15:03:03] District User -> Mill Edit -> Leh@pds| rrrr
[2025-10-08 15:04:39] District User ->Mill Edit->Leh@pds|
Requested JSON -> {"name":"rrrruuuu","uniqueid":"DCP_68e62fb4033","active":"1","type":"uuu","latitude":"12","longitude":"11","district":"Leh","id":"56","demand":"343","demand_rice":"22"}
[2025-10-08 15:04:55] District User -> Mill deleted -> Leh@pds| Requested JSON -> {"uid":"DCP_68e62fb4033"} | Rrrruuuu
[2025-10-08 15:05:32] District_User -> Mill added ->Leh@pds|
Requested JSON -> {"name":"dsfgfdg","latitude":"12","longitude":"10","district":"Leh","id":"456","demand":"78","demand_rice":"89"}
[2025-10-08 15:05:49] District User -> Mill deleted -> Leh@pds| Requested JSON -> {"uid":"DCP_68e63064534"} | dsfgfdg
[2025-10-08 15:06:05] District User -> Mill deleted -> Leh@pds| Requested JSON -> {"uid":"all"} | all
[2025-10-08 15:07:33] District User -> Mill Added -> Leh@pds| Kangrimill
[2025-10-08 15:07:33] District User -> Mill Added -> Leh@pds| Atta Storesuru Valley Rf Mill
[2025-10-08 15:07:33] District User -> Mill Added -> Leh@pds| hhhhhhh
[2025-10-08 15:07:33] District User -> Mill Added -> Leh@pds| rrrr
[2025-10-08 15:08:03] District User -> Mill Edit -> Leh@pds| Kangrimill
[2025-10-08 15:08:03] District User -> Mill Edit -> Leh@pds| Atta Storesuru Valley Rf Mill
[2025-10-08 15:08:03] District User -> Mill Edit -> Leh@pds| hhhhhhh
[2025-10-08 15:08:03] District User -> Mill Edit -> Leh@pds| rrrr
[2025-10-08 15:09:04] District_User -> Warehouse added ->Leh@pds|
Requested JSON -> {"name":"kkkkk","type":"motorable","latitude":"14","storage":"10","district":"Leh","id":"45688","warehousetype":"swc","longitude":"34"}
[2025-10-08 15:09:29] District User -> Warehouse Edit->Leh@pds|
Requested JSON -> {"name":"Kkkkkuuuu","uniqueid":"WH_68e6313837d9","active":"1","type":"motorable","latitude":"14","storage":"10","district":"Leh","id":"45688","warehousetype":"swc","longitude":"34"}
[2025-10-08 15:09:50] District User -> Warehouse deleted -> Leh@pds| Requested JSON -> {"uid":"WH_68e6313837d9"} | Kkkkkuuuu
[2025-10-08 15:10:06] District User -> Warehouse deleted -> Leh@pds| Requested JSON -> {"uid":"all"} | all
[2025-10-08 15:10:37] District User -> Warehouse Added -> Leh@pds| G_Rice_A/B
[2025-10-08 15:10:37] District User -> Warehouse Added -> Leh@pds| Dddddd
[2025-10-08 15:10:37] District User -> Warehouse Added -> Leh@pds| Fgfghhh
[2025-10-08 15:11:06] District User -> Warehouse Edit -> Leh@pds| G_Rice_A/B
[2025-10-08 15:11:06] District User -> Warehouse Edit -> Leh@pds| Dddddd
[2025-10-08 15:11:06] District User -> Warehouse Edit -> Leh@pds| Fgfghhh
[2025-10-08 15:12:04] District User -> FPS added ->Leh@pds|
Requested JSON -> {"name":"Akkkkkkk","type":"Model FPS","latitude":"12","longitude":"10","district":"Leh","id":"66666","demand":"56767","demand_rice":"89","demand_frice":"7.91"}
[2025-10-08 15:12:54] District User -> FPS Edit->Leh@pds|
Requested JSON -> {"name":"Akkkkkkklllllllllllllllll","uniqueid":"FPS_68e631ec635","active":"1","type":"Model FPS","latitude":"12","longitude":"10","district":"Leh","id":"66666","demand":"56767","demand_rice":"89","demand_frice":"7.91"}
[2025-10-08 15:13:08] district_user -> FPS deleted -> Leh@pds|
Requested JSON -> {"uid":"FPS_68e631ec635"} | Akkkkkkklllllllllllllllll
[2025-10-08 15:13:30] district_user -> FPS deleted -> Leh@pds|
Requested JSON -> {"uid":"all"} | all
[2025-10-08 15:14:06] District User -> FPS Added -> Leh@pds| ABGH
[2025-10-08 15:14:06] District User -> FPS Added -> Leh@pds| ABGH
[2025-10-08 15:14:06] District User -> FPS Added -> Leh@pds| ABGH
[2025-10-08 15:14:06] District User -> FPS Added -> Leh@pds| ABGH
[2025-10-08 15:14:06] District User -> FPS Added -> Leh@pds| ABGH
[2025-10-08 15:14:06] District User -> FPS Added -> Leh@pds| ABGH
[2025-10-08 15:14:06] District User -> FPS Added -> Leh@pds| ABGH
[2025-10-08 15:14:06] District User -> FPS Added -> Leh@pds| ABGH
[2025-10-08 15:14:06] District User -> FPS Added -> Leh@pds| ABGH
[2025-10-08 15:14:06] District User -> FPS Added -> Leh@pds| ABGH
[2025-10-08 15:14:06] District User -> FPS Added -> Leh@pds| ABGH
[2025-10-08 15:14:06] District User -> FPS Added -> Leh@pds| ABGH
[2025-10-08 15:14:06] District User -> FPS Added -> Leh@pds| ABGH
[2025-10-08 15:14:06] District User -> FPS Added -> Leh@pds| ABGH
[2025-10-08 15:14:06] District User -> FPS Added -> Leh@pds| ABGH
[2025-10-08 15:14:06] District User -> FPS Added -> Leh@pds| ABGH
[2025-10-08 15:14:06] District User -> FPS Added -> Leh@pds| ABGH
[2025-10-08 15:14:06] District User -> FPS Added -> Leh@pds| ABGH
[2025-10-08 15:14:06] District User -> FPS Added -> Leh@pds| ABGH
[2025-10-08 15:14:06] District User -> FPS Added -> Leh@pds| ABGH
[2025-10-08 15:14:06] District User -> FPS Added -> Leh@pds| ABGH
[2025-10-08 15:14:06] District User -> FPS Added -> Leh@pds| ABGH
[2025-10-08 15:14:06] District User -> FPS Added -> Leh@pds| ABGH
[2025-10-08 15:14:06] District User -> FPS Added -> Leh@pds| ABGH
[2025-10-08 15:14:06] District User -> FPS Added -> Leh@pds| ABGH
[2025-10-08 15:14:06] District User -> FPS Added -> Leh@pds| ABGH
[2025-10-08 15:14:06] District User -> FPS Added -> Leh@pds| ABGH
[2025-10-08 15:14:06] District User -> FPS Added -> Leh@pds| ABGH
[2025-10-08 15:14:06] District User -> FPS Added -> Leh@pds| ABGH
[2025-10-08 15:14:06] District User -> FPS Added -> Leh@pds| ABGH
[2025-10-08 15:14:06] District User -> FPS Added -> Leh@pds| ABGH
[2025-10-08 15:14:06] District User -> FPS Added -> Leh@pds| ABGH
[2025-10-08 15:14:06] District User -> FPS Added -> Leh@pds| ABGH
[2025-10-08 15:14:06] District User -> FPS Added -> Leh@pds| ABGH
[2025-10-08 15:14:06] District User -> FPS Added -> Leh@pds| ABGH
[2025-10-08 15:14:06] District User -> FPS Added -> Leh@pds| ABGH
[2025-10-08 15:14:06] District User -> FPS Added -> Leh@pds| ABGH
[2025-10-08 15:14:06] District User -> FPS Added -> Leh@pds| ABGH
[2025-10-08 15:14:06] District User -> FPS Added -> Leh@pds| ABGH
[2025-10-08 15:14:06] District User -> FPS Added -> Leh@pds| ABGH
[2025-10-08 15:14:06] District User -> FPS Added -> Leh@pds| ABGH
[2025-10-08 15:14:06] District User -> FPS Added -> Leh@pds| ABGH
[2025-10-08 15:14:06] District User -> FPS Added -> Leh@pds| ABGH
[2025-10-08 15:14:06] District User -> FPS Added -> Leh@pds| ABGH
[2025-10-08 15:14:06] District User -> FPS Added -> Leh@pds| ABGH
[2025-10-08 15:14:06] District User -> FPS Added -> Leh@pds| ABGH
[2025-10-08 15:14:06] District User -> FPS Added -> Leh@pds| ABGH
[2025-10-08 15:14:06] District User -> FPS Added -> Leh@pds| ABGH
[2025-10-08 15:14:06] District User -> FPS Added -> Leh@pds| ABGH
[2025-10-08 15:14:06] District User -> FPS Added -> Leh@pds| ABGH
[2025-10-08 15:14:06] District User -> FPS Added -> Leh@pds| ABGH
[2025-10-08 15:14:06] District User -> FPS Added -> Leh@pds| ABGH
[2025-10-08 15:14:06] District User -> FPS Added -> Leh@pds| ABGH
[2025-10-08 15:14:06] District User -> FPS Added -> Leh@pds| ABGH
[2025-10-08 15:14:06] District User -> FPS Added -> Leh@pds| ABGH
[2025-10-08 15:14:06] District User -> FPS Added -> Leh@pds| ABGH
[2025-10-08 15:14:06] District User -> FPS Added -> Leh@pds| ABGH
[2025-10-08 15:14:06] District User -> FPS Added -> Leh@pds| ABGH
[2025-10-08 15:14:06] District User -> FPS Added -> Leh@pds| ABGH
[2025-10-08 15:14:06] District User -> FPS Added -> Leh@pds| ABGH
[2025-10-08 15:14:06] District User -> FPS Added -> Leh@pds| ABGH
[2025-10-08 15:14:06] District User -> FPS Added -> Leh@pds| ABGH
[2025-10-08 15:14:06] District User -> FPS Added -> Leh@pds| ABGH
[2025-10-08 15:14:06] District User -> FPS Added -> Leh@pds| ABGH
[2025-10-08 15:14:06] District User -> FPS Added -> Leh@pds| ABGH
[2025-10-08 15:14:06] District User -> FPS Added -> Leh@pds| ABGH
[2025-10-08 15:14:06] District User -> FPS Added -> Leh@pds| ABGH
[2025-10-08 15:14:06] District User -> FPS Added -> Leh@pds| ABGH
[2025-10-08 15:14:06] District User -> FPS Added -> Leh@pds| ABGH
[2025-10-08 15:14:06] District User -> FPS Added -> Leh@pds| ABGH
[2025-10-08 15:14:06] District User -> FPS Added -> Leh@pds| ABGH
[2025-10-08 15:14:06] District User -> FPS Added -> Leh@pds| ABGH
[2025-10-08 15:14:06] District User -> FPS Added -> Leh@pds| ABGH
[2025-10-08 15:14:06] District User -> FPS Added -> Leh@pds| ABGH
[2025-10-08 15:14:06] District User -> FPS Added -> Leh@pds| ABGH
[2025-10-08 15:14:06] District User -> FPS Added -> Leh@pds| ABGH
[2025-10-08 15:14:06] District User -> FPS Added -> Leh@pds| ABGH
[2025-10-08 15:14:06] District User -> FPS Added -> Leh@pds| ABGH
[2025-10-08 15:14:06] District User -> FPS Added -> Leh@pds| ABGH
[2025-10-08 15:14:06] District User -> FPS Added -> Leh@pds| ABGH
[2025-10-08 15:14:06] District User -> FPS Added -> Leh@pds| ABGH
[2025-10-08 15:14:06] District User -> FPS Added -> Leh@pds| ABGH
[2025-10-08 15:14:06] District User -> FPS Added -> Leh@pds| ABGH
[2025-10-08 15:14:06] District User -> FPS Added -> Leh@pds| ABGH
[2025-10-08 15:14:06] District User -> FPS Added -> Leh@pds| ABGH
[2025-10-08 15:14:06] District User -> FPS Added -> Leh@pds| ABGH
[2025-10-08 15:14:06] District User -> FPS Added -> Leh@pds| ABGH
[2025-10-08 15:14:06] District User -> FPS Added -> Leh@pds| ABGH
[2025-10-08 15:14:06] District User -> FPS Added -> Leh@pds| ABGH
[2025-10-08 15:14:06] District User -> FPS Added -> Leh@pds| ABGH
[2025-10-08 15:14:06] District User -> FPS Added -> Leh@pds| ABGH
[2025-10-08 15:14:06] District User -> FPS Added -> Leh@pds| ABGH
[2025-10-08 15:14:06] District User -> FPS Added -> Leh@pds| ABGH
[2025-10-08 15:14:06] District User -> FPS Added -> Leh@pds| ABGH
[2025-10-08 15:14:06] District User -> FPS Added -> Leh@pds| ABGH
[2025-10-08 15:14:06] District User -> FPS Added -> Leh@pds| ABGH
[2025-10-08 15:14:06] District User -> FPS Added -> Leh@pds| ABGH
[2025-10-08 15:14:06] District User -> FPS Added -> Leh@pds| ABGH
[2025-10-08 15:14:06] District User -> FPS Added -> Leh@pds| ABGH
[2025-10-08 15:14:06] District User -> FPS Added -> Leh@pds| ABGH
[2025-10-08 15:14:06] District User -> FPS Added -> Leh@pds| ABGH
[2025-10-08 15:14:06] District User -> FPS Added -> Leh@pds| ABGH
[2025-10-08 15:14:06] District User -> FPS Added -> Leh@pds| ABGH
[2025-10-08 15:14:06] District User -> FPS Added -> Leh@pds| ABGH
[2025-10-08 15:14:06] District User -> FPS Added -> Leh@pds| ABGH
[2025-10-08 15:14:06] District User -> FPS Added -> Leh@pds| ABGH
[2025-10-08 15:14:06] District User -> FPS Added -> Leh@pds| ABGH
[2025-10-08 15:14:06] District User -> FPS Added -> Leh@pds| ABGH
[2025-10-08 15:14:06] District User -> FPS Added -> Leh@pds| ABGH
[2025-10-08 15:14:06] District User -> FPS Added -> Leh@pds| ABGH
[2025-10-08 15:14:06] District User -> FPS Added -> Leh@pds| ABGH
[2025-10-08 15:14:06] District User -> FPS Added -> Leh@pds| ABGH
[2025-10-08 15:14:06] District User -> FPS Added -> Leh@pds| ABGH
[2025-10-08 15:14:06] District User -> FPS Added -> Leh@pds| ABGH
[2025-10-08 15:14:06] District User -> FPS Added -> Leh@pds| ABGH
[2025-10-08 15:14:06] District User -> FPS Added -> Leh@pds| ABGH
[2025-10-08 15:14:06] District User -> FPS Added -> Leh@pds| ABGH
[2025-10-08 15:14:06] District User -> FPS Added -> Leh@pds| ABGH
[2025-10-08 15:14:06] District User -> FPS Added -> Leh@pds| ABGH
[2025-10-08 15:14:06] District User -> FPS Added -> Leh@pds| ABGH
[2025-10-08 15:14:06] District User -> FPS Added -> Leh@pds| ABGH
[2025-10-08 15:14:06] District User -> FPS Added -> Leh@pds| ABGH
[2025-10-08 15:14:06] District User -> FPS Added -> Leh@pds| ABGH
[2025-10-08 15:14:06] District User -> FPS Added -> Leh@pds| ABGH
[2025-10-08 15:14:06] District User -> FPS Added -> Leh@pds| ABGH
[2025-10-08 15:14:06] District User -> FPS Added -> Leh@pds| ABGH
[2025-10-08 15:14:06] District User -> FPS Added -> Leh@pds| ABGH
[2025-10-08 15:14:06] District User -> FPS Added -> Leh@pds| ABGH
[2025-10-08 15:14:06] District User -> FPS Added -> Leh@pds| ABGH
[2025-10-08 15:14:06] District User -> FPS Added -> Leh@pds| ABGH
[2025-10-08 15:14:06] District User -> FPS Added -> Leh@pds| ABGH
[2025-10-08 15:14:06] District User -> FPS Added -> Leh@pds| ABGH
[2025-10-08 15:14:06] District User -> FPS Added -> Leh@pds| ABGH
[2025-10-08 15:14:06] District User -> FPS Added -> Leh@pds| ABGH
[2025-10-08 15:14:06] District User -> FPS Added -> Leh@pds| ABGH
[2025-10-08 15:14:06] District User -> FPS Added -> Leh@pds| ABGH
[2025-10-08 15:14:07] District User -> FPS Added -> Leh@pds| ABGH
[2025-10-08 15:14:07] District User -> FPS Added -> Leh@pds| ABGH
[2025-10-08 15:14:07] District User -> FPS Added -> Leh@pds| ABGH
[2025-10-08 15:14:07] District User -> FPS Added -> Leh@pds| ABGH
[2025-10-08 15:14:07] District User -> FPS Added -> Leh@pds| ABGH
[2025-10-08 15:14:07] District User -> FPS Added -> Leh@pds| ABGH
[2025-10-08 15:14:07] District User -> FPS Added -> Leh@pds| ABGH
[2025-10-08 15:14:07] District User -> FPS Added -> Leh@pds| ABGH
[2025-10-08 15:14:07] District User -> FPS Added -> Leh@pds| ABGH
[2025-10-08 15:14:07] District User -> FPS Added -> Leh@pds| ABGH
[2025-10-08 15:14:07] District User -> FPS Added -> Leh@pds| ABGH
[2025-10-08 15:14:07] District User -> FPS Added -> Leh@pds| ABGH
[2025-10-08 15:14:07] District User -> FPS Added -> Leh@pds| ABGH
[2025-10-08 15:14:07] District User -> FPS Added -> Leh@pds| ABGH
[2025-10-08 15:14:07] District User -> FPS Added -> Leh@pds| ABGH
[2025-10-08 15:14:07] District User -> FPS Added -> Leh@pds| ABGH
[2025-10-08 15:14:07] District User -> FPS Added -> Leh@pds| ABGH
[2025-10-08 15:14:07] District User -> FPS Added -> Leh@pds| ABGH
[2025-10-08 15:14:07] District User -> FPS Added -> Leh@pds| ABGH
[2025-10-08 15:14:07] District User -> FPS Added -> Leh@pds| ABGH
[2025-10-08 15:14:07] District User -> FPS Added -> Leh@pds| ABGH
[2025-10-08 15:14:07] District User -> FPS Added -> Leh@pds| ABGH
[2025-10-08 15:14:07] District User -> FPS Added -> Leh@pds| ABGH
[2025-10-08 15:14:07] District User -> FPS Added -> Leh@pds| ABGH
[2025-10-08 15:14:07] District User -> FPS Added -> Leh@pds| ABGH
[2025-10-08 15:14:07] District User -> FPS Added -> Leh@pds| ABGH
[2025-10-08 15:14:07] District User -> FPS Added -> Leh@pds| ABGH
[2025-10-08 15:14:07] District User -> FPS Added -> Leh@pds| ABGH
[2025-10-08 15:14:07] District User -> FPS Added -> Leh@pds| ABGH
[2025-10-08 15:14:07] District User -> FPS Added -> Leh@pds| ABGH
[2025-10-08 15:14:07] District User -> FPS Added -> Leh@pds| ABGH
[2025-10-08 15:14:07] District User -> FPS Added -> Leh@pds| ABGH
[2025-10-08 15:14:07] District User -> FPS Added -> Leh@pds| ABGH
[2025-10-08 15:14:07] District User -> FPS Added -> Leh@pds| ABGH
[2025-10-08 15:14:07] District User -> FPS Added -> Leh@pds| ABGH
[2025-10-08 15:14:07] District User -> FPS Added -> Leh@pds| ABGH
[2025-10-08 15:14:07] District User -> FPS Added -> Leh@pds| ABGH
[2025-10-08 15:14:07] District User -> FPS Added -> Leh@pds| ABGH
[2025-10-08 15:14:07] District User -> FPS Added -> Leh@pds| ABGH
[2025-10-08 15:14:07] District User -> FPS Added -> Leh@pds| ABGH
[2025-10-08 15:14:07] District User -> FPS Added -> Leh@pds| ABGH
[2025-10-08 15:14:07] District User -> FPS Added -> Leh@pds| ABGH
[2025-10-08 15:14:07] District User -> FPS Added -> Leh@pds| ABGH
[2025-10-08 15:14:07] District User -> FPS Added -> Leh@pds| ABGH
[2025-10-08 15:14:07] District User -> FPS Added -> Leh@pds| ABGH
[2025-10-08 15:14:07] District User -> FPS Added -> Leh@pds| ABGH
[2025-10-08 15:14:07] District User -> FPS Added -> Leh@pds| ABGH
[2025-10-08 15:14:07] District User -> FPS Added -> Leh@pds| ABGH
[2025-10-08 15:14:07] District User -> FPS Added -> Leh@pds| ABGH
[2025-10-08 15:14:07] District User -> FPS Added -> Leh@pds| ABGH
[2025-10-08 15:14:07] District User -> FPS Added -> Leh@pds| ABGH
[2025-10-08 15:14:07] District User -> FPS Added -> Leh@pds| ABGH
[2025-10-08 15:14:07] District User -> FPS Added -> Leh@pds| ABGH
[2025-10-08 15:14:07] District User -> FPS Added -> Leh@pds| ABGH
[2025-10-08 15:14:07] District User -> FPS Added -> Leh@pds| ABGH
[2025-10-08 15:14:07] District User -> FPS Added -> Leh@pds| ABGH
[2025-10-08 15:14:07] District User -> FPS Added -> Leh@pds| ABGH
[2025-10-08 15:14:07] District User -> FPS Added -> Leh@pds| ABGH
[2025-10-08 15:14:07] District User -> FPS Added -> Leh@pds| ABGH
[2025-10-08 15:14:07] District User -> FPS Added -> Leh@pds| ABGH
[2025-10-08 15:14:07] District User -> FPS Added -> Leh@pds| ABGH
[2025-10-08 15:14:07] District User -> FPS Added -> Leh@pds| ABGH
[2025-10-08 15:14:07] District User -> FPS Added -> Leh@pds| ABGH
[2025-10-08 15:14:07] District User -> FPS Added -> Leh@pds| ABGH
[2025-10-08 15:14:07] District User -> FPS Added -> Leh@pds| ABGH
[2025-10-08 15:14:07] District User -> FPS Added -> Leh@pds| ABGH
[2025-10-08 15:14:07] District User -> FPS Added -> Leh@pds| ABGH
[2025-10-08 15:14:07] District User -> FPS Added -> Leh@pds| ABGH
[2025-10-08 15:14:07] District User -> FPS Added -> Leh@pds| ABGH
[2025-10-08 15:14:43] District User -> FPS Edit -> Leh@pds| ABGH
[2025-10-08 15:14:43] District User -> FPS Edit -> Leh@pds| ABGH
[2025-10-08 15:14:43] District User -> FPS Edit -> Leh@pds| ABGH
[2025-10-08 15:14:43] District User -> FPS Edit -> Leh@pds| ABGH
[2025-10-08 15:14:43] District User -> FPS Edit -> Leh@pds| ABGH
[2025-10-08 15:14:43] District User -> FPS Edit -> Leh@pds| ABGH
[2025-10-08 15:14:43] District User -> FPS Edit -> Leh@pds| ABGH
[2025-10-08 15:14:43] District User -> FPS Edit -> Leh@pds| ABGH
[2025-10-08 15:14:43] District User -> FPS Edit -> Leh@pds| ABGH
[2025-10-08 15:14:43] District User -> FPS Edit -> Leh@pds| ABGH
[2025-10-08 15:14:43] District User -> FPS Edit -> Leh@pds| ABGH
[2025-10-08 15:14:43] District User -> FPS Edit -> Leh@pds| ABGH
[2025-10-08 15:14:43] District User -> FPS Edit -> Leh@pds| ABGH
[2025-10-08 15:14:43] District User -> FPS Edit -> Leh@pds| ABGH
[2025-10-08 15:14:43] District User -> FPS Edit -> Leh@pds| ABGH
[2025-10-08 15:14:43] District User -> FPS Edit -> Leh@pds| ABGH
[2025-10-08 15:14:43] District User -> FPS Edit -> Leh@pds| ABGH
[2025-10-08 15:14:43] District User -> FPS Edit -> Leh@pds| ABGH
[2025-10-08 15:14:43] District User -> FPS Edit -> Leh@pds| ABGH
[2025-10-08 15:14:43] District User -> FPS Edit -> Leh@pds| ABGH
[2025-10-08 15:14:43] District User -> FPS Edit -> Leh@pds| ABGH
[2025-10-08 15:14:43] District User -> FPS Edit -> Leh@pds| ABGH
[2025-10-08 15:14:43] District User -> FPS Edit -> Leh@pds| ABGH
[2025-10-08 15:14:43] District User -> FPS Edit -> Leh@pds| ABGH
[2025-10-08 15:14:43] District User -> FPS Edit -> Leh@pds| ABGH
[2025-10-08 15:14:43] District User -> FPS Edit -> Leh@pds| ABGH
[2025-10-08 15:14:43] District User -> FPS Edit -> Leh@pds| ABGH
[2025-10-08 15:14:43] District User -> FPS Edit -> Leh@pds| ABGH
[2025-10-08 15:14:43] District User -> FPS Edit -> Leh@pds| ABGH
[2025-10-08 15:14:43] District User -> FPS Edit -> Leh@pds| ABGH
[2025-10-08 15:14:43] District User -> FPS Edit -> Leh@pds| ABGH
[2025-10-08 15:14:43] District User -> FPS Edit -> Leh@pds| ABGH
[2025-10-08 15:14:43] District User -> FPS Edit -> Leh@pds| ABGH
[2025-10-08 15:14:43] District User -> FPS Edit -> Leh@pds| ABGH
[2025-10-08 15:14:43] District User -> FPS Edit -> Leh@pds| ABGH
[2025-10-08 15:14:43] District User -> FPS Edit -> Leh@pds| ABGH
[2025-10-08 15:14:43] District User -> FPS Edit -> Leh@pds| ABGH
[2025-10-08 15:14:43] District User -> FPS Edit -> Leh@pds| ABGH
[2025-10-08 15:14:43] District User -> FPS Edit -> Leh@pds| ABGH
[2025-10-08 15:14:43] District User -> FPS Edit -> Leh@pds| ABGH
[2025-10-08 15:14:43] District User -> FPS Edit -> Leh@pds| ABGH
[2025-10-08 15:14:43] District User -> FPS Edit -> Leh@pds| ABGH
[2025-10-08 15:14:43] District User -> FPS Edit -> Leh@pds| ABGH
[2025-10-08 15:14:43] District User -> FPS Edit -> Leh@pds| ABGH
[2025-10-08 15:14:43] District User -> FPS Edit -> Leh@pds| ABGH
[2025-10-08 15:14:43] District User -> FPS Edit -> Leh@pds| ABGH
[2025-10-08 15:14:43] District User -> FPS Edit -> Leh@pds| ABGH
[2025-10-08 15:14:43] District User -> FPS Edit -> Leh@pds| ABGH
[2025-10-08 15:14:43] District User -> FPS Edit -> Leh@pds| ABGH
[2025-10-08 15:14:43] District User -> FPS Edit -> Leh@pds| ABGH
[2025-10-08 15:14:43] District User -> FPS Edit -> Leh@pds| ABGH
[2025-10-08 15:14:43] District User -> FPS Edit -> Leh@pds| ABGH
[2025-10-08 15:14:43] District User -> FPS Edit -> Leh@pds| ABGH
[2025-10-08 15:14:43] District User -> FPS Edit -> Leh@pds| ABGH
[2025-10-08 15:14:43] District User -> FPS Edit -> Leh@pds| ABGH
[2025-10-08 15:14:43] District User -> FPS Edit -> Leh@pds| ABGH
[2025-10-08 15:14:43] District User -> FPS Edit -> Leh@pds| ABGH
[2025-10-08 15:14:43] District User -> FPS Edit -> Leh@pds| ABGH
[2025-10-08 15:14:43] District User -> FPS Edit -> Leh@pds| ABGH
[2025-10-08 15:14:43] District User -> FPS Edit -> Leh@pds| ABGH
[2025-10-08 15:14:43] District User -> FPS Edit -> Leh@pds| ABGH
[2025-10-08 15:14:43] District User -> FPS Edit -> Leh@pds| ABGH
[2025-10-08 15:14:43] District User -> FPS Edit -> Leh@pds| ABGH
[2025-10-08 15:14:43] District User -> FPS Edit -> Leh@pds| ABGH
[2025-10-08 15:14:43] District User -> FPS Edit -> Leh@pds| ABGH
[2025-10-08 15:14:43] District User -> FPS Edit -> Leh@pds| ABGH
[2025-10-08 15:14:43] District User -> FPS Edit -> Leh@pds| ABGH
[2025-10-08 15:14:43] District User -> FPS Edit -> Leh@pds| ABGH
[2025-10-08 15:14:43] District User -> FPS Edit -> Leh@pds| ABGH
[2025-10-08 15:14:43] District User -> FPS Edit -> Leh@pds| ABGH
[2025-10-08 15:14:43] District User -> FPS Edit -> Leh@pds| ABGH
[2025-10-08 15:14:43] District User -> FPS Edit -> Leh@pds| ABGH
[2025-10-08 15:14:43] District User -> FPS Edit -> Leh@pds| ABGH
[2025-10-08 15:14:43] District User -> FPS Edit -> Leh@pds| ABGH
[2025-10-08 15:14:43] District User -> FPS Edit -> Leh@pds| ABGH
[2025-10-08 15:14:43] District User -> FPS Edit -> Leh@pds| ABGH
[2025-10-08 15:14:43] District User -> FPS Edit -> Leh@pds| ABGH
[2025-10-08 15:14:43] District User -> FPS Edit -> Leh@pds| ABGH
[2025-10-08 15:14:43] District User -> FPS Edit -> Leh@pds| ABGH
[2025-10-08 15:14:43] District User -> FPS Edit -> Leh@pds| ABGH
[2025-10-08 15:14:43] District User -> FPS Edit -> Leh@pds| ABGH
[2025-10-08 15:14:43] District User -> FPS Edit -> Leh@pds| ABGH
[2025-10-08 15:14:43] District User -> FPS Edit -> Leh@pds| ABGH
[2025-10-08 15:14:43] District User -> FPS Edit -> Leh@pds| ABGH
[2025-10-08 15:14:43] District User -> FPS Edit -> Leh@pds| ABGH
[2025-10-08 15:14:43] District User -> FPS Edit -> Leh@pds| ABGH
[2025-10-08 15:14:43] District User -> FPS Edit -> Leh@pds| ABGH
[2025-10-08 15:14:43] District User -> FPS Edit -> Leh@pds| ABGH
[2025-10-08 15:14:43] District User -> FPS Edit -> Leh@pds| ABGH
[2025-10-08 15:14:43] District User -> FPS Edit -> Leh@pds| ABGH
[2025-10-08 15:14:43] District User -> FPS Edit -> Leh@pds| ABGH
[2025-10-08 15:14:43] District User -> FPS Edit -> Leh@pds| ABGH
[2025-10-08 15:14:43] District User -> FPS Edit -> Leh@pds| ABGH
[2025-10-08 15:14:43] District User -> FPS Edit -> Leh@pds| ABGH
[2025-10-08 15:14:43] District User -> FPS Edit -> Leh@pds| ABGH
[2025-10-08 15:14:43] District User -> FPS Edit -> Leh@pds| ABGH
[2025-10-08 15:14:43] District User -> FPS Edit -> Leh@pds| ABGH
[2025-10-08 15:14:43] District User -> FPS Edit -> Leh@pds| ABGH
[2025-10-08 15:14:43] District User -> FPS Edit -> Leh@pds| ABGH
[2025-10-08 15:14:43] District User -> FPS Edit -> Leh@pds| ABGH
[2025-10-08 15:14:43] District User -> FPS Edit -> Leh@pds| ABGH
[2025-10-08 15:14:43] District User -> FPS Edit -> Leh@pds| ABGH
[2025-10-08 15:14:43] District User -> FPS Edit -> Leh@pds| ABGH
[2025-10-08 15:14:43] District User -> FPS Edit -> Leh@pds| ABGH
[2025-10-08 15:14:43] District User -> FPS Edit -> Leh@pds| ABGH
[2025-10-08 15:14:43] District User -> FPS Edit -> Leh@pds| ABGH
[2025-10-08 15:14:43] District User -> FPS Edit -> Leh@pds| ABGH
[2025-10-08 15:14:43] District User -> FPS Edit -> Leh@pds| ABGH
[2025-10-08 15:14:43] District User -> FPS Edit -> Leh@pds| ABGH
[2025-10-08 15:14:43] District User -> FPS Edit -> Leh@pds| ABGH
[2025-10-08 15:14:43] District User -> FPS Edit -> Leh@pds| ABGH
[2025-10-08 15:14:43] District User -> FPS Edit -> Leh@pds| ABGH
[2025-10-08 15:14:43] District User -> FPS Edit -> Leh@pds| ABGH
[2025-10-08 15:14:43] District User -> FPS Edit -> Leh@pds| ABGH
[2025-10-08 15:14:43] District User -> FPS Edit -> Leh@pds| ABGH
[2025-10-08 15:14:43] District User -> FPS Edit -> Leh@pds| ABGH
[2025-10-08 15:14:43] District User -> FPS Edit -> Leh@pds| ABGH
[2025-10-08 15:14:43] District User -> FPS Edit -> Leh@pds| ABGH
[2025-10-08 15:14:43] District User -> FPS Edit -> Leh@pds| ABGH
[2025-10-08 15:14:43] District User -> FPS Edit -> Leh@pds| ABGH
[2025-10-08 15:14:43] District User -> FPS Edit -> Leh@pds| ABGH
[2025-10-08 15:14:43] District User -> FPS Edit -> Leh@pds| ABGH
[2025-10-08 15:14:43] District User -> FPS Edit -> Leh@pds| ABGH
[2025-10-08 15:14:43] District User -> FPS Edit -> Leh@pds| ABGH
[2025-10-08 15:14:43] District User -> FPS Edit -> Leh@pds| ABGH
[2025-10-08 15:14:43] District User -> FPS Edit -> Leh@pds| ABGH
[2025-10-08 15:14:43] District User -> FPS Edit -> Leh@pds| ABGH
[2025-10-08 15:14:43] District User -> FPS Edit -> Leh@pds| ABGH
[2025-10-08 15:14:43] District User -> FPS Edit -> Leh@pds| ABGH
[2025-10-08 15:14:43] District User -> FPS Edit -> Leh@pds| ABGH
[2025-10-08 15:14:43] District User -> FPS Edit -> Leh@pds| ABGH
[2025-10-08 15:14:43] District User -> FPS Edit -> Leh@pds| ABGH
[2025-10-08 15:14:43] District User -> FPS Edit -> Leh@pds| ABGH
[2025-10-08 15:14:43] District User -> FPS Edit -> Leh@pds| ABGH
[2025-10-08 15:14:43] District User -> FPS Edit -> Leh@pds| ABGH
[2025-10-08 15:14:43] District User -> FPS Edit -> Leh@pds| ABGH
[2025-10-08 15:14:43] District User -> FPS Edit -> Leh@pds| ABGH
[2025-10-08 15:14:43] District User -> FPS Edit -> Leh@pds| ABGH
[2025-10-08 15:14:43] District User -> FPS Edit -> Leh@pds| ABGH
[2025-10-08 15:14:43] District User -> FPS Edit -> Leh@pds| ABGH
[2025-10-08 15:14:43] District User -> FPS Edit -> Leh@pds| ABGH
[2025-10-08 15:14:43] District User -> FPS Edit -> Leh@pds| ABGH
[2025-10-08 15:14:43] District User -> FPS Edit -> Leh@pds| ABGH
[2025-10-08 15:14:43] District User -> FPS Edit -> Leh@pds| ABGH
[2025-10-08 15:14:43] District User -> FPS Edit -> Leh@pds| ABGH
[2025-10-08 15:14:43] District User -> FPS Edit -> Leh@pds| ABGH
[2025-10-08 15:14:43] District User -> FPS Edit -> Leh@pds| ABGH
[2025-10-08 15:14:43] District User -> FPS Edit -> Leh@pds| ABGH
[2025-10-08 15:14:43] District User -> FPS Edit -> Leh@pds| ABGH
[2025-10-08 15:14:43] District User -> FPS Edit -> Leh@pds| ABGH
[2025-10-08 15:14:43] District User -> FPS Edit -> Leh@pds| ABGH
[2025-10-08 15:14:43] District User -> FPS Edit -> Leh@pds| ABGH
[2025-10-08 15:14:43] District User -> FPS Edit -> Leh@pds| ABGH
[2025-10-08 15:14:43] District User -> FPS Edit -> Leh@pds| ABGH
[2025-10-08 15:14:43] District User -> FPS Edit -> Leh@pds| ABGH
[2025-10-08 15:14:43] District User -> FPS Edit -> Leh@pds| ABGH
[2025-10-08 15:14:43] District User -> FPS Edit -> Leh@pds| ABGH
[2025-10-08 15:14:43] District User -> FPS Edit -> Leh@pds| ABGH
[2025-10-08 15:14:43] District User -> FPS Edit -> Leh@pds| ABGH
[2025-10-08 15:14:43] District User -> FPS Edit -> Leh@pds| ABGH
[2025-10-08 15:14:43] District User -> FPS Edit -> Leh@pds| ABGH
[2025-10-08 15:14:43] District User -> FPS Edit -> Leh@pds| ABGH
[2025-10-08 15:14:43] District User -> FPS Edit -> Leh@pds| ABGH
[2025-10-08 15:14:43] District User -> FPS Edit -> Leh@pds| ABGH
[2025-10-08 15:14:43] District User -> FPS Edit -> Leh@pds| ABGH
[2025-10-08 15:14:43] District User -> FPS Edit -> Leh@pds| ABGH
[2025-10-08 15:14:43] District User -> FPS Edit -> Leh@pds| ABGH
[2025-10-08 15:14:43] District User -> FPS Edit -> Leh@pds| ABGH
[2025-10-08 15:14:43] District User -> FPS Edit -> Leh@pds| ABGH
[2025-10-08 15:14:43] District User -> FPS Edit -> Leh@pds| ABGH
[2025-10-08 15:14:43] District User -> FPS Edit -> Leh@pds| ABGH
[2025-10-08 15:14:43] District User -> FPS Edit -> Leh@pds| ABGH
[2025-10-08 15:14:43] District User -> FPS Edit -> Leh@pds| ABGH
[2025-10-08 15:14:43] District User -> FPS Edit -> Leh@pds| ABGH
[2025-10-08 15:14:43] District User -> FPS Edit -> Leh@pds| ABGH
[2025-10-08 15:14:43] District User -> FPS Edit -> Leh@pds| ABGH
[2025-10-08 15:14:43] District User -> FPS Edit -> Leh@pds| ABGH
[2025-10-08 15:14:43] District User -> FPS Edit -> Leh@pds| ABGH
[2025-10-08 15:14:43] District User -> FPS Edit -> Leh@pds| ABGH
[2025-10-08 15:14:43] District User -> FPS Edit -> Leh@pds| ABGH
[2025-10-08 15:14:43] District User -> FPS Edit -> Leh@pds| ABGH
[2025-10-08 15:14:43] District User -> FPS Edit -> Leh@pds| ABGH
[2025-10-08 15:14:43] District User -> FPS Edit -> Leh@pds| ABGH
[2025-10-08 15:14:43] District User -> FPS Edit -> Leh@pds| ABGH
[2025-10-08 15:14:43] District User -> FPS Edit -> Leh@pds| ABGH
[2025-10-08 15:14:43] District User -> FPS Edit -> Leh@pds| ABGH
[2025-10-08 15:14:43] District User -> FPS Edit -> Leh@pds| ABGH
[2025-10-08 15:14:43] District User -> FPS Edit -> Leh@pds| ABGH
[2025-10-08 15:14:43] District User -> FPS Edit -> Leh@pds| ABGH
[2025-10-08 15:14:43] District User -> FPS Edit -> Leh@pds| ABGH
[2025-10-08 15:14:43] District User -> FPS Edit -> Leh@pds| ABGH
[2025-10-08 15:14:43] District User -> FPS Edit -> Leh@pds| ABGH
[2025-10-08 15:14:43] District User -> FPS Edit -> Leh@pds| ABGH
[2025-10-08 15:14:43] District User -> FPS Edit -> Leh@pds| ABGH
[2025-10-08 15:14:43] District User -> FPS Edit -> Leh@pds| ABGH
[2025-10-08 15:14:43] District User -> FPS Edit -> Leh@pds| ABGH
[2025-10-08 15:14:43] District User -> FPS Edit -> Leh@pds| ABGH
[2025-10-08 15:14:43] District User -> FPS Edit -> Leh@pds| ABGH
[2025-10-08 15:14:43] District User -> FPS Edit -> Leh@pds| ABGH
[2025-10-08 15:14:43] District User -> FPS Edit -> Leh@pds| ABGH
[2025-10-08 15:14:43] District User -> FPS Edit -> Leh@pds| ABGH
[2025-10-08 15:14:43] District User -> FPS Edit -> Leh@pds| ABGH
[2025-10-08 15:14:43] District User -> FPS Edit -> Leh@pds| ABGH
[2025-10-08 15:14:43] District User -> FPS Edit -> Leh@pds| ABGH
[2025-10-08 15:14:43] District User -> FPS Edit -> Leh@pds| ABGH
