[2025-10-07 11:22:54] User -> District deleted -> admin@pds| Requested JSON
	-> {"uid":"66ab22466b2e7"} | Kargil
[2025-10-07 11:47:08] User -> Warehouse deleted -> admin@pds| Requested
JSON -> {"uid":"WH_68d3c4880de5"} | ABG
[2025-10-07 11:47:08] User -> Warehouse deleted -> admin@pds| Requested
JSON -> {"uid":"WH_68d3c4880de5"} | all
[2025-10-07 12:25:16] User -> District Name Edit->admin@pds| Requested JSON -> {"name":"Lehf","uid":"66ab2239014d1"}
[2025-10-07 12:25:57] User -> District Name Edit->admin@pds| Requested JSON -> {"name":"Leh","uid":"66ab2239014d1"}
[2025-10-07 12:36:52] User -> District added ->admin@pds| Requested JSON ->
{"name":"Kargil"}
[2025-10-07 12:39:05] User -> District Name Edit->admin@pds| Requested JSON -> {"name":"Kargilfgh","uid":"68e4bc0c5cf61"}
[2025-10-07 12:39:43] User -> District Name Edit->admin@pds| Requested JSON -> {"name":"Kargil","uid":"68e4bc0c5cf61"}
[2025-10-07 12:40:15] User -> District Name Edit->admin@pds| Requested JSON -> {"name":"Kargil","uid":"68e4bc0c5cf61"}
[2025-10-07 12:50:10] User -> Warehouse added ->admin@pds| Requested JSON -> {"name":"dddd","type":"motorable","latitude":"14","storage":"343","district":"Leh","id":"9999","warehousetype":"swc","longitude":"15"}
[2025-10-07 12:54:46] User -> Warehouse deleted -> admin@pds| Requested
JSON -> {"uid":"WH_68e4bf2a1e70"} | Dddd
[2025-10-07 12:55:29] User -> Warehouse added ->admin@pds| Requested
JSON -> {"name":"Dddddd","type":"motorable","latitude":"13","storage":"234","district":"Leh","id":"456","warehousetype":"swc","longitude":"34"}
[2025-10-07 12:56:53] User -> Warehouse deleted -> admin@pds| Requested
JSON -> {"uid":"all"} | all
[2025-10-07 12:57:26] User -> Warehouse Added -> | Rice_HO_Khumbathang
[2025-10-07 12:57:26] User -> Warehouse Added -> | ABG
[2025-10-07 12:57:26] User -> Warehouse Added -> | ABG
[2025-10-07 12:57:26] User -> Warehouse Added -> | ABG
[2025-10-07 12:57:26] User -> Warehouse Added -> | G_Rice_A/B
[2025-10-07 12:57:26] User -> Warehouse Added -> | Rfgdfg
[2025-10-07 12:57:26] User -> Warehouse Added -> | Thgdfg
[2025-10-07 12:57:26] User -> Warehouse Added -> | Dddddd
[2025-10-07 12:57:48] User -> Warehouse deleted -> admin@pds| Requested
JSON -> {"uid":"all"} | all
[2025-10-07 13:18:03] User -> Warehouse Added -> admin@pds| Rice_HO_Khumbathang
[2025-10-07 13:18:03] User -> Warehouse Added -> admin@pds| ABG
[2025-10-07 13:18:03] User -> Warehouse Added -> admin@pds| ABG
[2025-10-07 13:18:03] User -> Warehouse Added -> admin@pds| ABG
[2025-10-07 13:18:03] User -> Warehouse Added -> admin@pds| G_Rice_A/B
[2025-10-07 13:18:03] User -> Warehouse Added -> admin@pds| Rfgdfg
[2025-10-07 13:18:03] User -> Warehouse Added -> admin@pds| Thgdfg
[2025-10-07 13:18:03] User -> Warehouse Added -> admin@pds| Dddddd
[2025-10-07 13:24:38] User -> Warehouse Edit -> admin@pds| Rice_HO_Khumbathang
[2025-10-07 13:24:38] User -> Warehouse Edit -> admin@pds| ABG
[2025-10-07 13:24:38] User -> Warehouse Edit -> admin@pds| ABG
[2025-10-07 13:24:38] User -> Warehouse Edit -> admin@pds| ABG
[2025-10-07 13:24:38] User -> Warehouse Edit -> admin@pds| G_Rice_A/B
[2025-10-07 13:24:38] User -> Warehouse Edit -> admin@pds| Rfgdfg
[2025-10-07 13:24:38] User -> Warehouse Edit -> admin@pds| Thgdfg
[2025-10-07 13:24:38] User -> Warehouse Edit -> admin@pds| Dddddd
[2025-10-07 13:25:04] User -> Warehouse deleted -> admin@pds| Requested
JSON -> {"uid":"all"} | all
[2025-10-07 13:25:35] User -> Warehouse Added -> admin@pds| Rice_HO_Khumbathang
[2025-10-07 13:25:35] User -> Warehouse Added -> admin@pds| ABG
[2025-10-07 13:25:35] User -> Warehouse Added -> admin@pds| ABG
[2025-10-07 13:25:35] User -> Warehouse Added -> admin@pds| ABG
[2025-10-07 13:25:35] User -> Warehouse Added -> admin@pds| G_Rice_A/B
[2025-10-07 13:25:35] User -> Warehouse Added -> admin@pds| Rfgdfg
[2025-10-07 13:25:35] User -> Warehouse Added -> admin@pds| Thgdfg
[2025-10-07 13:25:35] User -> Warehouse Added -> admin@pds| Dddddd
[2025-10-07 13:26:06] User -> Warehouse deleted -> admin@pds| Requested
JSON -> {"uid":"all"} | all
[2025-10-07 14:49:03] User -> FPS added ->admin@pds| Requested JSON -> {"name":"ABCD","type":"Model FPS","latitude":"14","longitude":"12","district":"Kargil","id":"456","demand":"78","demand_rice":"76","demand_frice":"34"}
[2025-10-07 14:49:56] User -> FPS deleted -> admin@pds| Requested JSON -> {"uid":"FPS_68e4db07543"} | ABCD
[2025-10-07 14:49:57] User -> FPS deleted -> admin@pds| Requested JSON -> {"uid":"FPS_68e4db07543"} | all
[2025-10-07 15:01:19] User -> FPS Data Edit->admin@pds| Requested JSON -> {"name":"ABGH","uniqueid":"FPS_68d280a5bec","active":"1","type":"Model FPS","latitude":"34.462922","longitude":"76.124506","district":"Kargil","id":"100400100001","demand":"12.33","demand_rice":"11.12","demand_frice":"7.91"}
[2025-10-07 15:02:57] User -> FPS deleted -> admin@pds| Requested JSON -> {"uid":"FPS_68d280a5bec"} | Abgh
[2025-10-07 15:19:52] User -> User Add ->admin@pds| Requested JSON -> {"newusername":"fgddf","district":"admin","newpassword":"rdgf"} | fgddf
[2025-10-07 15:21:11] User -> User Add ->admin@pds| Requested JSON -> {"newusername":"dfgdfg","district":"admin","newpassword":"dfhfgh"} | dfgdfg
[2025-10-07 15:22:11] User -> User Add ->admin@pds| Requested JSON -> {"newusername":"hjghjhjjhjhhnhghbhbhj","district":"admin","newpassword":"gvfhgfhhmjghgjhg"} | hjghjhjjhjhhnhghbhbhj
[2025-10-07 15:24:50] User -> User Add ->admin@pds| Requested JSON -> {"newusername":"hjghjhjjhjhhnhghbhbhj","district":"admin","newpassword":"fdvgfd"} | hjghjhjjhjhhnhghbhbhj
[2025-10-07 15:48:11] User -> Delete User ->admin@pds| Requested JSON -> {"uid":"68e4e36aa3b4c"} | hjghjhjjhjhhnhghbhbhj
[2025-10-07 15:48:41] User -> User Add ->admin@pds| Requested JSON -> {"newusername":"sdfdsg","district":"admin","newpassword":"dfgdfdf"} | sdfdsg
[2025-10-07 15:49:36] User -> District added ->admin@pds| Requested JSON ->
{"name":"Lehdgf"}
[2025-10-07 15:50:24] User -> District deleted -> admin@pds| Requested JSON
	-> {"uid":"68e4e9380352b"} | Lehdgf
[2025-10-07 16:06:01] User -> Mill added ->admin@pds| Requested JSON -> {"name":"Lehdgf","type":"sdfs","latitude":"14","longitude":"12","district":"Kargil","id":"3243","demand":"78","demand_rice":"11.12"}
[2025-10-07 16:07:39] User -> Mill added ->admin@pds| Requested JSON -> {"name":"iholi8uviikkimi","type":"sdfsfg","latitude":"14","longitude":"12","district":"Kargil","id":"678","demand":"12.33","demand_rice":"11.19"}
[2025-10-07 16:22:15] User -> Mill deleted -> admin@pds | Requested JSON -> {"uid":"DCP_68e4ed731cc"} | iholi8uviikkimi
[2025-10-07 16:22:35] User -> Mill deleted -> admin@pds | Requested JSON -> {"uid":"DCP_68e4ed119ef"} | Lehdgf
[2025-10-07 16:23:26] User -> Mill added ->admin@pds| Requested JSON -> {"name":"Lehdgf","type":"sdfsfg","latitude":"12","longitude":"12","district":"Kargil","id":"3243","demand":"12.33","demand_rice":"89"}
[2025-10-07 16:26:22] User -> Mill deleted -> admin@pds | Requested JSON -> {"uid":"all"} | all
[2025-10-07 16:37:25] User -> Mill Added -> admin@pds | Abcdeiiiii
[2025-10-07 16:37:25] User -> Mill Added -> admin@pds | serhggrh
[2025-10-07 16:37:25] User -> Mill Added -> admin@pds | Kangrimill
[2025-10-07 16:37:25] User -> Mill Added -> admin@pds | Atta Storesuru Valley Rf Mill
[2025-10-07 16:37:25] User -> Mill Added -> admin@pds | Lehdgf
[2025-10-07 16:38:50] User -> Mill deleted -> admin@pds | Requested JSON -> {"uid":"all"} | all
[2025-10-07 16:46:45] User -> Mill Added -> admin@pds| Abcdeiiiii
[2025-10-07 16:46:45] User -> Mill Added -> admin@pds| serhggrh
[2025-10-07 16:46:45] User -> Mill Added -> admin@pds| Kangrimill
[2025-10-07 16:46:45] User -> Mill Added -> admin@pds| Atta Storesuru Valley Rf Mill
[2025-10-07 16:46:45] User -> Mill Added -> admin@pds| Lehdgf
[2025-10-07 16:47:03] User -> Mill deleted -> admin@pds | Requested JSON -> {"uid":"DCP_68e4f69d42c"} | Lehdgf
[2025-10-07 16:48:44] User -> Mill deleted -> admin@pds | Requested JSON -> {"uid":"all"} | all
[2025-10-07 16:55:53] User -> Mill Added -> admin@pds| Abcdeiiiii
[2025-10-07 16:55:53] User -> Mill Added -> admin@pds| serhggrh
[2025-10-07 16:55:53] User -> Mill Added -> admin@pds| Kangrimill
[2025-10-07 16:55:53] User -> Mill Added -> admin@pds| Atta Storesuru Valley Rf Mill
[2025-10-07 16:55:53] User -> Mill Added -> admin@pds| Lehdgf
[2025-10-07 16:58:08] User -> Warehouse Added -> admin@pds| Rice_HO_Khumbathang
[2025-10-07 16:58:08] User -> Warehouse Added -> admin@pds| ABG
[2025-10-07 16:58:08] User -> Warehouse Added -> admin@pds| ABG
[2025-10-07 16:58:08] User -> Warehouse Added -> admin@pds| ABG
[2025-10-07 16:58:08] User -> Warehouse Added -> admin@pds| G_Rice_A/B
[2025-10-07 16:58:08] User -> Warehouse Added -> admin@pds| Rfgdfg
[2025-10-07 16:58:08] User -> Warehouse Added -> admin@pds| Thgdfg
[2025-10-07 16:58:08] User -> Warehouse Added -> admin@pds| Dddddd
[2025-10-07 16:58:26] User -> Warehouse deleted -> admin@pds| Requested
JSON -> {"uid":"WH_68e4f948a5eb"} | Dddddd
[2025-10-07 17:00:09] User -> Warehouse added ->admin@pds| Requested
JSON -> {"name":"Lehdgffgf","type":"motorable","latitude":"14","storage":"10","district":"Kargil","id":"5699","warehousetype":"swc","longitude":"19"}
[2025-10-07 17:01:33] User -> Warehouse deleted -> admin@pds| Requested
JSON -> {"uid":"all"} | all
[2025-10-07 17:10:19] User -> Warehouse Added -> admin@pds| Rice_HO_Khumbathang
[2025-10-07 17:10:19] User -> Warehouse Added -> admin@pds| ABG
[2025-10-07 17:10:19] User -> Warehouse Added -> admin@pds| ABG
[2025-10-07 17:10:19] User -> Warehouse Added -> admin@pds| ABG
[2025-10-07 17:10:19] User -> Warehouse Added -> admin@pds| G_Rice_A/B
[2025-10-07 17:10:19] User -> Warehouse Added -> admin@pds| Rfgdfg
[2025-10-07 17:10:19] User -> Warehouse Added -> admin@pds| Thgdfg
[2025-10-07 17:10:19] User -> Warehouse Added -> admin@pds| Dddddd
[2025-10-07 17:13:22] User -> Warehouse Edit -> admin@pds| Rice_HO_Khumbathang
[2025-10-07 17:13:22] User -> Warehouse Edit -> admin@pds| ABG
[2025-10-07 17:13:22] User -> Warehouse Edit -> admin@pds| ABG
[2025-10-07 17:13:22] User -> Warehouse Edit -> admin@pds| ABG
[2025-10-07 17:13:22] User -> Warehouse Edit -> admin@pds| G_Rice_A/B
[2025-10-07 17:13:22] User -> Warehouse Edit -> admin@pds| Rfgdfg
[2025-10-07 17:13:22] User -> Warehouse Edit -> admin@pds| Thgdfg
[2025-10-07 17:13:22] User -> Warehouse Edit -> admin@pds| Dddddd
[2025-10-07 17:14:42] User -> Mill Edit -> admin@pds| Abcdeiiiii
[2025-10-07 17:14:42] User -> Mill Edit -> admin@pds| serhggrh
[2025-10-07 17:14:42] User -> Mill Edit -> admin@pds| Kangrimill
[2025-10-07 17:14:42] User -> Mill Edit -> admin@pds| Atta Storesuru Valley Rf Mill
[2025-10-07 17:14:42] User -> Mill Edit -> admin@pds| Lehdgf
[2025-10-07 17:15:51] User -> FPS added ->admin@pds| Requested JSON -> {"name":"rfgdfg","type":"Model FPS","latitude":"10","longitude":"12","district":"Kargil","id":"56","demand":"56767","demand_rice":"4565","demand_frice":"234"}
[2025-10-07 17:16:19] User -> FPS deleted -> admin@pds| Requested JSON -> {"uid":"FPS_68e4fd6fdc5"} | rfgdfg
[2025-10-07 17:21:40] User -> FPS Edit -> admin@pds| ABGH
[2025-10-07 17:21:40] User -> FPS Edit -> admin@pds| ABGH
[2025-10-07 17:21:40] User -> FPS Edit -> admin@pds| ABGH
[2025-10-07 17:21:40] User -> FPS Edit -> admin@pds| ABGH
[2025-10-07 17:21:40] User -> FPS Edit -> admin@pds| ABGH
[2025-10-07 17:21:40] User -> FPS Edit -> admin@pds| ABGH
[2025-10-07 17:21:40] User -> FPS Edit -> admin@pds| ABGH
[2025-10-07 17:21:40] User -> FPS Edit -> admin@pds| ABGH
[2025-10-07 17:21:40] User -> FPS Edit -> admin@pds| ABGH
[2025-10-07 17:21:40] User -> FPS Edit -> admin@pds| ABGH
[2025-10-07 17:21:40] User -> FPS Edit -> admin@pds| ABGH
[2025-10-07 17:21:40] User -> FPS Edit -> admin@pds| ABGH
[2025-10-07 17:21:40] User -> FPS Edit -> admin@pds| ABGH
[2025-10-07 17:21:40] User -> FPS Edit -> admin@pds| ABGH
[2025-10-07 17:21:40] User -> FPS Edit -> admin@pds| ABGH
[2025-10-07 17:21:40] User -> FPS Edit -> admin@pds| ABGH
[2025-10-07 17:21:40] User -> FPS Edit -> admin@pds| ABGH
[2025-10-07 17:21:40] User -> FPS Edit -> admin@pds| ABGH
[2025-10-07 17:21:40] User -> FPS Edit -> admin@pds| ABGH
[2025-10-07 17:21:40] User -> FPS Edit -> admin@pds| ABGH
[2025-10-07 17:21:40] User -> FPS Edit -> admin@pds| ABGH
[2025-10-07 17:21:40] User -> FPS Edit -> admin@pds| ABGH
[2025-10-07 17:21:40] User -> FPS Edit -> admin@pds| ABGH
[2025-10-07 17:21:40] User -> FPS Edit -> admin@pds| ABGH
[2025-10-07 17:21:40] User -> FPS Edit -> admin@pds| ABGH
[2025-10-07 17:21:40] User -> FPS Edit -> admin@pds| ABGH
[2025-10-07 17:21:40] User -> FPS Edit -> admin@pds| ABGH
[2025-10-07 17:21:40] User -> FPS Edit -> admin@pds| ABGH
[2025-10-07 17:21:40] User -> FPS Edit -> admin@pds| ABGH
[2025-10-07 17:21:40] User -> FPS Edit -> admin@pds| ABGH
[2025-10-07 17:21:40] User -> FPS Edit -> admin@pds| ABGH
[2025-10-07 17:21:40] User -> FPS Edit -> admin@pds| ABGH
[2025-10-07 17:21:40] User -> FPS Edit -> admin@pds| ABGH
[2025-10-07 17:21:40] User -> FPS Edit -> admin@pds| ABGH
[2025-10-07 17:21:40] User -> FPS Edit -> admin@pds| ABGH
[2025-10-07 17:21:40] User -> FPS Edit -> admin@pds| ABGH
[2025-10-07 17:21:40] User -> FPS Edit -> admin@pds| ABGH
[2025-10-07 17:21:40] User -> FPS Edit -> admin@pds| ABGH
[2025-10-07 17:21:40] User -> FPS Edit -> admin@pds| ABGH
[2025-10-07 17:21:40] User -> FPS Edit -> admin@pds| ABGH
[2025-10-07 17:21:40] User -> FPS Edit -> admin@pds| ABGH
[2025-10-07 17:21:40] User -> FPS Edit -> admin@pds| ABGH
[2025-10-07 17:21:40] User -> FPS Edit -> admin@pds| ABGH
[2025-10-07 17:21:40] User -> FPS Edit -> admin@pds| ABGH
[2025-10-07 17:21:40] User -> FPS Edit -> admin@pds| ABGH
[2025-10-07 17:21:40] User -> FPS Edit -> admin@pds| ABGH
[2025-10-07 17:21:40] User -> FPS Edit -> admin@pds| ABGH
[2025-10-07 17:21:40] User -> FPS Edit -> admin@pds| ABGH
[2025-10-07 17:21:40] User -> FPS Edit -> admin@pds| ABGH
[2025-10-07 17:21:40] User -> FPS Edit -> admin@pds| ABGH
[2025-10-07 17:21:40] User -> FPS Edit -> admin@pds| ABGH
[2025-10-07 17:21:40] User -> FPS Edit -> admin@pds| ABGH
[2025-10-07 17:21:40] User -> FPS Edit -> admin@pds| ABGH
[2025-10-07 17:21:40] User -> FPS Edit -> admin@pds| ABGH
[2025-10-07 17:21:40] User -> FPS Edit -> admin@pds| ABGH
[2025-10-07 17:21:40] User -> FPS Edit -> admin@pds| ABGH
[2025-10-07 17:21:40] User -> FPS Edit -> admin@pds| ABGH
[2025-10-07 17:21:40] User -> FPS Edit -> admin@pds| ABGH
[2025-10-07 17:21:40] User -> FPS Edit -> admin@pds| ABGH
[2025-10-07 17:21:40] User -> FPS Edit -> admin@pds| ABGH
[2025-10-07 17:21:40] User -> FPS Edit -> admin@pds| ABGH
[2025-10-07 17:21:40] User -> FPS Edit -> admin@pds| ABGH
[2025-10-07 17:21:40] User -> FPS Edit -> admin@pds| ABGH
[2025-10-07 17:21:40] User -> FPS Edit -> admin@pds| ABGH
[2025-10-07 17:21:40] User -> FPS Edit -> admin@pds| ABGH
[2025-10-07 17:21:40] User -> FPS Edit -> admin@pds| ABGH
[2025-10-07 17:21:40] User -> FPS Edit -> admin@pds| ABGH
[2025-10-07 17:21:40] User -> FPS Edit -> admin@pds| ABGH
[2025-10-07 17:21:40] User -> FPS Edit -> admin@pds| ABGH
[2025-10-07 17:21:40] User -> FPS Edit -> admin@pds| ABGH
[2025-10-07 17:21:40] User -> FPS Edit -> admin@pds| ABGH
[2025-10-07 17:21:40] User -> FPS Edit -> admin@pds| ABGH
[2025-10-07 17:21:40] User -> FPS Edit -> admin@pds| ABGH
[2025-10-07 17:21:40] User -> FPS Edit -> admin@pds| ABGH
[2025-10-07 17:21:40] User -> FPS Edit -> admin@pds| ABGH
[2025-10-07 17:21:40] User -> FPS Edit -> admin@pds| ABGH
[2025-10-07 17:21:40] User -> FPS Edit -> admin@pds| ABGH
[2025-10-07 17:21:40] User -> FPS Edit -> admin@pds| ABGH
[2025-10-07 17:21:40] User -> FPS Edit -> admin@pds| ABGH
[2025-10-07 17:21:40] User -> FPS Edit -> admin@pds| ABGH
[2025-10-07 17:21:40] User -> FPS Edit -> admin@pds| ABGH
[2025-10-07 17:21:40] User -> FPS Edit -> admin@pds| ABGH
[2025-10-07 17:21:40] User -> FPS Edit -> admin@pds| ABGH
[2025-10-07 17:21:40] User -> FPS Edit -> admin@pds| ABGH
[2025-10-07 17:21:40] User -> FPS Edit -> admin@pds| ABGH
[2025-10-07 17:21:40] User -> FPS Edit -> admin@pds| ABGH
[2025-10-07 17:21:40] User -> FPS Edit -> admin@pds| ABGH
[2025-10-07 17:21:40] User -> FPS Edit -> admin@pds| ABGH
[2025-10-07 17:21:40] User -> FPS Edit -> admin@pds| ABGH
[2025-10-07 17:21:40] User -> FPS Edit -> admin@pds| ABGH
[2025-10-07 17:21:40] User -> FPS Edit -> admin@pds| ABGH
[2025-10-07 17:21:40] User -> FPS Edit -> admin@pds| ABGH
[2025-10-07 17:21:40] User -> FPS Edit -> admin@pds| ABGH
[2025-10-07 17:21:40] User -> FPS Edit -> admin@pds| ABGH
[2025-10-07 17:21:40] User -> FPS Edit -> admin@pds| ABGH
[2025-10-07 17:21:40] User -> FPS Edit -> admin@pds| ABGH
[2025-10-07 17:21:40] User -> FPS Edit -> admin@pds| ABGH
[2025-10-07 17:21:40] User -> FPS Edit -> admin@pds| ABGH
[2025-10-07 17:21:40] User -> FPS Edit -> admin@pds| ABGH
[2025-10-07 17:21:40] User -> FPS Edit -> admin@pds| ABGH
[2025-10-07 17:21:40] User -> FPS Edit -> admin@pds| ABGH
[2025-10-07 17:21:40] User -> FPS Edit -> admin@pds| ABGH
[2025-10-07 17:21:40] User -> FPS Edit -> admin@pds| ABGH
[2025-10-07 17:21:40] User -> FPS Edit -> admin@pds| ABGH
[2025-10-07 17:21:40] User -> FPS Edit -> admin@pds| ABGH
[2025-10-07 17:21:40] User -> FPS Edit -> admin@pds| ABGH
[2025-10-07 17:21:40] User -> FPS Edit -> admin@pds| ABGH
[2025-10-07 17:21:40] User -> FPS Edit -> admin@pds| ABGH
[2025-10-07 17:21:40] User -> FPS Edit -> admin@pds| ABGH
[2025-10-07 17:21:40] User -> FPS Edit -> admin@pds| ABGH
[2025-10-07 17:21:40] User -> FPS Edit -> admin@pds| ABGH
[2025-10-07 17:21:40] User -> FPS Edit -> admin@pds| ABGH
[2025-10-07 17:21:40] User -> FPS Edit -> admin@pds| ABGH
[2025-10-07 17:21:40] User -> FPS Edit -> admin@pds| ABGH
[2025-10-07 17:21:40] User -> FPS Edit -> admin@pds| ABGH
[2025-10-07 17:21:40] User -> FPS Edit -> admin@pds| ABGH
[2025-10-07 17:21:40] User -> FPS Edit -> admin@pds| ABGH
[2025-10-07 17:21:40] User -> FPS Edit -> admin@pds| ABGH
[2025-10-07 17:21:40] User -> FPS Edit -> admin@pds| ABGH
[2025-10-07 17:21:40] User -> FPS Edit -> admin@pds| ABGH
[2025-10-07 17:21:40] User -> FPS Edit -> admin@pds| ABGH
[2025-10-07 17:21:40] User -> FPS Edit -> admin@pds| ABGH
[2025-10-07 17:21:40] User -> FPS Edit -> admin@pds| ABGH
[2025-10-07 17:21:40] User -> FPS Edit -> admin@pds| ABGH
[2025-10-07 17:21:40] User -> FPS Edit -> admin@pds| ABGH
[2025-10-07 17:21:40] User -> FPS Edit -> admin@pds| ABGH
[2025-10-07 17:21:40] User -> FPS Edit -> admin@pds| ABGH
[2025-10-07 17:21:40] User -> FPS Edit -> admin@pds| ABGH
[2025-10-07 17:21:40] User -> FPS Edit -> admin@pds| ABGH
[2025-10-07 17:21:40] User -> FPS Edit -> admin@pds| ABGH
[2025-10-07 17:21:40] User -> FPS Edit -> admin@pds| ABGH
[2025-10-07 17:21:40] User -> FPS Edit -> admin@pds| ABGH
[2025-10-07 17:21:40] User -> FPS Edit -> admin@pds| ABGH
[2025-10-07 17:21:40] User -> FPS Edit -> admin@pds| ABGH
[2025-10-07 17:21:40] User -> FPS Edit -> admin@pds| ABGH
[2025-10-07 17:21:40] User -> FPS Edit -> admin@pds| ABGH
[2025-10-07 17:21:40] User -> FPS Edit -> admin@pds| ABGH
[2025-10-07 17:21:40] User -> FPS Edit -> admin@pds| ABGH
[2025-10-07 17:21:40] User -> FPS Edit -> admin@pds| ABGH
[2025-10-07 17:21:40] User -> FPS Edit -> admin@pds| ABGH
[2025-10-07 17:21:40] User -> FPS Edit -> admin@pds| ABGH
[2025-10-07 17:21:40] User -> FPS Edit -> admin@pds| ABGH
[2025-10-07 17:21:40] User -> FPS Edit -> admin@pds| ABGH
[2025-10-07 17:21:40] User -> FPS Edit -> admin@pds| ABGH
[2025-10-07 17:21:40] User -> FPS Edit -> admin@pds| ABGH
[2025-10-07 17:21:40] User -> FPS Edit -> admin@pds| ABGH
[2025-10-07 17:21:40] User -> FPS Edit -> admin@pds| ABGH
[2025-10-07 17:21:40] User -> FPS Edit -> admin@pds| ABGH
[2025-10-07 17:21:40] User -> FPS Edit -> admin@pds| ABGH
[2025-10-07 17:21:40] User -> FPS Edit -> admin@pds| ABGH
[2025-10-07 17:21:40] User -> FPS Edit -> admin@pds| ABGH
[2025-10-07 17:21:40] User -> FPS Edit -> admin@pds| ABGH
[2025-10-07 17:21:40] User -> FPS Edit -> admin@pds| ABGH
[2025-10-07 17:21:40] User -> FPS Edit -> admin@pds| ABGH
[2025-10-07 17:21:40] User -> FPS Edit -> admin@pds| ABGH
[2025-10-07 17:21:40] User -> FPS Edit -> admin@pds| ABGH
[2025-10-07 17:21:40] User -> FPS Edit -> admin@pds| ABGH
[2025-10-07 17:21:40] User -> FPS Edit -> admin@pds| ABGH
[2025-10-07 17:21:40] User -> FPS Edit -> admin@pds| ABGH
[2025-10-07 17:21:40] User -> FPS Edit -> admin@pds| ABGH
[2025-10-07 17:21:40] User -> FPS Edit -> admin@pds| ABGH
[2025-10-07 17:21:40] User -> FPS Edit -> admin@pds| ABGH
[2025-10-07 17:21:40] User -> FPS Edit -> admin@pds| ABGH
[2025-10-07 17:21:40] User -> FPS Edit -> admin@pds| ABGH
[2025-10-07 17:21:40] User -> FPS Edit -> admin@pds| ABGH
[2025-10-07 17:21:40] User -> FPS Edit -> admin@pds| ABGH
[2025-10-07 17:21:40] User -> FPS Edit -> admin@pds| ABGH
[2025-10-07 17:21:40] User -> FPS Edit -> admin@pds| ABGH
[2025-10-07 17:21:40] User -> FPS Edit -> admin@pds| ABGH
[2025-10-07 17:21:40] User -> FPS Edit -> admin@pds| ABGH
[2025-10-07 17:21:40] User -> FPS Edit -> admin@pds| ABGH
[2025-10-07 17:21:40] User -> FPS Edit -> admin@pds| ABGH
[2025-10-07 17:21:40] User -> FPS Edit -> admin@pds| ABGH
[2025-10-07 17:21:40] User -> FPS Edit -> admin@pds| ABGH
[2025-10-07 17:21:40] User -> FPS Edit -> admin@pds| ABGH
[2025-10-07 17:21:40] User -> FPS Edit -> admin@pds| ABGH
[2025-10-07 17:21:40] User -> FPS Edit -> admin@pds| ABGH
[2025-10-07 17:21:40] User -> FPS Edit -> admin@pds| ABGH
[2025-10-07 17:21:40] User -> FPS Edit -> admin@pds| ABGH
[2025-10-07 17:21:40] User -> FPS Edit -> admin@pds| ABGH
[2025-10-07 17:21:40] User -> FPS Edit -> admin@pds| ABGH
[2025-10-07 17:21:40] User -> FPS Edit -> admin@pds| ABGH
[2025-10-07 17:21:40] User -> FPS Edit -> admin@pds| ABGH
[2025-10-07 17:21:40] User -> FPS Edit -> admin@pds| ABGH
[2025-10-07 17:21:40] User -> FPS Edit -> admin@pds| ABGH
[2025-10-07 17:21:40] User -> FPS Edit -> admin@pds| ABGH
[2025-10-07 17:21:40] User -> FPS Edit -> admin@pds| ABGH
[2025-10-07 17:21:40] User -> FPS Edit -> admin@pds| ABGH
[2025-10-07 17:21:40] User -> FPS Edit -> admin@pds| ABGH
[2025-10-07 17:21:40] User -> FPS Edit -> admin@pds| ABGH
[2025-10-07 17:21:40] User -> FPS Edit -> admin@pds| ABGH
[2025-10-07 17:21:40] User -> FPS Edit -> admin@pds| ABGH
[2025-10-07 17:21:40] User -> FPS Edit -> admin@pds| ABGH
[2025-10-07 17:21:40] User -> FPS Edit -> admin@pds| ABGH
[2025-10-07 17:21:40] User -> FPS Edit -> admin@pds| ABGH
[2025-10-07 17:21:40] User -> FPS Edit -> admin@pds| ABGH
[2025-10-07 17:21:40] User -> FPS Edit -> admin@pds| ABGH
[2025-10-07 17:21:40] User -> FPS Edit -> admin@pds| ABGH
[2025-10-07 17:21:40] User -> FPS Edit -> admin@pds| ABGH
[2025-10-07 17:21:40] User -> FPS Edit -> admin@pds| ABGH
[2025-10-07 17:21:40] User -> FPS Edit -> admin@pds| ABGH
[2025-10-07 17:21:40] User -> FPS Edit -> admin@pds| ABGH
[2025-10-07 17:21:40] User -> FPS Edit -> admin@pds| ABGH
[2025-10-07 17:21:40] User -> FPS Edit -> admin@pds| ABGH
[2025-10-07 17:21:40] User -> FPS Edit -> admin@pds| ABGH
[2025-10-07 17:21:40] User -> FPS Edit -> admin@pds| ABGH
[2025-10-07 17:21:40] User -> FPS Edit -> admin@pds| ABGH
[2025-10-07 17:21:40] User -> FPS Edit -> admin@pds| ABGH
[2025-10-07 17:21:40] User -> FPS Edit -> admin@pds| ABGH
[2025-10-07 17:21:40] User -> FPS Edit -> admin@pds| ABGH
[2025-10-07 17:21:40] User -> FPS Edit -> admin@pds| ABGH
[2025-10-07 17:21:40] User -> FPS Edit -> admin@pds| ABGH
[2025-10-07 17:21:41] User -> FPS Edit -> admin@pds| ABGH
[2025-10-07 17:21:41] User -> FPS Edit -> admin@pds| ABGH
[2025-10-07 17:21:41] User -> FPS Edit -> admin@pds| ABGH
[2025-10-07 17:21:41] User -> FPS Edit -> admin@pds| ABGH
[2025-10-07 17:21:41] User -> FPS Edit -> admin@pds| ABGH
[2025-10-07 17:21:41] User -> FPS Edit -> admin@pds| ABGH
[2025-10-07 17:21:41] User -> FPS Edit -> admin@pds| ABGH
[2025-10-07 17:21:41] User -> FPS Edit -> admin@pds| ABGH
[2025-10-07 17:21:41] User -> FPS Edit -> admin@pds| ABGH
[2025-10-07 17:21:41] User -> FPS Edit -> admin@pds| ABGH
[2025-10-07 17:21:41] User -> FPS Edit -> admin@pds| ABGH
[2025-10-07 17:21:41] User -> FPS Edit -> admin@pds| ABGH
[2025-10-07 17:21:41] User -> FPS Edit -> admin@pds| ABGH
[2025-10-07 17:21:41] User -> FPS Edit -> admin@pds| ABGH
[2025-10-07 17:21:41] User -> FPS Edit -> admin@pds| ABGH
[2025-10-07 17:21:41] User -> FPS Edit -> admin@pds| ABGH
[2025-10-07 17:21:41] User -> FPS Edit -> admin@pds| ABGH
[2025-10-07 17:21:41] User -> FPS Edit -> admin@pds| ABGH
[2025-10-07 17:21:41] User -> FPS Edit -> admin@pds| ABGH
[2025-10-07 17:21:41] User -> FPS Edit -> admin@pds| ABGH
[2025-10-07 17:21:41] User -> FPS Edit -> admin@pds| ABGH
[2025-10-07 17:21:41] User -> FPS Edit -> admin@pds| ABGH
[2025-10-07 17:21:41] User -> FPS Edit -> admin@pds| ABGH
[2025-10-07 17:21:41] User -> FPS Edit -> admin@pds| ABGH
[2025-10-07 17:21:41] User -> FPS Edit -> admin@pds| ABGH
[2025-10-07 17:21:41] User -> FPS Edit -> admin@pds| ABGH
[2025-10-07 17:21:41] User -> FPS Edit -> admin@pds| ABGH
[2025-10-07 17:21:41] User -> FPS Edit -> admin@pds| ABGH
[2025-10-07 17:21:41] User -> FPS Edit -> admin@pds| ABGH
[2025-10-07 17:21:41] User -> FPS Edit -> admin@pds| ABGH
[2025-10-07 17:21:41] User -> FPS Edit -> admin@pds| ABGH
[2025-10-07 17:21:41] User -> FPS Edit -> admin@pds| ABGH
[2025-10-07 17:21:41] User -> FPS Edit -> admin@pds| ABGH
[2025-10-07 17:21:41] User -> FPS Edit -> admin@pds| ABGH
[2025-10-07 17:21:41] User -> FPS Edit -> admin@pds| ABGH
[2025-10-07 17:21:41] User -> FPS Edit -> admin@pds| ABGH
[2025-10-07 17:21:41] User -> FPS Edit -> admin@pds| ABGH
[2025-10-07 17:21:41] User -> FPS Edit -> admin@pds| ABGH
[2025-10-07 17:21:41] User -> FPS Edit -> admin@pds| ABGH
[2025-10-07 17:21:41] User -> FPS Edit -> admin@pds| ABGH
[2025-10-07 17:21:41] User -> FPS Edit -> admin@pds| ABGH
[2025-10-07 17:21:41] User -> FPS Edit -> admin@pds| ABGH
[2025-10-07 17:21:41] User -> FPS Edit -> admin@pds| ABGH
[2025-10-07 17:21:41] User -> FPS Edit -> admin@pds| ABGH
[2025-10-07 17:21:41] User -> FPS Edit -> admin@pds| ABGH
[2025-10-07 17:21:41] User -> FPS Edit -> admin@pds| ABGH
[2025-10-07 17:21:41] User -> FPS Edit -> admin@pds| ABGH
[2025-10-07 17:21:41] User -> FPS Edit -> admin@pds| ABGH
[2025-10-07 17:21:41] User -> FPS Edit -> admin@pds| ABGH
[2025-10-07 17:21:41] User -> FPS Edit -> admin@pds| ABGH
[2025-10-07 17:21:41] User -> FPS Edit -> admin@pds| ABGH
[2025-10-07 17:21:41] User -> FPS Edit -> admin@pds| ABGH
[2025-10-07 17:21:41] User -> FPS Edit -> admin@pds| ABGH
[2025-10-07 17:21:41] User -> FPS Edit -> admin@pds| ABGH
[2025-10-07 17:21:41] User -> FPS Edit -> admin@pds| ABGH
[2025-10-07 17:21:41] User -> FPS Edit -> admin@pds| ABGH
[2025-10-07 17:21:41] User -> FPS Edit -> admin@pds| ABGH
[2025-10-07 17:21:41] User -> FPS Edit -> admin@pds| ABGH
[2025-10-07 17:21:41] User -> FPS Edit -> admin@pds| ABGH
[2025-10-07 17:21:41] User -> FPS Edit -> admin@pds| ABGH
[2025-10-07 17:21:41] User -> FPS Edit -> admin@pds| ABGH
[2025-10-07 17:21:41] User -> FPS Edit -> admin@pds| ABGH
[2025-10-07 17:21:41] User -> FPS Edit -> admin@pds| ABGH
[2025-10-07 17:21:41] User -> FPS Edit -> admin@pds| ABGH
[2025-10-07 17:21:41] User -> FPS Edit -> admin@pds| ABGH
[2025-10-07 17:21:41] User -> FPS Edit -> admin@pds| ABGH
[2025-10-07 17:21:41] User -> FPS Edit -> admin@pds| ABGH
[2025-10-07 17:21:41] User -> FPS Edit -> admin@pds| ABGH
[2025-10-07 17:21:41] User -> FPS Edit -> admin@pds| ABGH
[2025-10-07 17:21:41] User -> FPS Edit -> admin@pds| ABGH
[2025-10-07 17:21:41] User -> FPS Edit -> admin@pds| ABGH
[2025-10-07 17:21:41] User -> FPS Edit -> admin@pds| ABGH
[2025-10-07 17:21:41] User -> FPS Edit -> admin@pds| ABGH
[2025-10-07 17:21:41] User -> FPS Edit -> admin@pds| ABGH
[2025-10-07 17:21:41] User -> FPS Edit -> admin@pds| ABGH
[2025-10-07 17:21:41] User -> FPS Edit -> admin@pds| ABGH
[2025-10-07 17:21:41] User -> FPS Edit -> admin@pds| ABGH
[2025-10-07 17:21:41] User -> FPS Edit -> admin@pds| ABGH
[2025-10-07 17:21:41] User -> FPS Edit -> admin@pds| ABGH
[2025-10-07 17:21:41] User -> FPS Edit -> admin@pds| ABGH
[2025-10-07 17:21:41] User -> FPS Edit -> admin@pds| ABGH
[2025-10-07 17:21:41] User -> FPS Edit -> admin@pds| ABGH
[2025-10-07 17:21:41] User -> FPS Edit -> admin@pds| ABGH
[2025-10-07 17:21:41] User -> FPS Edit -> admin@pds| ABGH
[2025-10-07 17:21:41] User -> FPS Edit -> admin@pds| ABGH
[2025-10-07 17:21:41] User -> FPS Edit -> admin@pds| ABGH
[2025-10-07 17:21:41] User -> FPS Edit -> admin@pds| ABGH
[2025-10-07 17:21:41] User -> FPS Edit -> admin@pds| ABGH
[2025-10-07 17:21:41] User -> FPS Edit -> admin@pds| ABGH
[2025-10-07 17:21:41] User -> FPS Edit -> admin@pds| ABGH
[2025-10-07 17:21:41] User -> FPS Edit -> admin@pds| ABGH
[2025-10-07 17:21:41] User -> FPS Edit -> admin@pds| ABGH
[2025-10-07 17:21:41] User -> FPS Edit -> admin@pds| ABGH
[2025-10-07 17:21:41] User -> FPS Edit -> admin@pds| ABGH
[2025-10-07 17:21:41] User -> FPS Edit -> admin@pds| ABGH
[2025-10-07 17:21:41] User -> FPS Edit -> admin@pds| ABGH
[2025-10-07 17:21:41] User -> FPS Edit -> admin@pds| ABGH
[2025-10-07 17:21:41] User -> FPS Edit -> admin@pds| ABGH
[2025-10-07 17:21:41] User -> FPS Edit -> admin@pds| ABGH
[2025-10-07 17:21:41] User -> FPS Edit -> admin@pds| ABGH
[2025-10-07 17:21:41] User -> FPS Edit -> admin@pds| ABGH
[2025-10-07 17:21:41] User -> FPS Edit -> admin@pds| ABGH
[2025-10-07 17:21:41] User -> FPS Edit -> admin@pds| ABGH
[2025-10-07 17:21:41] User -> FPS Edit -> admin@pds| ABGH
[2025-10-07 17:21:41] User -> FPS Edit -> admin@pds| ABGH
[2025-10-07 17:21:41] User -> FPS Edit -> admin@pds| ABGH
[2025-10-07 17:21:41] User -> FPS Edit -> admin@pds| ABGH
[2025-10-07 17:21:41] User -> FPS Edit -> admin@pds| ABGH
[2025-10-07 17:21:41] User -> FPS Edit -> admin@pds| ABGH
[2025-10-07 17:21:41] User -> FPS Edit -> admin@pds| ABGH
[2025-10-07 17:21:41] User -> FPS Edit -> admin@pds| ABGH
[2025-10-07 17:21:41] User -> FPS Edit -> admin@pds| ABGH
[2025-10-07 17:21:41] User -> FPS Edit -> admin@pds| ABGH
[2025-10-07 17:21:41] User -> FPS Edit -> admin@pds| ABGH
[2025-10-07 17:21:41] User -> FPS Edit -> admin@pds| ABGH
[2025-10-07 17:21:41] User -> FPS Edit -> admin@pds| ABGH
[2025-10-07 17:21:41] User -> FPS Edit -> admin@pds| ABGH
[2025-10-07 17:21:41] User -> FPS Edit -> admin@pds| ABGH
[2025-10-07 17:21:41] User -> FPS Edit -> admin@pds| ABGH
[2025-10-07 17:21:41] User -> FPS Edit -> admin@pds| ABGH
[2025-10-07 17:21:41] User -> FPS Edit -> admin@pds| ABGH
[2025-10-07 17:21:41] User -> FPS Edit -> admin@pds| ABGH
[2025-10-07 17:21:41] User -> FPS Edit -> admin@pds| ABGH
[2025-10-07 17:21:41] User -> FPS Edit -> admin@pds| ABGH
[2025-10-07 17:21:41] User -> FPS Edit -> admin@pds| ABGH
[2025-10-07 17:21:41] User -> FPS Edit -> admin@pds| ABGH
[2025-10-07 17:21:41] User -> FPS Edit -> admin@pds| ABGH
[2025-10-07 17:21:41] User -> FPS Edit -> admin@pds| ABGH
[2025-10-07 17:21:41] User -> FPS Edit -> admin@pds| ABGH
[2025-10-07 17:21:41] User -> FPS Edit -> admin@pds| ABGH
[2025-10-07 17:21:41] User -> FPS Edit -> admin@pds| ABGH
[2025-10-07 17:21:41] User -> FPS Edit -> admin@pds| ABGH
[2025-10-07 17:21:41] User -> FPS Edit -> admin@pds| ABGH
[2025-10-07 17:21:41] User -> FPS Edit -> admin@pds| ABGH
[2025-10-07 17:21:41] User -> FPS Edit -> admin@pds| ABGH
[2025-10-07 17:21:41] User -> FPS Edit -> admin@pds| ABGH
[2025-10-07 17:21:41] User -> FPS Edit -> admin@pds| ABGH
[2025-10-07 17:21:41] User -> FPS Edit -> admin@pds| ABGH
[2025-10-07 17:21:41] User -> FPS Edit -> admin@pds| ABGH
[2025-10-07 17:21:41] User -> FPS Edit -> admin@pds| ABGH
[2025-10-07 17:21:41] User -> FPS Edit -> admin@pds| ABGH
[2025-10-07 17:21:41] User -> FPS Edit -> admin@pds| ABGH
[2025-10-07 17:21:41] User -> FPS Edit -> admin@pds| ABGH
[2025-10-07 17:21:41] User -> FPS Edit -> admin@pds| ABGH
[2025-10-07 17:21:41] User -> FPS Edit -> admin@pds| ABGH
[2025-10-07 17:21:41] User -> FPS Edit -> admin@pds| ABGH
[2025-10-07 17:21:41] User -> FPS Edit -> admin@pds| ABGH
[2025-10-07 17:21:41] User -> FPS Edit -> admin@pds| ABGH
[2025-10-07 17:21:41] User -> FPS Edit -> admin@pds| ABGH
[2025-10-07 17:21:41] User -> FPS Edit -> admin@pds| ABGH
[2025-10-07 17:21:41] User -> FPS Edit -> admin@pds| ABGH
[2025-10-07 17:21:41] User -> FPS Edit -> admin@pds| ABGH
[2025-10-07 17:21:41] User -> FPS Edit -> admin@pds| ABGH
[2025-10-07 17:21:41] User -> FPS Edit -> admin@pds| ABGH
[2025-10-07 17:21:41] User -> FPS Edit -> admin@pds| ABGH
[2025-10-07 17:21:41] User -> FPS Edit -> admin@pds| ABGH
[2025-10-07 17:21:41] User -> FPS Edit -> admin@pds| ABGH
[2025-10-07 17:21:41] User -> FPS Edit -> admin@pds| ABGH
[2025-10-07 17:21:41] User -> FPS Edit -> admin@pds| ABGH
[2025-10-07 17:21:41] User -> FPS Edit -> admin@pds| ABGH
[2025-10-07 17:21:41] User -> FPS Edit -> admin@pds| ABGH
[2025-10-07 17:21:41] User -> FPS Edit -> admin@pds| ABGH
[2025-10-07 17:21:41] User -> FPS Edit -> admin@pds| ABGH
[2025-10-07 17:21:41] User -> FPS Edit -> admin@pds| ABGH
[2025-10-07 17:21:41] User -> FPS Edit -> admin@pds| ABGH
[2025-10-07 17:21:41] User -> FPS Edit -> admin@pds| ABGH
[2025-10-07 17:21:41] User -> FPS Edit -> admin@pds| ABGH
[2025-10-07 17:21:41] User -> FPS Edit -> admin@pds| ABGH
[2025-10-07 17:21:41] User -> FPS Edit -> admin@pds| ABGH
[2025-10-07 17:21:41] User -> FPS Edit -> admin@pds| ABGH
[2025-10-07 17:23:03] User -> FPS deleted -> admin@pds| Requested JSON -> {"uid":"all"} | all
[2025-10-07 17:29:08] User -> FPS Added -> admin@pds| ABGH
[2025-10-07 17:29:08] User -> FPS Added -> admin@pds| ABGH
[2025-10-07 17:29:08] User -> FPS Added -> admin@pds| ABGH
[2025-10-07 17:29:08] User -> FPS Added -> admin@pds| ABGH
[2025-10-07 17:29:08] User -> FPS Added -> admin@pds| ABGH
[2025-10-07 17:29:08] User -> FPS Added -> admin@pds| ABGH
[2025-10-07 17:29:08] User -> FPS Added -> admin@pds| ABGH
[2025-10-07 17:29:08] User -> FPS Added -> admin@pds| ABGH
[2025-10-07 17:29:08] User -> FPS Added -> admin@pds| ABGH
[2025-10-07 17:29:08] User -> FPS Added -> admin@pds| ABGH
[2025-10-07 17:29:08] User -> FPS Added -> admin@pds| ABGH
[2025-10-07 17:29:08] User -> FPS Added -> admin@pds| ABGH
[2025-10-07 17:29:08] User -> FPS Added -> admin@pds| ABGH
[2025-10-07 17:29:08] User -> FPS Added -> admin@pds| ABGH
[2025-10-07 17:29:08] User -> FPS Added -> admin@pds| ABGH
[2025-10-07 17:29:08] User -> FPS Added -> admin@pds| ABGH
[2025-10-07 17:29:08] User -> FPS Added -> admin@pds| ABGH
[2025-10-07 17:29:08] User -> FPS Added -> admin@pds| ABGH
[2025-10-07 17:29:08] User -> FPS Added -> admin@pds| ABGH
[2025-10-07 17:29:08] User -> FPS Added -> admin@pds| ABGH
[2025-10-07 17:29:08] User -> FPS Added -> admin@pds| ABGH
[2025-10-07 17:29:08] User -> FPS Added -> admin@pds| ABGH
[2025-10-07 17:29:08] User -> FPS Added -> admin@pds| ABGH
[2025-10-07 17:29:08] User -> FPS Added -> admin@pds| ABGH
[2025-10-07 17:29:08] User -> FPS Added -> admin@pds| ABGH
[2025-10-07 17:29:08] User -> FPS Added -> admin@pds| ABGH
[2025-10-07 17:29:08] User -> FPS Added -> admin@pds| ABGH
[2025-10-07 17:29:08] User -> FPS Added -> admin@pds| ABGH
[2025-10-07 17:29:08] User -> FPS Added -> admin@pds| ABGH
[2025-10-07 17:29:08] User -> FPS Added -> admin@pds| ABGH
[2025-10-07 17:29:08] User -> FPS Added -> admin@pds| ABGH
[2025-10-07 17:29:08] User -> FPS Added -> admin@pds| ABGH
[2025-10-07 17:29:08] User -> FPS Added -> admin@pds| ABGH
[2025-10-07 17:29:08] User -> FPS Added -> admin@pds| ABGH
[2025-10-07 17:29:08] User -> FPS Added -> admin@pds| ABGH
[2025-10-07 17:29:08] User -> FPS Added -> admin@pds| ABGH
[2025-10-07 17:29:08] User -> FPS Added -> admin@pds| ABGH
[2025-10-07 17:29:08] User -> FPS Added -> admin@pds| ABGH
[2025-10-07 17:29:08] User -> FPS Added -> admin@pds| ABGH
[2025-10-07 17:29:08] User -> FPS Added -> admin@pds| ABGH
[2025-10-07 17:29:08] User -> FPS Added -> admin@pds| ABGH
[2025-10-07 17:29:08] User -> FPS Added -> admin@pds| ABGH
[2025-10-07 17:29:08] User -> FPS Added -> admin@pds| ABGH
[2025-10-07 17:29:08] User -> FPS Added -> admin@pds| ABGH
[2025-10-07 17:29:08] User -> FPS Added -> admin@pds| ABGH
[2025-10-07 17:29:08] User -> FPS Added -> admin@pds| ABGH
[2025-10-07 17:29:08] User -> FPS Added -> admin@pds| ABGH
[2025-10-07 17:29:08] User -> FPS Added -> admin@pds| ABGH
[2025-10-07 17:29:08] User -> FPS Added -> admin@pds| ABGH
[2025-10-07 17:29:08] User -> FPS Added -> admin@pds| ABGH
[2025-10-07 17:29:08] User -> FPS Added -> admin@pds| ABGH
[2025-10-07 17:29:08] User -> FPS Added -> admin@pds| ABGH
[2025-10-07 17:29:08] User -> FPS Added -> admin@pds| ABGH
[2025-10-07 17:29:08] User -> FPS Added -> admin@pds| ABGH
[2025-10-07 17:29:08] User -> FPS Added -> admin@pds| ABGH
[2025-10-07 17:29:08] User -> FPS Added -> admin@pds| ABGH
[2025-10-07 17:29:08] User -> FPS Added -> admin@pds| ABGH
[2025-10-07 17:29:08] User -> FPS Added -> admin@pds| ABGH
[2025-10-07 17:29:08] User -> FPS Added -> admin@pds| ABGH
[2025-10-07 17:29:08] User -> FPS Added -> admin@pds| ABGH
[2025-10-07 17:29:08] User -> FPS Added -> admin@pds| ABGH
[2025-10-07 17:29:08] User -> FPS Added -> admin@pds| ABGH
[2025-10-07 17:29:08] User -> FPS Added -> admin@pds| ABGH
[2025-10-07 17:29:08] User -> FPS Added -> admin@pds| ABGH
[2025-10-07 17:29:08] User -> FPS Added -> admin@pds| ABGH
[2025-10-07 17:29:08] User -> FPS Added -> admin@pds| ABGH
[2025-10-07 17:29:08] User -> FPS Added -> admin@pds| ABGH
[2025-10-07 17:29:08] User -> FPS Added -> admin@pds| ABGH
[2025-10-07 17:29:08] User -> FPS Added -> admin@pds| ABGH
[2025-10-07 17:29:08] User -> FPS Added -> admin@pds| ABGH
[2025-10-07 17:29:08] User -> FPS Added -> admin@pds| ABGH
[2025-10-07 17:29:08] User -> FPS Added -> admin@pds| ABGH
[2025-10-07 17:29:08] User -> FPS Added -> admin@pds| ABGH
[2025-10-07 17:29:08] User -> FPS Added -> admin@pds| ABGH
[2025-10-07 17:29:08] User -> FPS Added -> admin@pds| ABGH
[2025-10-07 17:29:08] User -> FPS Added -> admin@pds| ABGH
[2025-10-07 17:29:08] User -> FPS Added -> admin@pds| ABGH
[2025-10-07 17:29:08] User -> FPS Added -> admin@pds| ABGH
[2025-10-07 17:29:08] User -> FPS Added -> admin@pds| ABGH
[2025-10-07 17:29:08] User -> FPS Added -> admin@pds| ABGH
[2025-10-07 17:29:08] User -> FPS Added -> admin@pds| ABGH
[2025-10-07 17:29:08] User -> FPS Added -> admin@pds| ABGH
[2025-10-07 17:29:08] User -> FPS Added -> admin@pds| ABGH
[2025-10-07 17:29:08] User -> FPS Added -> admin@pds| ABGH
[2025-10-07 17:29:08] User -> FPS Added -> admin@pds| ABGH
[2025-10-07 17:29:08] User -> FPS Added -> admin@pds| ABGH
[2025-10-07 17:29:08] User -> FPS Added -> admin@pds| ABGH
[2025-10-07 17:29:08] User -> FPS Added -> admin@pds| ABGH
[2025-10-07 17:29:08] User -> FPS Added -> admin@pds| ABGH
[2025-10-07 17:29:08] User -> FPS Added -> admin@pds| ABGH
[2025-10-07 17:29:08] User -> FPS Added -> admin@pds| ABGH
[2025-10-07 17:29:08] User -> FPS Added -> admin@pds| ABGH
[2025-10-07 17:29:08] User -> FPS Added -> admin@pds| ABGH
[2025-10-07 17:29:08] User -> FPS Added -> admin@pds| ABGH
[2025-10-07 17:29:08] User -> FPS Added -> admin@pds| ABGH
[2025-10-07 17:29:08] User -> FPS Added -> admin@pds| ABGH
[2025-10-07 17:29:08] User -> FPS Added -> admin@pds| ABGH
[2025-10-07 17:29:08] User -> FPS Added -> admin@pds| ABGH
[2025-10-07 17:29:08] User -> FPS Added -> admin@pds| ABGH
[2025-10-07 17:29:08] User -> FPS Added -> admin@pds| ABGH
[2025-10-07 17:29:08] User -> FPS Added -> admin@pds| ABGH
[2025-10-07 17:29:08] User -> FPS Added -> admin@pds| ABGH
[2025-10-07 17:29:08] User -> FPS Added -> admin@pds| ABGH
[2025-10-07 17:29:08] User -> FPS Added -> admin@pds| ABGH
[2025-10-07 17:29:08] User -> FPS Added -> admin@pds| ABGH
[2025-10-07 17:29:08] User -> FPS Added -> admin@pds| ABGH
[2025-10-07 17:29:08] User -> FPS Added -> admin@pds| ABGH
[2025-10-07 17:29:08] User -> FPS Added -> admin@pds| ABGH
[2025-10-07 17:29:08] User -> FPS Added -> admin@pds| ABGH
[2025-10-07 17:29:08] User -> FPS Added -> admin@pds| ABGH
[2025-10-07 17:29:08] User -> FPS Added -> admin@pds| ABGH
[2025-10-07 17:29:08] User -> FPS Added -> admin@pds| ABGH
[2025-10-07 17:29:08] User -> FPS Added -> admin@pds| ABGH
[2025-10-07 17:29:08] User -> FPS Added -> admin@pds| ABGH
[2025-10-07 17:29:08] User -> FPS Added -> admin@pds| ABGH
[2025-10-07 17:29:08] User -> FPS Added -> admin@pds| ABGH
[2025-10-07 17:29:08] User -> FPS Added -> admin@pds| ABGH
[2025-10-07 17:29:08] User -> FPS Added -> admin@pds| ABGH
[2025-10-07 17:29:08] User -> FPS Added -> admin@pds| ABGH
[2025-10-07 17:29:08] User -> FPS Added -> admin@pds| ABGH
[2025-10-07 17:29:08] User -> FPS Added -> admin@pds| ABGH
[2025-10-07 17:29:08] User -> FPS Added -> admin@pds| ABGH
[2025-10-07 17:29:08] User -> FPS Added -> admin@pds| ABGH
[2025-10-07 17:29:08] User -> FPS Added -> admin@pds| ABGH
[2025-10-07 17:29:08] User -> FPS Added -> admin@pds| ABGH
[2025-10-07 17:29:08] User -> FPS Added -> admin@pds| ABGH
[2025-10-07 17:29:08] User -> FPS Added -> admin@pds| ABGH
[2025-10-07 17:29:08] User -> FPS Added -> admin@pds| ABGH
[2025-10-07 17:29:08] User -> FPS Added -> admin@pds| ABGH
[2025-10-07 17:29:08] User -> FPS Added -> admin@pds| ABGH
[2025-10-07 17:29:08] User -> FPS Added -> admin@pds| ABGH
[2025-10-07 17:29:08] User -> FPS Added -> admin@pds| ABGH
[2025-10-07 17:29:08] User -> FPS Added -> admin@pds| ABGH
[2025-10-07 17:29:08] User -> FPS Added -> admin@pds| ABGH
[2025-10-07 17:29:08] User -> FPS Added -> admin@pds| ABGH
[2025-10-07 17:29:08] User -> FPS Added -> admin@pds| ABGH
[2025-10-07 17:29:08] User -> FPS Added -> admin@pds| ABGH
[2025-10-07 17:29:08] User -> FPS Added -> admin@pds| ABGH
[2025-10-07 17:29:08] User -> FPS Added -> admin@pds| ABGH
[2025-10-07 17:29:08] User -> FPS Added -> admin@pds| ABGH
[2025-10-07 17:29:08] User -> FPS Added -> admin@pds| ABGH
[2025-10-07 17:29:08] User -> FPS Added -> admin@pds| ABGH
[2025-10-07 17:29:08] User -> FPS Added -> admin@pds| ABGH
[2025-10-07 17:29:08] User -> FPS Added -> admin@pds| ABGH
[2025-10-07 17:29:08] User -> FPS Added -> admin@pds| ABGH
[2025-10-07 17:29:08] User -> FPS Added -> admin@pds| ABGH
[2025-10-07 17:29:08] User -> FPS Added -> admin@pds| ABGH
[2025-10-07 17:29:08] User -> FPS Added -> admin@pds| ABGH
[2025-10-07 17:29:08] User -> FPS Added -> admin@pds| ABGH
[2025-10-07 17:29:08] User -> FPS Added -> admin@pds| ABGH
[2025-10-07 17:29:08] User -> FPS Added -> admin@pds| ABGH
[2025-10-07 17:29:08] User -> FPS Added -> admin@pds| ABGH
[2025-10-07 17:29:08] User -> FPS Added -> admin@pds| ABGH
[2025-10-07 17:29:08] User -> FPS Added -> admin@pds| ABGH
[2025-10-07 17:29:08] User -> FPS Added -> admin@pds| ABGH
[2025-10-07 17:29:08] User -> FPS Added -> admin@pds| ABGH
[2025-10-07 17:29:08] User -> FPS Added -> admin@pds| ABGH
[2025-10-07 17:29:08] User -> FPS Added -> admin@pds| ABGH
[2025-10-07 17:29:08] User -> FPS Added -> admin@pds| ABGH
[2025-10-07 17:29:08] User -> FPS Added -> admin@pds| ABGH
[2025-10-07 17:29:08] User -> FPS Added -> admin@pds| ABGH
[2025-10-07 17:29:08] User -> FPS Added -> admin@pds| ABGH
[2025-10-07 17:29:08] User -> FPS Added -> admin@pds| ABGH
[2025-10-07 17:29:08] User -> FPS Added -> admin@pds| ABGH
[2025-10-07 17:29:08] User -> FPS Added -> admin@pds| ABGH
[2025-10-07 17:29:08] User -> FPS Added -> admin@pds| ABGH
[2025-10-07 17:29:08] User -> FPS Added -> admin@pds| ABGH
[2025-10-07 17:29:08] User -> FPS Added -> admin@pds| ABGH
[2025-10-07 17:29:08] User -> FPS Added -> admin@pds| ABGH
[2025-10-07 17:29:08] User -> FPS Added -> admin@pds| ABGH
[2025-10-07 17:29:08] User -> FPS Added -> admin@pds| ABGH
[2025-10-07 17:29:08] User -> FPS Added -> admin@pds| ABGH
[2025-10-07 17:29:08] User -> FPS Added -> admin@pds| ABGH
[2025-10-07 17:29:08] User -> FPS Added -> admin@pds| ABGH
[2025-10-07 17:29:08] User -> FPS Added -> admin@pds| ABGH
[2025-10-07 17:29:08] User -> FPS Added -> admin@pds| ABGH
[2025-10-07 17:29:08] User -> FPS Added -> admin@pds| ABGH
[2025-10-07 17:29:08] User -> FPS Added -> admin@pds| ABGH
[2025-10-07 17:29:08] User -> FPS Added -> admin@pds| ABGH
[2025-10-07 17:29:08] User -> FPS Added -> admin@pds| ABGH
[2025-10-07 17:29:08] User -> FPS Added -> admin@pds| ABGH
[2025-10-07 17:29:08] User -> FPS Added -> admin@pds| ABGH
[2025-10-07 17:29:08] User -> FPS Added -> admin@pds| ABGH
[2025-10-07 17:29:08] User -> FPS Added -> admin@pds| ABGH
[2025-10-07 17:29:08] User -> FPS Added -> admin@pds| ABGH
[2025-10-07 17:29:08] User -> FPS Added -> admin@pds| ABGH
[2025-10-07 17:29:08] User -> FPS Added -> admin@pds| ABGH
[2025-10-07 17:29:08] User -> FPS Added -> admin@pds| ABGH
[2025-10-07 17:29:08] User -> FPS Added -> admin@pds| ABGH
[2025-10-07 17:29:08] User -> FPS Added -> admin@pds| ABGH
[2025-10-07 17:29:08] User -> FPS Added -> admin@pds| ABGH
[2025-10-07 17:29:08] User -> FPS Added -> admin@pds| ABGH
[2025-10-07 17:29:08] User -> FPS Added -> admin@pds| ABGH
[2025-10-07 17:29:08] User -> FPS Added -> admin@pds| ABGH
[2025-10-07 17:29:08] User -> FPS Added -> admin@pds| ABGH
[2025-10-07 17:29:08] User -> FPS Added -> admin@pds| ABGH
[2025-10-07 17:29:08] User -> FPS Added -> admin@pds| ABGH
[2025-10-07 17:29:08] User -> FPS Added -> admin@pds| ABGH
[2025-10-07 17:29:08] User -> FPS Added -> admin@pds| ABGH
[2025-10-07 17:29:08] User -> FPS Added -> admin@pds| ABGH
[2025-10-07 17:29:08] User -> FPS Added -> admin@pds| ABGH
[2025-10-07 17:29:08] User -> FPS Added -> admin@pds| ABGH
[2025-10-07 17:29:08] User -> FPS Added -> admin@pds| ABGH
[2025-10-07 17:29:08] User -> FPS Added -> admin@pds| ABGH
[2025-10-07 17:29:08] User -> FPS Added -> admin@pds| ABGH
[2025-10-07 17:29:08] User -> FPS Added -> admin@pds| ABGH
[2025-10-07 17:29:08] User -> FPS Added -> admin@pds| ABGH
[2025-10-07 17:29:08] User -> FPS Added -> admin@pds| ABGH
[2025-10-07 17:29:08] User -> FPS Added -> admin@pds| ABGH
[2025-10-07 17:29:08] User -> FPS Added -> admin@pds| ABGH
[2025-10-07 17:29:08] User -> FPS Added -> admin@pds| ABGH
[2025-10-07 17:29:08] User -> FPS Added -> admin@pds| ABGH
[2025-10-07 17:29:08] User -> FPS Added -> admin@pds| ABGH
[2025-10-07 17:29:08] User -> FPS Added -> admin@pds| ABGH
[2025-10-07 17:29:08] User -> FPS Added -> admin@pds| ABGH
[2025-10-07 17:29:08] User -> FPS Added -> admin@pds| ABGH
[2025-10-07 17:29:08] User -> FPS Added -> admin@pds| ABGH
[2025-10-07 17:29:08] User -> FPS Added -> admin@pds| ABGH
[2025-10-07 17:29:08] User -> FPS Added -> admin@pds| ABGH
[2025-10-07 17:29:08] User -> FPS Added -> admin@pds| ABGH
[2025-10-07 17:29:08] User -> FPS Added -> admin@pds| ABGH
[2025-10-07 17:29:08] User -> FPS Added -> admin@pds| ABGH
[2025-10-07 17:29:08] User -> FPS Added -> admin@pds| ABGH
[2025-10-07 17:29:08] User -> FPS Added -> admin@pds| ABGH
[2025-10-07 17:29:08] User -> FPS Added -> admin@pds| ABGH
[2025-10-07 17:29:08] User -> FPS Added -> admin@pds| ABGH
[2025-10-07 17:29:08] User -> FPS Added -> admin@pds| ABGH
[2025-10-07 17:29:08] User -> FPS Added -> admin@pds| ABGH
[2025-10-07 17:29:08] User -> FPS Added -> admin@pds| ABGH
[2025-10-07 17:29:08] User -> FPS Added -> admin@pds| ABGH
[2025-10-07 17:29:08] User -> FPS Added -> admin@pds| ABGH
[2025-10-07 17:29:08] User -> FPS Added -> admin@pds| ABGH
[2025-10-07 17:29:08] User -> FPS Added -> admin@pds| ABGH
[2025-10-07 17:29:08] User -> FPS Added -> admin@pds| ABGH
[2025-10-07 17:29:08] User -> FPS Added -> admin@pds| ABGH
[2025-10-07 17:29:08] User -> FPS Added -> admin@pds| ABGH
[2025-10-07 17:29:08] User -> FPS Added -> admin@pds| ABGH
[2025-10-07 17:29:08] User -> FPS Added -> admin@pds| ABGH
[2025-10-07 17:29:08] User -> FPS Added -> admin@pds| ABGH
[2025-10-07 17:29:08] User -> FPS Added -> admin@pds| ABGH
[2025-10-07 17:29:08] User -> FPS Added -> admin@pds| ABGH
[2025-10-07 17:29:08] User -> FPS Added -> admin@pds| ABGH
[2025-10-07 17:29:08] User -> FPS Added -> admin@pds| ABGH
[2025-10-07 17:29:08] User -> FPS Added -> admin@pds| ABGH
[2025-10-07 17:29:08] User -> FPS Added -> admin@pds| ABGH
[2025-10-07 17:29:08] User -> FPS Added -> admin@pds| ABGH
[2025-10-07 17:29:08] User -> FPS Added -> admin@pds| ABGH
[2025-10-07 17:29:08] User -> FPS Added -> admin@pds| ABGH
[2025-10-07 17:29:08] User -> FPS Added -> admin@pds| ABGH
[2025-10-07 17:29:08] User -> FPS Added -> admin@pds| ABGH
[2025-10-07 17:29:08] User -> FPS Added -> admin@pds| ABGH
[2025-10-07 17:29:08] User -> FPS Added -> admin@pds| ABGH
[2025-10-07 17:29:08] User -> FPS Added -> admin@pds| ABGH
[2025-10-07 17:29:08] User -> FPS Added -> admin@pds| ABGH
[2025-10-07 17:29:08] User -> FPS Added -> admin@pds| ABGH
[2025-10-07 17:29:08] User -> FPS Added -> admin@pds| ABGH
[2025-10-07 17:29:08] User -> FPS Added -> admin@pds| ABGH
[2025-10-07 17:29:08] User -> FPS Added -> admin@pds| ABGH
[2025-10-07 17:29:08] User -> FPS Added -> admin@pds| ABGH
[2025-10-07 17:29:08] User -> FPS Added -> admin@pds| ABGH
[2025-10-07 17:29:08] User -> FPS Added -> admin@pds| ABGH
[2025-10-07 17:29:08] User -> FPS Added -> admin@pds| ABGH
[2025-10-07 17:29:08] User -> FPS Added -> admin@pds| ABGH
[2025-10-07 17:29:08] User -> FPS Added -> admin@pds| ABGH
[2025-10-07 17:29:08] User -> FPS Added -> admin@pds| ABGH
[2025-10-07 17:29:08] User -> FPS Added -> admin@pds| ABGH
[2025-10-07 17:29:08] User -> FPS Added -> admin@pds| ABGH
[2025-10-07 17:29:08] User -> FPS Added -> admin@pds| ABGH
[2025-10-07 17:29:08] User -> FPS Added -> admin@pds| ABGH
[2025-10-07 17:29:08] User -> FPS Added -> admin@pds| ABGH
[2025-10-07 17:29:08] User -> FPS Added -> admin@pds| ABGH
[2025-10-07 17:29:08] User -> FPS Added -> admin@pds| ABGH
[2025-10-07 17:29:08] User -> FPS Added -> admin@pds| ABGH
[2025-10-07 17:29:08] User -> FPS Added -> admin@pds| ABGH
[2025-10-07 17:29:08] User -> FPS Added -> admin@pds| ABGH
[2025-10-07 17:29:08] User -> FPS Added -> admin@pds| ABGH
[2025-10-07 17:29:08] User -> FPS Added -> admin@pds| ABGH
[2025-10-07 17:29:08] User -> FPS Added -> admin@pds| ABGH
[2025-10-07 17:29:08] User -> FPS Added -> admin@pds| ABGH
[2025-10-07 17:29:08] User -> FPS Added -> admin@pds| ABGH
[2025-10-07 17:29:08] User -> FPS Added -> admin@pds| ABGH
[2025-10-07 17:29:08] User -> FPS Added -> admin@pds| ABGH
[2025-10-07 17:29:08] User -> FPS Added -> admin@pds| ABGH
[2025-10-07 17:29:08] User -> FPS Added -> admin@pds| ABGH
[2025-10-07 17:29:08] User -> FPS Added -> admin@pds| ABGH
[2025-10-07 17:29:08] User -> FPS Added -> admin@pds| ABGH
[2025-10-07 17:29:08] User -> FPS Added -> admin@pds| ABGH
[2025-10-07 17:29:08] User -> FPS Added -> admin@pds| ABGH
[2025-10-07 17:29:08] User -> FPS Added -> admin@pds| ABGH
[2025-10-07 17:29:08] User -> FPS Added -> admin@pds| ABGH
[2025-10-07 17:29:08] User -> FPS Added -> admin@pds| ABGH
[2025-10-07 17:29:08] User -> FPS Added -> admin@pds| ABGH
[2025-10-07 17:29:08] User -> FPS Added -> admin@pds| ABGH
[2025-10-07 17:29:08] User -> FPS Added -> admin@pds| ABGH
[2025-10-07 17:29:08] User -> FPS Added -> admin@pds| ABGH
[2025-10-07 17:29:08] User -> FPS Added -> admin@pds| ABGH
[2025-10-07 17:29:08] User -> FPS Added -> admin@pds| ABGH
[2025-10-07 17:29:08] User -> FPS Added -> admin@pds| ABGH
[2025-10-07 17:29:08] User -> FPS Added -> admin@pds| ABGH
[2025-10-07 17:29:08] User -> FPS Added -> admin@pds| ABGH
[2025-10-07 17:29:08] User -> FPS Added -> admin@pds| ABGH
[2025-10-07 17:29:08] User -> FPS Added -> admin@pds| ABGH
[2025-10-07 17:29:08] User -> FPS Added -> admin@pds| ABGH
[2025-10-07 17:29:08] User -> FPS Added -> admin@pds| ABGH
[2025-10-07 17:29:08] User -> FPS Added -> admin@pds| ABGH
[2025-10-07 17:29:08] User -> FPS Added -> admin@pds| ABGH
[2025-10-07 17:29:08] User -> FPS Added -> admin@pds| ABGH
[2025-10-07 17:29:08] User -> FPS Added -> admin@pds| ABGH
[2025-10-07 17:29:08] User -> FPS Added -> admin@pds| ABGH
[2025-10-07 17:29:08] User -> FPS Added -> admin@pds| ABGH
[2025-10-07 17:29:08] User -> FPS Added -> admin@pds| ABGH
[2025-10-07 17:29:08] User -> FPS Added -> admin@pds| ABGH
[2025-10-07 17:29:08] User -> FPS Added -> admin@pds| ABGH
[2025-10-07 17:29:08] User -> FPS Added -> admin@pds| ABGH
[2025-10-07 17:29:08] User -> FPS Added -> admin@pds| ABGH
[2025-10-07 17:29:08] User -> FPS Added -> admin@pds| ABGH
[2025-10-07 17:29:08] User -> FPS Added -> admin@pds| ABGH
[2025-10-07 17:29:08] User -> FPS Added -> admin@pds| ABGH
[2025-10-07 17:29:08] User -> FPS Added -> admin@pds| ABGH
[2025-10-07 17:29:08] User -> FPS Added -> admin@pds| ABGH
[2025-10-07 17:29:08] User -> FPS Added -> admin@pds| ABGH
[2025-10-07 17:29:08] User -> FPS Added -> admin@pds| ABGH
[2025-10-07 17:29:08] User -> FPS Added -> admin@pds| ABGH
[2025-10-07 17:29:08] User -> FPS Added -> admin@pds| ABGH
[2025-10-07 17:29:08] User -> FPS Added -> admin@pds| ABGH
[2025-10-07 17:29:08] User -> FPS Added -> admin@pds| ABGH
[2025-10-07 17:29:08] User -> FPS Added -> admin@pds| ABGH
[2025-10-07 17:29:08] User -> FPS Added -> admin@pds| ABGH
[2025-10-07 17:29:08] User -> FPS Added -> admin@pds| ABGH
[2025-10-07 17:29:08] User -> FPS Added -> admin@pds| ABGH
[2025-10-07 17:29:08] User -> FPS Added -> admin@pds| ABGH
[2025-10-07 17:29:08] User -> FPS Added -> admin@pds| ABGH
[2025-10-07 17:29:08] User -> FPS Added -> admin@pds| ABGH
[2025-10-07 17:29:08] User -> FPS Added -> admin@pds| ABGH
[2025-10-07 17:29:08] User -> FPS Added -> admin@pds| ABGH
[2025-10-07 17:29:08] User -> FPS Added -> admin@pds| ABGH
[2025-10-07 17:29:08] User -> FPS Added -> admin@pds| ABGH
[2025-10-07 17:29:08] User -> FPS Added -> admin@pds| ABGH
[2025-10-07 17:29:08] User -> FPS Added -> admin@pds| ABGH
[2025-10-07 17:29:08] User -> FPS Added -> admin@pds| ABGH
[2025-10-07 17:29:08] User -> FPS Added -> admin@pds| ABGH
[2025-10-07 17:29:08] User -> FPS Added -> admin@pds| ABGH
[2025-10-07 17:29:08] User -> FPS Added -> admin@pds| ABGH
[2025-10-07 17:29:08] User -> FPS Added -> admin@pds| ABGH
[2025-10-07 17:29:08] User -> FPS Added -> admin@pds| ABGH
[2025-10-07 17:29:08] User -> FPS Added -> admin@pds| ABGH
[2025-10-07 17:29:08] User -> FPS Added -> admin@pds| ABGH
[2025-10-07 17:29:08] User -> FPS Added -> admin@pds| ABGH
[2025-10-07 17:29:08] User -> FPS Added -> admin@pds| ABGH
[2025-10-07 17:29:08] User -> FPS Added -> admin@pds| ABGH
[2025-10-07 17:29:08] User -> FPS Added -> admin@pds| ABGH
[2025-10-07 17:29:08] User -> FPS Added -> admin@pds| ABGH
[2025-10-07 17:29:08] User -> FPS Added -> admin@pds| ABGH
[2025-10-07 17:29:08] User -> FPS Added -> admin@pds| ABGH
[2025-10-07 17:29:08] User -> FPS Added -> admin@pds| ABGH
[2025-10-07 17:29:08] User -> FPS Added -> admin@pds| ABGH
[2025-10-07 17:29:08] User -> FPS Added -> admin@pds| ABGH
[2025-10-07 17:29:08] User -> FPS Added -> admin@pds| ABGH
[2025-10-07 17:29:08] User -> FPS Added -> admin@pds| ABGH
[2025-10-07 17:29:08] User -> FPS Added -> admin@pds| ABGH
[2025-10-07 17:29:08] User -> FPS Added -> admin@pds| ABGH
[2025-10-07 17:29:08] User -> FPS Added -> admin@pds| ABGH
[2025-10-07 17:29:08] User -> FPS Added -> admin@pds| ABGH
[2025-10-07 17:29:08] User -> FPS Added -> admin@pds| ABGH
[2025-10-07 17:29:08] User -> FPS Added -> admin@pds| ABGH
[2025-10-07 17:29:08] User -> FPS Added -> admin@pds| ABGH
[2025-10-07 17:29:08] User -> FPS Added -> admin@pds| ABGH
[2025-10-07 17:29:08] User -> FPS Added -> admin@pds| ABGH
[2025-10-07 17:29:08] User -> FPS Added -> admin@pds| ABGH
[2025-10-07 17:29:08] User -> FPS Added -> admin@pds| ABGH
[2025-10-07 17:29:08] User -> FPS Added -> admin@pds| ABGH
[2025-10-07 17:29:08] User -> FPS Added -> admin@pds| ABGH
[2025-10-07 17:29:08] User -> FPS Added -> admin@pds| ABGH
[2025-10-07 17:29:08] User -> FPS Added -> admin@pds| ABGH
[2025-10-07 17:29:08] User -> FPS Added -> admin@pds| ABGH
[2025-10-07 17:29:08] User -> FPS Added -> admin@pds| ABGH
[2025-10-07 17:29:08] User -> FPS Added -> admin@pds| ABGH
[2025-10-07 17:29:08] User -> FPS Added -> admin@pds| ABGH
[2025-10-07 17:29:08] User -> FPS Added -> admin@pds| ABGH
[2025-10-07 17:29:08] User -> FPS Added -> admin@pds| ABGH
[2025-10-07 17:29:08] User -> FPS Added -> admin@pds| ABGH
[2025-10-07 17:29:08] User -> FPS Added -> admin@pds| ABGH
[2025-10-07 17:29:34] User -> FPS deleted -> admin@pds| Requested JSON -> {"uid":"all"} | all
[2025-10-07 17:30:04] User -> FPS Added -> admin@pds| ABGH
[2025-10-07 17:30:04] User -> FPS Added -> admin@pds| ABGH
[2025-10-07 17:30:04] User -> FPS Added -> admin@pds| ABGH
[2025-10-07 17:30:04] User -> FPS Added -> admin@pds| ABGH
[2025-10-07 17:30:04] User -> FPS Added -> admin@pds| ABGH
[2025-10-07 17:30:04] User -> FPS Added -> admin@pds| ABGH
[2025-10-07 17:30:04] User -> FPS Added -> admin@pds| ABGH
[2025-10-07 17:30:04] User -> FPS Added -> admin@pds| ABGH
[2025-10-07 17:30:04] User -> FPS Added -> admin@pds| ABGH
[2025-10-07 17:30:04] User -> FPS Added -> admin@pds| ABGH
[2025-10-07 17:30:04] User -> FPS Added -> admin@pds| ABGH
[2025-10-07 17:30:04] User -> FPS Added -> admin@pds| ABGH
[2025-10-07 17:30:04] User -> FPS Added -> admin@pds| ABGH
[2025-10-07 17:30:04] User -> FPS Added -> admin@pds| ABGH
[2025-10-07 17:30:04] User -> FPS Added -> admin@pds| ABGH
[2025-10-07 17:30:04] User -> FPS Added -> admin@pds| ABGH
[2025-10-07 17:30:04] User -> FPS Added -> admin@pds| ABGH
[2025-10-07 17:30:04] User -> FPS Added -> admin@pds| ABGH
[2025-10-07 17:30:04] User -> FPS Added -> admin@pds| ABGH
[2025-10-07 17:30:04] User -> FPS Added -> admin@pds| ABGH
[2025-10-07 17:30:04] User -> FPS Added -> admin@pds| ABGH
[2025-10-07 17:30:04] User -> FPS Added -> admin@pds| ABGH
[2025-10-07 17:30:04] User -> FPS Added -> admin@pds| ABGH
[2025-10-07 17:30:04] User -> FPS Added -> admin@pds| ABGH
[2025-10-07 17:30:04] User -> FPS Added -> admin@pds| ABGH
[2025-10-07 17:30:04] User -> FPS Added -> admin@pds| ABGH
[2025-10-07 17:30:04] User -> FPS Added -> admin@pds| ABGH
[2025-10-07 17:30:04] User -> FPS Added -> admin@pds| ABGH
[2025-10-07 17:30:04] User -> FPS Added -> admin@pds| ABGH
[2025-10-07 17:30:04] User -> FPS Added -> admin@pds| ABGH
[2025-10-07 17:30:04] User -> FPS Added -> admin@pds| ABGH
[2025-10-07 17:30:04] User -> FPS Added -> admin@pds| ABGH
[2025-10-07 17:30:04] User -> FPS Added -> admin@pds| ABGH
[2025-10-07 17:30:04] User -> FPS Added -> admin@pds| ABGH
[2025-10-07 17:30:04] User -> FPS Added -> admin@pds| ABGH
[2025-10-07 17:30:04] User -> FPS Added -> admin@pds| ABGH
[2025-10-07 17:30:04] User -> FPS Added -> admin@pds| ABGH
[2025-10-07 17:30:04] User -> FPS Added -> admin@pds| ABGH
[2025-10-07 17:30:04] User -> FPS Added -> admin@pds| ABGH
[2025-10-07 17:30:04] User -> FPS Added -> admin@pds| ABGH
[2025-10-07 17:30:04] User -> FPS Added -> admin@pds| ABGH
[2025-10-07 17:30:04] User -> FPS Added -> admin@pds| ABGH
[2025-10-07 17:30:04] User -> FPS Added -> admin@pds| ABGH
[2025-10-07 17:30:04] User -> FPS Added -> admin@pds| ABGH
[2025-10-07 17:30:04] User -> FPS Added -> admin@pds| ABGH
[2025-10-07 17:30:04] User -> FPS Added -> admin@pds| ABGH
[2025-10-07 17:30:04] User -> FPS Added -> admin@pds| ABGH
[2025-10-07 17:30:04] User -> FPS Added -> admin@pds| ABGH
[2025-10-07 17:30:04] User -> FPS Added -> admin@pds| ABGH
[2025-10-07 17:30:04] User -> FPS Added -> admin@pds| ABGH
[2025-10-07 17:30:04] User -> FPS Added -> admin@pds| ABGH
[2025-10-07 17:30:04] User -> FPS Added -> admin@pds| ABGH
[2025-10-07 17:30:04] User -> FPS Added -> admin@pds| ABGH
[2025-10-07 17:30:04] User -> FPS Added -> admin@pds| ABGH
[2025-10-07 17:30:04] User -> FPS Added -> admin@pds| ABGH
[2025-10-07 17:30:04] User -> FPS Added -> admin@pds| ABGH
[2025-10-07 17:30:04] User -> FPS Added -> admin@pds| ABGH
[2025-10-07 17:30:04] User -> FPS Added -> admin@pds| ABGH
[2025-10-07 17:30:04] User -> FPS Added -> admin@pds| ABGH
[2025-10-07 17:30:04] User -> FPS Added -> admin@pds| ABGH
[2025-10-07 17:30:04] User -> FPS Added -> admin@pds| ABGH
[2025-10-07 17:30:04] User -> FPS Added -> admin@pds| ABGH
[2025-10-07 17:30:04] User -> FPS Added -> admin@pds| ABGH
[2025-10-07 17:30:04] User -> FPS Added -> admin@pds| ABGH
[2025-10-07 17:30:04] User -> FPS Added -> admin@pds| ABGH
[2025-10-07 17:30:04] User -> FPS Added -> admin@pds| ABGH
[2025-10-07 17:30:04] User -> FPS Added -> admin@pds| ABGH
[2025-10-07 17:30:04] User -> FPS Added -> admin@pds| ABGH
[2025-10-07 17:30:04] User -> FPS Added -> admin@pds| ABGH
[2025-10-07 17:30:04] User -> FPS Added -> admin@pds| ABGH
[2025-10-07 17:30:04] User -> FPS Added -> admin@pds| ABGH
[2025-10-07 17:30:04] User -> FPS Added -> admin@pds| ABGH
[2025-10-07 17:30:04] User -> FPS Added -> admin@pds| ABGH
[2025-10-07 17:30:04] User -> FPS Added -> admin@pds| ABGH
[2025-10-07 17:30:04] User -> FPS Added -> admin@pds| ABGH
[2025-10-07 17:30:04] User -> FPS Added -> admin@pds| ABGH
[2025-10-07 17:30:04] User -> FPS Added -> admin@pds| ABGH
[2025-10-07 17:30:04] User -> FPS Added -> admin@pds| ABGH
[2025-10-07 17:30:04] User -> FPS Added -> admin@pds| ABGH
[2025-10-07 17:30:04] User -> FPS Added -> admin@pds| ABGH
[2025-10-07 17:30:04] User -> FPS Added -> admin@pds| ABGH
[2025-10-07 17:30:04] User -> FPS Added -> admin@pds| ABGH
[2025-10-07 17:30:04] User -> FPS Added -> admin@pds| ABGH
[2025-10-07 17:30:04] User -> FPS Added -> admin@pds| ABGH
[2025-10-07 17:30:04] User -> FPS Added -> admin@pds| ABGH
[2025-10-07 17:30:04] User -> FPS Added -> admin@pds| ABGH
[2025-10-07 17:30:04] User -> FPS Added -> admin@pds| ABGH
[2025-10-07 17:30:04] User -> FPS Added -> admin@pds| ABGH
[2025-10-07 17:30:04] User -> FPS Added -> admin@pds| ABGH
[2025-10-07 17:30:04] User -> FPS Added -> admin@pds| ABGH
[2025-10-07 17:30:04] User -> FPS Added -> admin@pds| ABGH
[2025-10-07 17:30:04] User -> FPS Added -> admin@pds| ABGH
[2025-10-07 17:30:04] User -> FPS Added -> admin@pds| ABGH
[2025-10-07 17:30:04] User -> FPS Added -> admin@pds| ABGH
[2025-10-07 17:30:04] User -> FPS Added -> admin@pds| ABGH
[2025-10-07 17:30:04] User -> FPS Added -> admin@pds| ABGH
[2025-10-07 17:30:04] User -> FPS Added -> admin@pds| ABGH
[2025-10-07 17:30:04] User -> FPS Added -> admin@pds| ABGH
[2025-10-07 17:30:04] User -> FPS Added -> admin@pds| ABGH
[2025-10-07 17:30:04] User -> FPS Added -> admin@pds| ABGH
[2025-10-07 17:30:04] User -> FPS Added -> admin@pds| ABGH
[2025-10-07 17:30:04] User -> FPS Added -> admin@pds| ABGH
[2025-10-07 17:30:04] User -> FPS Added -> admin@pds| ABGH
[2025-10-07 17:30:04] User -> FPS Added -> admin@pds| ABGH
[2025-10-07 17:30:04] User -> FPS Added -> admin@pds| ABGH
[2025-10-07 17:30:04] User -> FPS Added -> admin@pds| ABGH
[2025-10-07 17:30:04] User -> FPS Added -> admin@pds| ABGH
[2025-10-07 17:30:04] User -> FPS Added -> admin@pds| ABGH
[2025-10-07 17:30:04] User -> FPS Added -> admin@pds| ABGH
[2025-10-07 17:30:04] User -> FPS Added -> admin@pds| ABGH
[2025-10-07 17:30:04] User -> FPS Added -> admin@pds| ABGH
[2025-10-07 17:30:04] User -> FPS Added -> admin@pds| ABGH
[2025-10-07 17:30:04] User -> FPS Added -> admin@pds| ABGH
[2025-10-07 17:30:04] User -> FPS Added -> admin@pds| ABGH
[2025-10-07 17:30:04] User -> FPS Added -> admin@pds| ABGH
[2025-10-07 17:30:04] User -> FPS Added -> admin@pds| ABGH
[2025-10-07 17:30:04] User -> FPS Added -> admin@pds| ABGH
[2025-10-07 17:30:04] User -> FPS Added -> admin@pds| ABGH
[2025-10-07 17:30:04] User -> FPS Added -> admin@pds| ABGH
[2025-10-07 17:30:04] User -> FPS Added -> admin@pds| ABGH
[2025-10-07 17:30:04] User -> FPS Added -> admin@pds| ABGH
[2025-10-07 17:30:04] User -> FPS Added -> admin@pds| ABGH
[2025-10-07 17:30:04] User -> FPS Added -> admin@pds| ABGH
[2025-10-07 17:30:04] User -> FPS Added -> admin@pds| ABGH
[2025-10-07 17:30:04] User -> FPS Added -> admin@pds| ABGH
[2025-10-07 17:30:04] User -> FPS Added -> admin@pds| ABGH
[2025-10-07 17:30:04] User -> FPS Added -> admin@pds| ABGH
[2025-10-07 17:30:04] User -> FPS Added -> admin@pds| ABGH
[2025-10-07 17:30:04] User -> FPS Added -> admin@pds| ABGH
[2025-10-07 17:30:04] User -> FPS Added -> admin@pds| ABGH
[2025-10-07 17:30:04] User -> FPS Added -> admin@pds| ABGH
[2025-10-07 17:30:04] User -> FPS Added -> admin@pds| ABGH
[2025-10-07 17:30:04] User -> FPS Added -> admin@pds| ABGH
[2025-10-07 17:30:04] User -> FPS Added -> admin@pds| ABGH
[2025-10-07 17:30:04] User -> FPS Added -> admin@pds| ABGH
[2025-10-07 17:30:04] User -> FPS Added -> admin@pds| ABGH
[2025-10-07 17:30:04] User -> FPS Added -> admin@pds| ABGH
[2025-10-07 17:30:04] User -> FPS Added -> admin@pds| ABGH
[2025-10-07 17:30:04] User -> FPS Added -> admin@pds| ABGH
[2025-10-07 17:30:04] User -> FPS Added -> admin@pds| ABGH
[2025-10-07 17:30:04] User -> FPS Added -> admin@pds| ABGH
[2025-10-07 17:30:04] User -> FPS Added -> admin@pds| ABGH
[2025-10-07 17:30:04] User -> FPS Added -> admin@pds| ABGH
[2025-10-07 17:30:04] User -> FPS Added -> admin@pds| ABGH
[2025-10-07 17:30:04] User -> FPS Added -> admin@pds| ABGH
[2025-10-07 17:30:04] User -> FPS Added -> admin@pds| ABGH
[2025-10-07 17:30:04] User -> FPS Added -> admin@pds| ABGH
[2025-10-07 17:30:04] User -> FPS Added -> admin@pds| ABGH
[2025-10-07 17:30:04] User -> FPS Added -> admin@pds| ABGH
[2025-10-07 17:30:04] User -> FPS Added -> admin@pds| ABGH
[2025-10-07 17:30:04] User -> FPS Added -> admin@pds| ABGH
[2025-10-07 17:30:04] User -> FPS Added -> admin@pds| ABGH
[2025-10-07 17:30:04] User -> FPS Added -> admin@pds| ABGH
[2025-10-07 17:30:04] User -> FPS Added -> admin@pds| ABGH
[2025-10-07 17:30:04] User -> FPS Added -> admin@pds| ABGH
[2025-10-07 17:30:04] User -> FPS Added -> admin@pds| ABGH
[2025-10-07 17:30:04] User -> FPS Added -> admin@pds| ABGH
[2025-10-07 17:30:04] User -> FPS Added -> admin@pds| ABGH
[2025-10-07 17:30:04] User -> FPS Added -> admin@pds| ABGH
[2025-10-07 17:30:04] User -> FPS Added -> admin@pds| ABGH
[2025-10-07 17:30:04] User -> FPS Added -> admin@pds| ABGH
[2025-10-07 17:30:04] User -> FPS Added -> admin@pds| ABGH
[2025-10-07 17:30:04] User -> FPS Added -> admin@pds| ABGH
[2025-10-07 17:30:04] User -> FPS Added -> admin@pds| ABGH
[2025-10-07 17:30:04] User -> FPS Added -> admin@pds| ABGH
[2025-10-07 17:30:04] User -> FPS Added -> admin@pds| ABGH
[2025-10-07 17:30:04] User -> FPS Added -> admin@pds| ABGH
[2025-10-07 17:30:04] User -> FPS Added -> admin@pds| ABGH
[2025-10-07 17:30:04] User -> FPS Added -> admin@pds| ABGH
[2025-10-07 17:30:04] User -> FPS Added -> admin@pds| ABGH
[2025-10-07 17:30:04] User -> FPS Added -> admin@pds| ABGH
[2025-10-07 17:30:04] User -> FPS Added -> admin@pds| ABGH
[2025-10-07 17:30:04] User -> FPS Added -> admin@pds| ABGH
[2025-10-07 17:30:04] User -> FPS Added -> admin@pds| ABGH
[2025-10-07 17:30:04] User -> FPS Added -> admin@pds| ABGH
[2025-10-07 17:30:04] User -> FPS Added -> admin@pds| ABGH
[2025-10-07 17:30:04] User -> FPS Added -> admin@pds| ABGH
[2025-10-07 17:30:04] User -> FPS Added -> admin@pds| ABGH
[2025-10-07 17:30:04] User -> FPS Added -> admin@pds| ABGH
[2025-10-07 17:30:04] User -> FPS Added -> admin@pds| ABGH
[2025-10-07 17:30:04] User -> FPS Added -> admin@pds| ABGH
[2025-10-07 17:30:04] User -> FPS Added -> admin@pds| ABGH
[2025-10-07 17:30:04] User -> FPS Added -> admin@pds| ABGH
[2025-10-07 17:30:04] User -> FPS Added -> admin@pds| ABGH
[2025-10-07 17:30:04] User -> FPS Added -> admin@pds| ABGH
[2025-10-07 17:30:04] User -> FPS Added -> admin@pds| ABGH
[2025-10-07 17:30:04] User -> FPS Added -> admin@pds| ABGH
[2025-10-07 17:30:04] User -> FPS Added -> admin@pds| ABGH
[2025-10-07 17:30:04] User -> FPS Added -> admin@pds| ABGH
[2025-10-07 17:30:04] User -> FPS Added -> admin@pds| ABGH
[2025-10-07 17:30:04] User -> FPS Added -> admin@pds| ABGH
[2025-10-07 17:30:04] User -> FPS Added -> admin@pds| ABGH
[2025-10-07 17:30:04] User -> FPS Added -> admin@pds| ABGH
[2025-10-07 17:30:04] User -> FPS Added -> admin@pds| ABGH
[2025-10-07 17:30:04] User -> FPS Added -> admin@pds| ABGH
[2025-10-07 17:30:04] User -> FPS Added -> admin@pds| ABGH
[2025-10-07 17:30:04] User -> FPS Added -> admin@pds| ABGH
[2025-10-07 17:30:04] User -> FPS Added -> admin@pds| ABGH
[2025-10-07 17:30:04] User -> FPS Added -> admin@pds| ABGH
[2025-10-07 17:30:04] User -> FPS Added -> admin@pds| ABGH
[2025-10-07 17:30:04] User -> FPS Added -> admin@pds| ABGH
[2025-10-07 17:30:04] User -> FPS Added -> admin@pds| ABGH
[2025-10-07 17:30:04] User -> FPS Added -> admin@pds| ABGH
[2025-10-07 17:30:04] User -> FPS Added -> admin@pds| ABGH
[2025-10-07 17:30:04] User -> FPS Added -> admin@pds| ABGH
[2025-10-07 17:30:04] User -> FPS Added -> admin@pds| ABGH
[2025-10-07 17:30:04] User -> FPS Added -> admin@pds| ABGH
[2025-10-07 17:30:04] User -> FPS Added -> admin@pds| ABGH
[2025-10-07 17:30:04] User -> FPS Added -> admin@pds| ABGH
[2025-10-07 17:30:04] User -> FPS Added -> admin@pds| ABGH
[2025-10-07 17:30:04] User -> FPS Added -> admin@pds| ABGH
[2025-10-07 17:30:04] User -> FPS Added -> admin@pds| ABGH
[2025-10-07 17:30:04] User -> FPS Added -> admin@pds| ABGH
[2025-10-07 17:30:04] User -> FPS Added -> admin@pds| ABGH
[2025-10-07 17:30:04] User -> FPS Added -> admin@pds| ABGH
[2025-10-07 17:30:04] User -> FPS Added -> admin@pds| ABGH
[2025-10-07 17:30:04] User -> FPS Added -> admin@pds| ABGH
[2025-10-07 17:30:04] User -> FPS Added -> admin@pds| ABGH
[2025-10-07 17:30:04] User -> FPS Added -> admin@pds| ABGH
[2025-10-07 17:30:04] User -> FPS Added -> admin@pds| ABGH
[2025-10-07 17:30:04] User -> FPS Added -> admin@pds| ABGH
[2025-10-07 17:30:04] User -> FPS Added -> admin@pds| ABGH
[2025-10-07 17:30:04] User -> FPS Added -> admin@pds| ABGH
[2025-10-07 17:30:04] User -> FPS Added -> admin@pds| ABGH
[2025-10-07 17:30:04] User -> FPS Added -> admin@pds| ABGH
[2025-10-07 17:30:04] User -> FPS Added -> admin@pds| ABGH
[2025-10-07 17:30:04] User -> FPS Added -> admin@pds| ABGH
[2025-10-07 17:30:04] User -> FPS Added -> admin@pds| ABGH
[2025-10-07 17:30:04] User -> FPS Added -> admin@pds| ABGH
[2025-10-07 17:30:04] User -> FPS Added -> admin@pds| ABGH
[2025-10-07 17:30:04] User -> FPS Added -> admin@pds| ABGH
[2025-10-07 17:30:04] User -> FPS Added -> admin@pds| ABGH
[2025-10-07 17:30:04] User -> FPS Added -> admin@pds| ABGH
[2025-10-07 17:30:04] User -> FPS Added -> admin@pds| ABGH
[2025-10-07 17:30:04] User -> FPS Added -> admin@pds| ABGH
[2025-10-07 17:30:04] User -> FPS Added -> admin@pds| ABGH
[2025-10-07 17:30:04] User -> FPS Added -> admin@pds| ABGH
[2025-10-07 17:30:04] User -> FPS Added -> admin@pds| ABGH
[2025-10-07 17:30:04] User -> FPS Added -> admin@pds| ABGH
[2025-10-07 17:30:04] User -> FPS Added -> admin@pds| ABGH
[2025-10-07 17:30:04] User -> FPS Added -> admin@pds| ABGH
[2025-10-07 17:30:04] User -> FPS Added -> admin@pds| ABGH
[2025-10-07 17:30:04] User -> FPS Added -> admin@pds| ABGH
[2025-10-07 17:30:04] User -> FPS Added -> admin@pds| ABGH
[2025-10-07 17:30:04] User -> FPS Added -> admin@pds| ABGH
[2025-10-07 17:30:04] User -> FPS Added -> admin@pds| ABGH
[2025-10-07 17:30:04] User -> FPS Added -> admin@pds| ABGH
[2025-10-07 17:30:04] User -> FPS Added -> admin@pds| ABGH
[2025-10-07 17:30:04] User -> FPS Added -> admin@pds| ABGH
[2025-10-07 17:30:04] User -> FPS Added -> admin@pds| ABGH
[2025-10-07 17:30:04] User -> FPS Added -> admin@pds| ABGH
[2025-10-07 17:30:04] User -> FPS Added -> admin@pds| ABGH
[2025-10-07 17:30:04] User -> FPS Added -> admin@pds| ABGH
[2025-10-07 17:30:04] User -> FPS Added -> admin@pds| ABGH
[2025-10-07 17:30:04] User -> FPS Added -> admin@pds| ABGH
[2025-10-07 17:30:04] User -> FPS Added -> admin@pds| ABGH
[2025-10-07 17:30:04] User -> FPS Added -> admin@pds| ABGH
[2025-10-07 17:30:04] User -> FPS Added -> admin@pds| ABGH
[2025-10-07 17:30:04] User -> FPS Added -> admin@pds| ABGH
[2025-10-07 17:30:04] User -> FPS Added -> admin@pds| ABGH
[2025-10-07 17:30:04] User -> FPS Added -> admin@pds| ABGH
[2025-10-07 17:30:04] User -> FPS Added -> admin@pds| ABGH
[2025-10-07 17:30:04] User -> FPS Added -> admin@pds| ABGH
[2025-10-07 17:30:04] User -> FPS Added -> admin@pds| ABGH
[2025-10-07 17:30:04] User -> FPS Added -> admin@pds| ABGH
[2025-10-07 17:30:04] User -> FPS Added -> admin@pds| ABGH
[2025-10-07 17:30:04] User -> FPS Added -> admin@pds| ABGH
[2025-10-07 17:30:04] User -> FPS Added -> admin@pds| ABGH
[2025-10-07 17:30:04] User -> FPS Added -> admin@pds| ABGH
[2025-10-07 17:30:04] User -> FPS Added -> admin@pds| ABGH
[2025-10-07 17:30:04] User -> FPS Added -> admin@pds| ABGH
[2025-10-07 17:30:04] User -> FPS Added -> admin@pds| ABGH
[2025-10-07 17:30:04] User -> FPS Added -> admin@pds| ABGH
[2025-10-07 17:30:04] User -> FPS Added -> admin@pds| ABGH
[2025-10-07 17:30:04] User -> FPS Added -> admin@pds| ABGH
[2025-10-07 17:30:04] User -> FPS Added -> admin@pds| ABGH
[2025-10-07 17:30:04] User -> FPS Added -> admin@pds| ABGH
[2025-10-07 17:30:04] User -> FPS Added -> admin@pds| ABGH
[2025-10-07 17:30:04] User -> FPS Added -> admin@pds| ABGH
[2025-10-07 17:30:04] User -> FPS Added -> admin@pds| ABGH
[2025-10-07 17:30:04] User -> FPS Added -> admin@pds| ABGH
[2025-10-07 17:30:04] User -> FPS Added -> admin@pds| ABGH
[2025-10-07 17:30:04] User -> FPS Added -> admin@pds| ABGH
[2025-10-07 17:30:04] User -> FPS Added -> admin@pds| ABGH
[2025-10-07 17:30:04] User -> FPS Added -> admin@pds| ABGH
[2025-10-07 17:30:04] User -> FPS Added -> admin@pds| ABGH
[2025-10-07 17:30:04] User -> FPS Added -> admin@pds| ABGH
[2025-10-07 17:30:04] User -> FPS Added -> admin@pds| ABGH
[2025-10-07 17:30:04] User -> FPS Added -> admin@pds| ABGH
[2025-10-07 17:30:04] User -> FPS Added -> admin@pds| ABGH
[2025-10-07 17:30:04] User -> FPS Added -> admin@pds| ABGH
[2025-10-07 17:30:04] User -> FPS Added -> admin@pds| ABGH
[2025-10-07 17:30:04] User -> FPS Added -> admin@pds| ABGH
[2025-10-07 17:30:04] User -> FPS Added -> admin@pds| ABGH
[2025-10-07 17:30:04] User -> FPS Added -> admin@pds| ABGH
[2025-10-07 17:30:04] User -> FPS Added -> admin@pds| ABGH
[2025-10-07 17:30:04] User -> FPS Added -> admin@pds| ABGH
[2025-10-07 17:30:04] User -> FPS Added -> admin@pds| ABGH
[2025-10-07 17:30:04] User -> FPS Added -> admin@pds| ABGH
[2025-10-07 17:30:04] User -> FPS Added -> admin@pds| ABGH
[2025-10-07 17:30:04] User -> FPS Added -> admin@pds| ABGH
[2025-10-07 17:30:04] User -> FPS Added -> admin@pds| ABGH
[2025-10-07 17:30:04] User -> FPS Added -> admin@pds| ABGH
[2025-10-07 17:30:04] User -> FPS Added -> admin@pds| ABGH
[2025-10-07 17:30:04] User -> FPS Added -> admin@pds| ABGH
[2025-10-07 17:30:04] User -> FPS Added -> admin@pds| ABGH
[2025-10-07 17:30:04] User -> FPS Added -> admin@pds| ABGH
[2025-10-07 17:30:04] User -> FPS Added -> admin@pds| ABGH
[2025-10-07 17:30:04] User -> FPS Added -> admin@pds| ABGH
[2025-10-07 17:30:04] User -> FPS Added -> admin@pds| ABGH
[2025-10-07 17:30:04] User -> FPS Added -> admin@pds| ABGH
[2025-10-07 17:30:04] User -> FPS Added -> admin@pds| ABGH
[2025-10-07 17:30:04] User -> FPS Added -> admin@pds| ABGH
[2025-10-07 17:30:04] User -> FPS Added -> admin@pds| ABGH
[2025-10-07 17:30:04] User -> FPS Added -> admin@pds| ABGH
[2025-10-07 17:30:04] User -> FPS Added -> admin@pds| ABGH
[2025-10-07 17:30:04] User -> FPS Added -> admin@pds| ABGH
[2025-10-07 17:30:04] User -> FPS Added -> admin@pds| ABGH
[2025-10-07 17:30:04] User -> FPS Added -> admin@pds| ABGH
[2025-10-07 17:30:04] User -> FPS Added -> admin@pds| ABGH
[2025-10-07 17:30:04] User -> FPS Added -> admin@pds| ABGH
[2025-10-07 17:30:04] User -> FPS Added -> admin@pds| ABGH
[2025-10-07 17:30:04] User -> FPS Added -> admin@pds| ABGH
[2025-10-07 17:30:04] User -> FPS Added -> admin@pds| ABGH
[2025-10-07 17:30:05] User -> FPS Added -> admin@pds| ABGH
[2025-10-07 17:30:05] User -> FPS Added -> admin@pds| ABGH
[2025-10-07 17:30:05] User -> FPS Added -> admin@pds| ABGH
[2025-10-07 17:30:05] User -> FPS Added -> admin@pds| ABGH
[2025-10-07 17:30:05] User -> FPS Added -> admin@pds| ABGH
[2025-10-07 17:30:05] User -> FPS Added -> admin@pds| ABGH
[2025-10-07 17:30:05] User -> FPS Added -> admin@pds| ABGH
[2025-10-07 17:30:05] User -> FPS Added -> admin@pds| ABGH
[2025-10-07 17:30:05] User -> FPS Added -> admin@pds| ABGH
[2025-10-07 17:30:05] User -> FPS Added -> admin@pds| ABGH
[2025-10-07 17:30:05] User -> FPS Added -> admin@pds| ABGH
[2025-10-07 17:30:05] User -> FPS Added -> admin@pds| ABGH
[2025-10-07 17:30:05] User -> FPS Added -> admin@pds| ABGH
[2025-10-07 17:30:05] User -> FPS Added -> admin@pds| ABGH
[2025-10-07 17:30:05] User -> FPS Added -> admin@pds| ABGH
[2025-10-07 17:30:05] User -> FPS Added -> admin@pds| ABGH
[2025-10-07 17:30:05] User -> FPS Added -> admin@pds| ABGH
[2025-10-07 17:30:05] User -> FPS Added -> admin@pds| ABGH
[2025-10-07 17:30:05] User -> FPS Added -> admin@pds| ABGH
[2025-10-07 17:30:05] User -> FPS Added -> admin@pds| ABGH
[2025-10-07 17:30:05] User -> FPS Added -> admin@pds| ABGH
[2025-10-07 17:30:05] User -> FPS Added -> admin@pds| ABGH
[2025-10-07 17:30:05] User -> FPS Added -> admin@pds| ABGH
[2025-10-07 17:30:05] User -> FPS Added -> admin@pds| ABGH
[2025-10-07 17:30:05] User -> FPS Added -> admin@pds| ABGH
[2025-10-07 17:30:05] User -> FPS Added -> admin@pds| ABGH
[2025-10-07 17:30:05] User -> FPS Added -> admin@pds| ABGH
[2025-10-07 17:30:05] User -> FPS Added -> admin@pds| ABGH
[2025-10-07 17:30:05] User -> FPS Added -> admin@pds| ABGH
[2025-10-07 17:30:05] User -> FPS Added -> admin@pds| ABGH
[2025-10-07 17:30:05] User -> FPS Added -> admin@pds| ABGH
[2025-10-07 17:30:05] User -> FPS Added -> admin@pds| ABGH
[2025-10-07 17:30:05] User -> FPS Added -> admin@pds| ABGH
[2025-10-07 17:30:05] User -> FPS Added -> admin@pds| ABGH
[2025-10-07 17:30:05] User -> FPS Added -> admin@pds| ABGH
[2025-10-07 17:30:05] User -> FPS Added -> admin@pds| ABGH
[2025-10-07 17:30:05] User -> FPS Added -> admin@pds| ABGH
[2025-10-07 17:30:05] User -> FPS Added -> admin@pds| ABGH
[2025-10-07 17:30:05] User -> FPS Added -> admin@pds| ABGH
[2025-10-07 17:30:05] User -> FPS Added -> admin@pds| ABGH
[2025-10-07 17:30:05] User -> FPS Added -> admin@pds| ABGH
[2025-10-07 17:30:05] User -> FPS Added -> admin@pds| ABGH
[2025-10-07 17:30:05] User -> FPS Added -> admin@pds| ABGH
[2025-10-07 17:30:05] User -> FPS Added -> admin@pds| ABGH
[2025-10-07 17:30:05] User -> FPS Added -> admin@pds| ABGH
[2025-10-07 17:30:05] User -> FPS Added -> admin@pds| ABGH
[2025-10-07 17:30:05] User -> FPS Added -> admin@pds| ABGH
[2025-10-07 17:30:05] User -> FPS Added -> admin@pds| ABGH
[2025-10-07 17:30:05] User -> FPS Added -> admin@pds| ABGH
[2025-10-07 17:30:05] User -> FPS Added -> admin@pds| ABGH
[2025-10-07 17:30:05] User -> FPS Added -> admin@pds| ABGH
[2025-10-07 17:30:05] User -> FPS Added -> admin@pds| ABGH
[2025-10-07 17:30:05] User -> FPS Added -> admin@pds| ABGH
[2025-10-07 17:30:05] User -> FPS Added -> admin@pds| ABGH
[2025-10-07 17:30:05] User -> FPS Added -> admin@pds| ABGH
[2025-10-07 17:30:05] User -> FPS Added -> admin@pds| ABGH
[2025-10-07 17:30:05] User -> FPS Added -> admin@pds| ABGH
[2025-10-07 17:30:05] User -> FPS Added -> admin@pds| ABGH
