[2025-10-08 09:50:02] User -> District added ->admin@pds| Requested JSON ->
{"name":"gfggg"}
[2025-10-08 09:50:51] User -> District deleted -> admin@pds| Requested JSON
	-> {"uid":"68e5e67254e91"} | Gfggg
[2025-10-08 09:53:33] User -> Mill added ->admin@pds| Requested JSON -> {"name":"Lehdgfkkkk","type":"sdfskkkk","latitude":"11","longitude":"12","district":"Kargil","id":"324378","demand":"12.335","demand_rice":"11.125"}
[2025-10-08 09:54:05] User -> Mill deleted -> admin@pds | Requested JSON -> {"uid":"DCP_68e5e74553a"} | Lehdgfkkkk
[2025-10-08 10:01:30] User -> Mill Edit->admin@pds| Requested JSON
-> {"name":"Lehdgf12","uniqueid":"DCP_68e4f8c160e","active":"1","type":"sdfsfg","latitude":"12","longitude":"12","district":"Kargil","id":"3243","demand":"12.33","demand_rice":"89"}
[2025-10-08 10:02:03] User -> Mill deleted -> admin@pds | Requested JSON -> {"uid":"all"} | all
[2025-10-08 10:05:36] User -> Mill Added -> admin@pds| Abcdeiiiii
[2025-10-08 10:05:36] User -> Mill Added -> admin@pds| serhggrh
[2025-10-08 10:05:36] User -> Mill Added -> admin@pds| Kangrimill
[2025-10-08 10:05:36] User -> Mill Added -> admin@pds| Atta Storesuru Valley Rf Mill
[2025-10-08 10:05:36] User -> Mill Added -> admin@pds| Lehdgf
[2025-10-08 10:12:47] User -> Mill Edit -> admin@pds| Abcdeiiiii
[2025-10-08 10:12:47] User -> Mill Edit -> admin@pds| serhggrh
[2025-10-08 10:12:47] User -> Mill Edit -> admin@pds| Kangrimill
[2025-10-08 10:12:47] User -> Mill Edit -> admin@pds| Atta Storesuru Valley Rf Mill
[2025-10-08 10:12:47] User -> Mill Edit -> admin@pds| Lehdgf
[2025-10-08 10:22:15] User -> Warehouse Edit->admin@pds| Requested JSON -> {"name":"Ddddddeee","uniqueid":"WH_68e4fc238df5","active":"1","type":"motorable","latitude":"13","storage":"234","district":"Leh","id":"456","warehousetype":"swc","longitude":"34"}
[2025-10-08 10:22:32] User -> Warehouse deleted -> admin@pds| Requested
JSON -> {"uid":"WH_68e4fc238df5"} | Ddddddeee
[2025-10-08 10:23:16] User -> Warehouse added ->admin@pds| Requested
JSON -> {"name":"bbbb","type":"motorable","latitude":"13","storage":"18","district":"Kargil","id":"3","warehousetype":"swc","longitude":"14"}
[2025-10-08 10:23:41] User -> Warehouse deleted -> admin@pds| Requested
JSON -> {"uid":"all"} | all
[2025-10-08 10:24:09] User -> Warehouse Added -> admin@pds| Rice_HO_Khumbathang
[2025-10-08 10:24:09] User -> Warehouse Added -> admin@pds| ABG
[2025-10-08 10:24:09] User -> Warehouse Added -> admin@pds| ABG
[2025-10-08 10:24:09] User -> Warehouse Added -> admin@pds| ABG
[2025-10-08 10:24:09] User -> Warehouse Added -> admin@pds| G_Rice_A/B
[2025-10-08 10:24:09] User -> Warehouse Added -> admin@pds| Rfgdfg
[2025-10-08 10:24:09] User -> Warehouse Added -> admin@pds| Thgdfg
[2025-10-08 10:24:09] User -> Warehouse Added -> admin@pds| Dddddd
[2025-10-08 10:24:39] User -> Warehouse Edit -> admin@pds| Rice_HO_Khumbathang
[2025-10-08 10:24:39] User -> Warehouse Edit -> admin@pds| ABG
[2025-10-08 10:24:39] User -> Warehouse Edit -> admin@pds| ABG
[2025-10-08 10:24:39] User -> Warehouse Edit -> admin@pds| ABG
[2025-10-08 10:24:39] User -> Warehouse Edit -> admin@pds| G_Rice_A/B
[2025-10-08 10:24:39] User -> Warehouse Edit -> admin@pds| Rfgdfg
[2025-10-08 10:24:39] User -> Warehouse Edit -> admin@pds| Thgdfg
[2025-10-08 10:24:39] User -> Warehouse Edit -> admin@pds| Dddddd
[2025-10-08 10:26:16] User -> FPS Data Edit->admin@pds| Requested JSON -> {"name":"ABGHYYYYYYYYYYYYYYY","uniqueid":"FPS_68e500c4434","active":"1","type":"Model FPS","latitude":"34.478889","longitude":"76.111372","district":"Kargil","id":"100400100002","demand":"5.34","demand_rice":"4.16","demand_frice":"2.98"}
[2025-10-08 10:26:51] User -> FPS deleted -> admin@pds| Requested JSON -> {"uid":"FPS_68e500c4434"} | Abghyyyyyyyyyyyyyyy
[2025-10-08 10:27:42] User -> FPS added ->admin@pds| Requested JSON -> {"name":"YYYYYY","type":"Model FPS","latitude":"13","longitude":"14","district":"Kargil","id":"23","demand":"33","demand_rice":"45","demand_frice":"345"}
[2025-10-08 10:28:12] User -> FPS deleted -> admin@pds| Requested JSON -> {"uid":"FPS_68e5ef467b5"} | YYYYYY
[2025-10-08 10:28:35] User -> FPS deleted -> admin@pds| Requested JSON -> {"uid":"all"} | all
[2025-10-08 10:30:00] User -> FPS Added -> admin@pds| ABGH
[2025-10-08 10:30:00] User -> FPS Added -> admin@pds| ABGH
[2025-10-08 10:30:00] User -> FPS Added -> admin@pds| ABGH
[2025-10-08 10:30:00] User -> FPS Added -> admin@pds| ABGH
[2025-10-08 10:30:00] User -> FPS Added -> admin@pds| ABGH
[2025-10-08 10:30:00] User -> FPS Added -> admin@pds| ABGH
[2025-10-08 10:30:00] User -> FPS Added -> admin@pds| ABGH
[2025-10-08 10:30:00] User -> FPS Added -> admin@pds| ABGH
[2025-10-08 10:30:00] User -> FPS Added -> admin@pds| ABGH
[2025-10-08 10:30:00] User -> FPS Added -> admin@pds| ABGH
[2025-10-08 10:30:00] User -> FPS Added -> admin@pds| ABGH
[2025-10-08 10:30:00] User -> FPS Added -> admin@pds| ABGH
[2025-10-08 10:30:00] User -> FPS Added -> admin@pds| ABGH
[2025-10-08 10:30:00] User -> FPS Added -> admin@pds| ABGH
[2025-10-08 10:30:00] User -> FPS Added -> admin@pds| ABGH
[2025-10-08 10:30:00] User -> FPS Added -> admin@pds| ABGH
[2025-10-08 10:30:00] User -> FPS Added -> admin@pds| ABGH
[2025-10-08 10:30:00] User -> FPS Added -> admin@pds| ABGH
[2025-10-08 10:30:00] User -> FPS Added -> admin@pds| ABGH
[2025-10-08 10:30:00] User -> FPS Added -> admin@pds| ABGH
[2025-10-08 10:30:00] User -> FPS Added -> admin@pds| ABGH
[2025-10-08 10:30:00] User -> FPS Added -> admin@pds| ABGH
[2025-10-08 10:30:00] User -> FPS Added -> admin@pds| ABGH
[2025-10-08 10:30:00] User -> FPS Added -> admin@pds| ABGH
[2025-10-08 10:30:00] User -> FPS Added -> admin@pds| ABGH
[2025-10-08 10:30:00] User -> FPS Added -> admin@pds| ABGH
[2025-10-08 10:30:00] User -> FPS Added -> admin@pds| ABGH
[2025-10-08 10:30:00] User -> FPS Added -> admin@pds| ABGH
[2025-10-08 10:30:00] User -> FPS Added -> admin@pds| ABGH
[2025-10-08 10:30:00] User -> FPS Added -> admin@pds| ABGH
[2025-10-08 10:30:00] User -> FPS Added -> admin@pds| ABGH
[2025-10-08 10:30:00] User -> FPS Added -> admin@pds| ABGH
[2025-10-08 10:30:00] User -> FPS Added -> admin@pds| ABGH
[2025-10-08 10:30:00] User -> FPS Added -> admin@pds| ABGH
[2025-10-08 10:30:00] User -> FPS Added -> admin@pds| ABGH
[2025-10-08 10:30:00] User -> FPS Added -> admin@pds| ABGH
[2025-10-08 10:30:00] User -> FPS Added -> admin@pds| ABGH
[2025-10-08 10:30:00] User -> FPS Added -> admin@pds| ABGH
[2025-10-08 10:30:00] User -> FPS Added -> admin@pds| ABGH
[2025-10-08 10:30:00] User -> FPS Added -> admin@pds| ABGH
[2025-10-08 10:30:00] User -> FPS Added -> admin@pds| ABGH
[2025-10-08 10:30:00] User -> FPS Added -> admin@pds| ABGH
[2025-10-08 10:30:00] User -> FPS Added -> admin@pds| ABGH
[2025-10-08 10:30:00] User -> FPS Added -> admin@pds| ABGH
[2025-10-08 10:30:00] User -> FPS Added -> admin@pds| ABGH
[2025-10-08 10:30:00] User -> FPS Added -> admin@pds| ABGH
[2025-10-08 10:30:00] User -> FPS Added -> admin@pds| ABGH
[2025-10-08 10:30:00] User -> FPS Added -> admin@pds| ABGH
[2025-10-08 10:30:00] User -> FPS Added -> admin@pds| ABGH
[2025-10-08 10:30:00] User -> FPS Added -> admin@pds| ABGH
[2025-10-08 10:30:00] User -> FPS Added -> admin@pds| ABGH
[2025-10-08 10:30:00] User -> FPS Added -> admin@pds| ABGH
[2025-10-08 10:30:00] User -> FPS Added -> admin@pds| ABGH
[2025-10-08 10:30:00] User -> FPS Added -> admin@pds| ABGH
[2025-10-08 10:30:00] User -> FPS Added -> admin@pds| ABGH
[2025-10-08 10:30:00] User -> FPS Added -> admin@pds| ABGH
[2025-10-08 10:30:00] User -> FPS Added -> admin@pds| ABGH
[2025-10-08 10:30:00] User -> FPS Added -> admin@pds| ABGH
[2025-10-08 10:30:00] User -> FPS Added -> admin@pds| ABGH
[2025-10-08 10:30:00] User -> FPS Added -> admin@pds| ABGH
[2025-10-08 10:30:00] User -> FPS Added -> admin@pds| ABGH
[2025-10-08 10:30:00] User -> FPS Added -> admin@pds| ABGH
[2025-10-08 10:30:00] User -> FPS Added -> admin@pds| ABGH
[2025-10-08 10:30:00] User -> FPS Added -> admin@pds| ABGH
[2025-10-08 10:30:00] User -> FPS Added -> admin@pds| ABGH
[2025-10-08 10:30:00] User -> FPS Added -> admin@pds| ABGH
[2025-10-08 10:30:00] User -> FPS Added -> admin@pds| ABGH
[2025-10-08 10:30:00] User -> FPS Added -> admin@pds| ABGH
[2025-10-08 10:30:00] User -> FPS Added -> admin@pds| ABGH
[2025-10-08 10:30:00] User -> FPS Added -> admin@pds| ABGH
[2025-10-08 10:30:00] User -> FPS Added -> admin@pds| ABGH
[2025-10-08 10:30:00] User -> FPS Added -> admin@pds| ABGH
[2025-10-08 10:30:00] User -> FPS Added -> admin@pds| ABGH
[2025-10-08 10:30:00] User -> FPS Added -> admin@pds| ABGH
[2025-10-08 10:30:00] User -> FPS Added -> admin@pds| ABGH
[2025-10-08 10:30:00] User -> FPS Added -> admin@pds| ABGH
[2025-10-08 10:30:00] User -> FPS Added -> admin@pds| ABGH
[2025-10-08 10:30:00] User -> FPS Added -> admin@pds| ABGH
[2025-10-08 10:30:00] User -> FPS Added -> admin@pds| ABGH
[2025-10-08 10:30:00] User -> FPS Added -> admin@pds| ABGH
[2025-10-08 10:30:00] User -> FPS Added -> admin@pds| ABGH
[2025-10-08 10:30:00] User -> FPS Added -> admin@pds| ABGH
[2025-10-08 10:30:00] User -> FPS Added -> admin@pds| ABGH
[2025-10-08 10:30:00] User -> FPS Added -> admin@pds| ABGH
[2025-10-08 10:30:00] User -> FPS Added -> admin@pds| ABGH
[2025-10-08 10:30:00] User -> FPS Added -> admin@pds| ABGH
[2025-10-08 10:30:00] User -> FPS Added -> admin@pds| ABGH
[2025-10-08 10:30:00] User -> FPS Added -> admin@pds| ABGH
[2025-10-08 10:30:00] User -> FPS Added -> admin@pds| ABGH
[2025-10-08 10:30:00] User -> FPS Added -> admin@pds| ABGH
[2025-10-08 10:30:00] User -> FPS Added -> admin@pds| ABGH
[2025-10-08 10:30:00] User -> FPS Added -> admin@pds| ABGH
[2025-10-08 10:30:00] User -> FPS Added -> admin@pds| ABGH
[2025-10-08 10:30:00] User -> FPS Added -> admin@pds| ABGH
[2025-10-08 10:30:00] User -> FPS Added -> admin@pds| ABGH
[2025-10-08 10:30:00] User -> FPS Added -> admin@pds| ABGH
[2025-10-08 10:30:00] User -> FPS Added -> admin@pds| ABGH
[2025-10-08 10:30:00] User -> FPS Added -> admin@pds| ABGH
[2025-10-08 10:30:00] User -> FPS Added -> admin@pds| ABGH
[2025-10-08 10:30:00] User -> FPS Added -> admin@pds| ABGH
[2025-10-08 10:30:00] User -> FPS Added -> admin@pds| ABGH
[2025-10-08 10:30:00] User -> FPS Added -> admin@pds| ABGH
[2025-10-08 10:30:00] User -> FPS Added -> admin@pds| ABGH
[2025-10-08 10:30:00] User -> FPS Added -> admin@pds| ABGH
[2025-10-08 10:30:00] User -> FPS Added -> admin@pds| ABGH
[2025-10-08 10:30:00] User -> FPS Added -> admin@pds| ABGH
[2025-10-08 10:30:00] User -> FPS Added -> admin@pds| ABGH
[2025-10-08 10:30:00] User -> FPS Added -> admin@pds| ABGH
[2025-10-08 10:30:00] User -> FPS Added -> admin@pds| ABGH
[2025-10-08 10:30:00] User -> FPS Added -> admin@pds| ABGH
[2025-10-08 10:30:00] User -> FPS Added -> admin@pds| ABGH
[2025-10-08 10:30:00] User -> FPS Added -> admin@pds| ABGH
[2025-10-08 10:30:00] User -> FPS Added -> admin@pds| ABGH
[2025-10-08 10:30:00] User -> FPS Added -> admin@pds| ABGH
[2025-10-08 10:30:00] User -> FPS Added -> admin@pds| ABGH
[2025-10-08 10:30:00] User -> FPS Added -> admin@pds| ABGH
[2025-10-08 10:30:00] User -> FPS Added -> admin@pds| ABGH
[2025-10-08 10:30:00] User -> FPS Added -> admin@pds| ABGH
[2025-10-08 10:30:00] User -> FPS Added -> admin@pds| ABGH
[2025-10-08 10:30:00] User -> FPS Added -> admin@pds| ABGH
[2025-10-08 10:30:00] User -> FPS Added -> admin@pds| ABGH
[2025-10-08 10:30:00] User -> FPS Added -> admin@pds| ABGH
[2025-10-08 10:30:00] User -> FPS Added -> admin@pds| ABGH
[2025-10-08 10:30:00] User -> FPS Added -> admin@pds| ABGH
[2025-10-08 10:30:00] User -> FPS Added -> admin@pds| ABGH
[2025-10-08 10:30:00] User -> FPS Added -> admin@pds| ABGH
[2025-10-08 10:30:00] User -> FPS Added -> admin@pds| ABGH
[2025-10-08 10:30:00] User -> FPS Added -> admin@pds| ABGH
[2025-10-08 10:30:00] User -> FPS Added -> admin@pds| ABGH
[2025-10-08 10:30:00] User -> FPS Added -> admin@pds| ABGH
[2025-10-08 10:30:00] User -> FPS Added -> admin@pds| ABGH
[2025-10-08 10:30:00] User -> FPS Added -> admin@pds| ABGH
[2025-10-08 10:30:00] User -> FPS Added -> admin@pds| ABGH
[2025-10-08 10:30:00] User -> FPS Added -> admin@pds| ABGH
[2025-10-08 10:30:00] User -> FPS Added -> admin@pds| ABGH
[2025-10-08 10:30:00] User -> FPS Added -> admin@pds| ABGH
[2025-10-08 10:30:00] User -> FPS Added -> admin@pds| ABGH
[2025-10-08 10:30:00] User -> FPS Added -> admin@pds| ABGH
[2025-10-08 10:30:00] User -> FPS Added -> admin@pds| ABGH
[2025-10-08 10:30:00] User -> FPS Added -> admin@pds| ABGH
[2025-10-08 10:30:00] User -> FPS Added -> admin@pds| ABGH
[2025-10-08 10:30:00] User -> FPS Added -> admin@pds| ABGH
[2025-10-08 10:30:00] User -> FPS Added -> admin@pds| ABGH
[2025-10-08 10:30:00] User -> FPS Added -> admin@pds| ABGH
[2025-10-08 10:30:00] User -> FPS Added -> admin@pds| ABGH
[2025-10-08 10:30:00] User -> FPS Added -> admin@pds| ABGH
[2025-10-08 10:30:00] User -> FPS Added -> admin@pds| ABGH
[2025-10-08 10:30:00] User -> FPS Added -> admin@pds| ABGH
[2025-10-08 10:30:00] User -> FPS Added -> admin@pds| ABGH
[2025-10-08 10:30:00] User -> FPS Added -> admin@pds| ABGH
[2025-10-08 10:30:00] User -> FPS Added -> admin@pds| ABGH
[2025-10-08 10:30:00] User -> FPS Added -> admin@pds| ABGH
[2025-10-08 10:30:00] User -> FPS Added -> admin@pds| ABGH
[2025-10-08 10:30:00] User -> FPS Added -> admin@pds| ABGH
[2025-10-08 10:30:00] User -> FPS Added -> admin@pds| ABGH
[2025-10-08 10:30:00] User -> FPS Added -> admin@pds| ABGH
[2025-10-08 10:30:00] User -> FPS Added -> admin@pds| ABGH
[2025-10-08 10:30:00] User -> FPS Added -> admin@pds| ABGH
[2025-10-08 10:30:00] User -> FPS Added -> admin@pds| ABGH
[2025-10-08 10:30:00] User -> FPS Added -> admin@pds| ABGH
[2025-10-08 10:30:00] User -> FPS Added -> admin@pds| ABGH
[2025-10-08 10:30:00] User -> FPS Added -> admin@pds| ABGH
[2025-10-08 10:30:00] User -> FPS Added -> admin@pds| ABGH
[2025-10-08 10:30:00] User -> FPS Added -> admin@pds| ABGH
[2025-10-08 10:30:00] User -> FPS Added -> admin@pds| ABGH
[2025-10-08 10:30:00] User -> FPS Added -> admin@pds| ABGH
[2025-10-08 10:30:00] User -> FPS Added -> admin@pds| ABGH
[2025-10-08 10:30:00] User -> FPS Added -> admin@pds| ABGH
[2025-10-08 10:30:00] User -> FPS Added -> admin@pds| ABGH
[2025-10-08 10:30:00] User -> FPS Added -> admin@pds| ABGH
[2025-10-08 10:30:00] User -> FPS Added -> admin@pds| ABGH
[2025-10-08 10:30:00] User -> FPS Added -> admin@pds| ABGH
[2025-10-08 10:30:00] User -> FPS Added -> admin@pds| ABGH
[2025-10-08 10:30:00] User -> FPS Added -> admin@pds| ABGH
[2025-10-08 10:30:00] User -> FPS Added -> admin@pds| ABGH
[2025-10-08 10:30:00] User -> FPS Added -> admin@pds| ABGH
[2025-10-08 10:30:00] User -> FPS Added -> admin@pds| ABGH
[2025-10-08 10:30:00] User -> FPS Added -> admin@pds| ABGH
[2025-10-08 10:30:00] User -> FPS Added -> admin@pds| ABGH
[2025-10-08 10:30:00] User -> FPS Added -> admin@pds| ABGH
[2025-10-08 10:30:00] User -> FPS Added -> admin@pds| ABGH
[2025-10-08 10:30:00] User -> FPS Added -> admin@pds| ABGH
[2025-10-08 10:30:00] User -> FPS Added -> admin@pds| ABGH
[2025-10-08 10:30:00] User -> FPS Added -> admin@pds| ABGH
[2025-10-08 10:30:00] User -> FPS Added -> admin@pds| ABGH
[2025-10-08 10:30:00] User -> FPS Added -> admin@pds| ABGH
[2025-10-08 10:30:00] User -> FPS Added -> admin@pds| ABGH
[2025-10-08 10:30:00] User -> FPS Added -> admin@pds| ABGH
[2025-10-08 10:30:00] User -> FPS Added -> admin@pds| ABGH
[2025-10-08 10:30:00] User -> FPS Added -> admin@pds| ABGH
[2025-10-08 10:30:00] User -> FPS Added -> admin@pds| ABGH
[2025-10-08 10:30:00] User -> FPS Added -> admin@pds| ABGH
[2025-10-08 10:30:00] User -> FPS Added -> admin@pds| ABGH
[2025-10-08 10:30:00] User -> FPS Added -> admin@pds| ABGH
[2025-10-08 10:30:00] User -> FPS Added -> admin@pds| ABGH
[2025-10-08 10:30:00] User -> FPS Added -> admin@pds| ABGH
[2025-10-08 10:30:00] User -> FPS Added -> admin@pds| ABGH
[2025-10-08 10:30:00] User -> FPS Added -> admin@pds| ABGH
[2025-10-08 10:30:00] User -> FPS Added -> admin@pds| ABGH
[2025-10-08 10:30:00] User -> FPS Added -> admin@pds| ABGH
[2025-10-08 10:30:00] User -> FPS Added -> admin@pds| ABGH
[2025-10-08 10:30:00] User -> FPS Added -> admin@pds| ABGH
[2025-10-08 10:30:00] User -> FPS Added -> admin@pds| ABGH
[2025-10-08 10:30:00] User -> FPS Added -> admin@pds| ABGH
[2025-10-08 10:30:00] User -> FPS Added -> admin@pds| ABGH
[2025-10-08 10:30:00] User -> FPS Added -> admin@pds| ABGH
[2025-10-08 10:30:00] User -> FPS Added -> admin@pds| ABGH
[2025-10-08 10:30:00] User -> FPS Added -> admin@pds| ABGH
[2025-10-08 10:30:00] User -> FPS Added -> admin@pds| ABGH
[2025-10-08 10:30:00] User -> FPS Added -> admin@pds| ABGH
[2025-10-08 10:30:00] User -> FPS Added -> admin@pds| ABGH
[2025-10-08 10:30:00] User -> FPS Added -> admin@pds| ABGH
[2025-10-08 10:30:00] User -> FPS Added -> admin@pds| ABGH
[2025-10-08 10:30:00] User -> FPS Added -> admin@pds| ABGH
[2025-10-08 10:30:00] User -> FPS Added -> admin@pds| ABGH
[2025-10-08 10:30:00] User -> FPS Added -> admin@pds| ABGH
[2025-10-08 10:30:00] User -> FPS Added -> admin@pds| ABGH
[2025-10-08 10:30:00] User -> FPS Added -> admin@pds| ABGH
[2025-10-08 10:30:00] User -> FPS Added -> admin@pds| ABGH
[2025-10-08 10:30:00] User -> FPS Added -> admin@pds| ABGH
[2025-10-08 10:30:00] User -> FPS Added -> admin@pds| ABGH
[2025-10-08 10:30:00] User -> FPS Added -> admin@pds| ABGH
[2025-10-08 10:30:00] User -> FPS Added -> admin@pds| ABGH
[2025-10-08 10:30:00] User -> FPS Added -> admin@pds| ABGH
[2025-10-08 10:30:00] User -> FPS Added -> admin@pds| ABGH
[2025-10-08 10:30:00] User -> FPS Added -> admin@pds| ABGH
[2025-10-08 10:30:00] User -> FPS Added -> admin@pds| ABGH
[2025-10-08 10:30:00] User -> FPS Added -> admin@pds| ABGH
[2025-10-08 10:30:00] User -> FPS Added -> admin@pds| ABGH
[2025-10-08 10:30:00] User -> FPS Added -> admin@pds| ABGH
[2025-10-08 10:30:00] User -> FPS Added -> admin@pds| ABGH
[2025-10-08 10:30:00] User -> FPS Added -> admin@pds| ABGH
[2025-10-08 10:30:00] User -> FPS Added -> admin@pds| ABGH
[2025-10-08 10:30:00] User -> FPS Added -> admin@pds| ABGH
[2025-10-08 10:30:00] User -> FPS Added -> admin@pds| ABGH
[2025-10-08 10:30:00] User -> FPS Added -> admin@pds| ABGH
[2025-10-08 10:30:00] User -> FPS Added -> admin@pds| ABGH
[2025-10-08 10:30:00] User -> FPS Added -> admin@pds| ABGH
[2025-10-08 10:30:00] User -> FPS Added -> admin@pds| ABGH
[2025-10-08 10:30:00] User -> FPS Added -> admin@pds| ABGH
[2025-10-08 10:30:00] User -> FPS Added -> admin@pds| ABGH
[2025-10-08 10:30:00] User -> FPS Added -> admin@pds| ABGH
[2025-10-08 10:30:00] User -> FPS Added -> admin@pds| ABGH
[2025-10-08 10:30:00] User -> FPS Added -> admin@pds| ABGH
[2025-10-08 10:30:00] User -> FPS Added -> admin@pds| ABGH
[2025-10-08 10:30:00] User -> FPS Added -> admin@pds| ABGH
[2025-10-08 10:30:00] User -> FPS Added -> admin@pds| ABGH
[2025-10-08 10:30:00] User -> FPS Added -> admin@pds| ABGH
[2025-10-08 10:30:00] User -> FPS Added -> admin@pds| ABGH
[2025-10-08 10:30:00] User -> FPS Added -> admin@pds| ABGH
[2025-10-08 10:30:00] User -> FPS Added -> admin@pds| ABGH
[2025-10-08 10:30:00] User -> FPS Added -> admin@pds| ABGH
[2025-10-08 10:30:00] User -> FPS Added -> admin@pds| ABGH
[2025-10-08 10:30:00] User -> FPS Added -> admin@pds| ABGH
[2025-10-08 10:30:00] User -> FPS Added -> admin@pds| ABGH
[2025-10-08 10:30:00] User -> FPS Added -> admin@pds| ABGH
[2025-10-08 10:30:00] User -> FPS Added -> admin@pds| ABGH
[2025-10-08 10:30:00] User -> FPS Added -> admin@pds| ABGH
[2025-10-08 10:30:00] User -> FPS Added -> admin@pds| ABGH
[2025-10-08 10:30:00] User -> FPS Added -> admin@pds| ABGH
[2025-10-08 10:30:00] User -> FPS Added -> admin@pds| ABGH
[2025-10-08 10:30:00] User -> FPS Added -> admin@pds| ABGH
[2025-10-08 10:30:00] User -> FPS Added -> admin@pds| ABGH
[2025-10-08 10:30:00] User -> FPS Added -> admin@pds| ABGH
[2025-10-08 10:30:00] User -> FPS Added -> admin@pds| ABGH
[2025-10-08 10:30:00] User -> FPS Added -> admin@pds| ABGH
[2025-10-08 10:30:00] User -> FPS Added -> admin@pds| ABGH
[2025-10-08 10:30:00] User -> FPS Added -> admin@pds| ABGH
[2025-10-08 10:30:00] User -> FPS Added -> admin@pds| ABGH
[2025-10-08 10:30:00] User -> FPS Added -> admin@pds| ABGH
[2025-10-08 10:30:00] User -> FPS Added -> admin@pds| ABGH
[2025-10-08 10:30:00] User -> FPS Added -> admin@pds| ABGH
[2025-10-08 10:30:00] User -> FPS Added -> admin@pds| ABGH
[2025-10-08 10:30:00] User -> FPS Added -> admin@pds| ABGH
[2025-10-08 10:30:00] User -> FPS Added -> admin@pds| ABGH
[2025-10-08 10:30:00] User -> FPS Added -> admin@pds| ABGH
[2025-10-08 10:30:00] User -> FPS Added -> admin@pds| ABGH
[2025-10-08 10:30:00] User -> FPS Added -> admin@pds| ABGH
[2025-10-08 10:30:00] User -> FPS Added -> admin@pds| ABGH
[2025-10-08 10:30:00] User -> FPS Added -> admin@pds| ABGH
[2025-10-08 10:30:00] User -> FPS Added -> admin@pds| ABGH
[2025-10-08 10:30:00] User -> FPS Added -> admin@pds| ABGH
[2025-10-08 10:30:00] User -> FPS Added -> admin@pds| ABGH
[2025-10-08 10:30:00] User -> FPS Added -> admin@pds| ABGH
[2025-10-08 10:30:00] User -> FPS Added -> admin@pds| ABGH
[2025-10-08 10:30:00] User -> FPS Added -> admin@pds| ABGH
[2025-10-08 10:30:00] User -> FPS Added -> admin@pds| ABGH
[2025-10-08 10:30:00] User -> FPS Added -> admin@pds| ABGH
[2025-10-08 10:30:00] User -> FPS Added -> admin@pds| ABGH
[2025-10-08 10:30:00] User -> FPS Added -> admin@pds| ABGH
[2025-10-08 10:30:00] User -> FPS Added -> admin@pds| ABGH
[2025-10-08 10:30:00] User -> FPS Added -> admin@pds| ABGH
[2025-10-08 10:30:00] User -> FPS Added -> admin@pds| ABGH
[2025-10-08 10:30:00] User -> FPS Added -> admin@pds| ABGH
[2025-10-08 10:30:00] User -> FPS Added -> admin@pds| ABGH
[2025-10-08 10:30:00] User -> FPS Added -> admin@pds| ABGH
[2025-10-08 10:30:00] User -> FPS Added -> admin@pds| ABGH
[2025-10-08 10:30:00] User -> FPS Added -> admin@pds| ABGH
[2025-10-08 10:30:00] User -> FPS Added -> admin@pds| ABGH
[2025-10-08 10:30:00] User -> FPS Added -> admin@pds| ABGH
[2025-10-08 10:30:00] User -> FPS Added -> admin@pds| ABGH
[2025-10-08 10:30:00] User -> FPS Added -> admin@pds| ABGH
[2025-10-08 10:30:00] User -> FPS Added -> admin@pds| ABGH
[2025-10-08 10:30:00] User -> FPS Added -> admin@pds| ABGH
[2025-10-08 10:30:00] User -> FPS Added -> admin@pds| ABGH
[2025-10-08 10:30:00] User -> FPS Added -> admin@pds| ABGH
[2025-10-08 10:30:00] User -> FPS Added -> admin@pds| ABGH
[2025-10-08 10:30:01] User -> FPS Added -> admin@pds| ABGH
[2025-10-08 10:30:01] User -> FPS Added -> admin@pds| ABGH
[2025-10-08 10:30:01] User -> FPS Added -> admin@pds| ABGH
[2025-10-08 10:30:01] User -> FPS Added -> admin@pds| ABGH
[2025-10-08 10:30:01] User -> FPS Added -> admin@pds| ABGH
[2025-10-08 10:30:01] User -> FPS Added -> admin@pds| ABGH
[2025-10-08 10:30:01] User -> FPS Added -> admin@pds| ABGH
[2025-10-08 10:30:01] User -> FPS Added -> admin@pds| ABGH
[2025-10-08 10:30:01] User -> FPS Added -> admin@pds| ABGH
[2025-10-08 10:30:01] User -> FPS Added -> admin@pds| ABGH
[2025-10-08 10:30:01] User -> FPS Added -> admin@pds| ABGH
[2025-10-08 10:30:01] User -> FPS Added -> admin@pds| ABGH
[2025-10-08 10:30:01] User -> FPS Added -> admin@pds| ABGH
[2025-10-08 10:30:01] User -> FPS Added -> admin@pds| ABGH
[2025-10-08 10:30:01] User -> FPS Added -> admin@pds| ABGH
[2025-10-08 10:30:01] User -> FPS Added -> admin@pds| ABGH
[2025-10-08 10:30:01] User -> FPS Added -> admin@pds| ABGH
[2025-10-08 10:30:01] User -> FPS Added -> admin@pds| ABGH
[2025-10-08 10:30:01] User -> FPS Added -> admin@pds| ABGH
[2025-10-08 10:30:01] User -> FPS Added -> admin@pds| ABGH
[2025-10-08 10:30:01] User -> FPS Added -> admin@pds| ABGH
[2025-10-08 10:30:01] User -> FPS Added -> admin@pds| ABGH
[2025-10-08 10:30:01] User -> FPS Added -> admin@pds| ABGH
[2025-10-08 10:30:01] User -> FPS Added -> admin@pds| ABGH
[2025-10-08 10:30:01] User -> FPS Added -> admin@pds| ABGH
[2025-10-08 10:30:01] User -> FPS Added -> admin@pds| ABGH
[2025-10-08 10:30:01] User -> FPS Added -> admin@pds| ABGH
[2025-10-08 10:30:01] User -> FPS Added -> admin@pds| ABGH
[2025-10-08 10:30:01] User -> FPS Added -> admin@pds| ABGH
[2025-10-08 10:30:01] User -> FPS Added -> admin@pds| ABGH
[2025-10-08 10:30:01] User -> FPS Added -> admin@pds| ABGH
[2025-10-08 10:30:01] User -> FPS Added -> admin@pds| ABGH
[2025-10-08 10:30:01] User -> FPS Added -> admin@pds| ABGH
[2025-10-08 10:30:01] User -> FPS Added -> admin@pds| ABGH
[2025-10-08 10:30:01] User -> FPS Added -> admin@pds| ABGH
[2025-10-08 10:30:01] User -> FPS Added -> admin@pds| ABGH
[2025-10-08 10:30:01] User -> FPS Added -> admin@pds| ABGH
[2025-10-08 10:30:01] User -> FPS Added -> admin@pds| ABGH
[2025-10-08 10:30:01] User -> FPS Added -> admin@pds| ABGH
[2025-10-08 10:30:01] User -> FPS Added -> admin@pds| ABGH
[2025-10-08 10:30:01] User -> FPS Added -> admin@pds| ABGH
[2025-10-08 10:30:01] User -> FPS Added -> admin@pds| ABGH
[2025-10-08 10:30:01] User -> FPS Added -> admin@pds| ABGH
[2025-10-08 10:30:01] User -> FPS Added -> admin@pds| ABGH
[2025-10-08 10:30:01] User -> FPS Added -> admin@pds| ABGH
[2025-10-08 10:30:01] User -> FPS Added -> admin@pds| ABGH
[2025-10-08 10:30:01] User -> FPS Added -> admin@pds| ABGH
[2025-10-08 10:30:01] User -> FPS Added -> admin@pds| ABGH
[2025-10-08 10:30:01] User -> FPS Added -> admin@pds| ABGH
[2025-10-08 10:30:01] User -> FPS Added -> admin@pds| ABGH
[2025-10-08 10:30:01] User -> FPS Added -> admin@pds| ABGH
[2025-10-08 10:30:01] User -> FPS Added -> admin@pds| ABGH
[2025-10-08 10:30:01] User -> FPS Added -> admin@pds| ABGH
[2025-10-08 10:30:01] User -> FPS Added -> admin@pds| ABGH
[2025-10-08 10:30:01] User -> FPS Added -> admin@pds| ABGH
[2025-10-08 10:30:01] User -> FPS Added -> admin@pds| ABGH
[2025-10-08 10:30:01] User -> FPS Added -> admin@pds| ABGH
[2025-10-08 10:30:01] User -> FPS Added -> admin@pds| ABGH
[2025-10-08 10:30:01] User -> FPS Added -> admin@pds| ABGH
[2025-10-08 10:30:01] User -> FPS Added -> admin@pds| ABGH
[2025-10-08 10:30:01] User -> FPS Added -> admin@pds| ABGH
[2025-10-08 10:30:01] User -> FPS Added -> admin@pds| ABGH
[2025-10-08 10:30:01] User -> FPS Added -> admin@pds| ABGH
[2025-10-08 10:30:01] User -> FPS Added -> admin@pds| ABGH
[2025-10-08 10:30:01] User -> FPS Added -> admin@pds| ABGH
[2025-10-08 10:30:01] User -> FPS Added -> admin@pds| ABGH
[2025-10-08 10:30:01] User -> FPS Added -> admin@pds| ABGH
[2025-10-08 10:30:01] User -> FPS Added -> admin@pds| ABGH
[2025-10-08 10:30:01] User -> FPS Added -> admin@pds| ABGH
[2025-10-08 10:30:01] User -> FPS Added -> admin@pds| ABGH
[2025-10-08 10:30:01] User -> FPS Added -> admin@pds| ABGH
[2025-10-08 10:30:01] User -> FPS Added -> admin@pds| ABGH
[2025-10-08 10:30:01] User -> FPS Added -> admin@pds| ABGH
[2025-10-08 10:30:01] User -> FPS Added -> admin@pds| ABGH
[2025-10-08 10:30:01] User -> FPS Added -> admin@pds| ABGH
[2025-10-08 10:30:37] User -> FPS Edit -> admin@pds| ABGH
[2025-10-08 10:30:37] User -> FPS Edit -> admin@pds| ABGH
[2025-10-08 10:30:37] User -> FPS Edit -> admin@pds| ABGH
[2025-10-08 10:30:37] User -> FPS Edit -> admin@pds| ABGH
[2025-10-08 10:30:37] User -> FPS Edit -> admin@pds| ABGH
[2025-10-08 10:30:37] User -> FPS Edit -> admin@pds| ABGH
[2025-10-08 10:30:37] User -> FPS Edit -> admin@pds| ABGH
[2025-10-08 10:30:37] User -> FPS Edit -> admin@pds| ABGH
[2025-10-08 10:30:37] User -> FPS Edit -> admin@pds| ABGH
[2025-10-08 10:30:37] User -> FPS Edit -> admin@pds| ABGH
[2025-10-08 10:30:37] User -> FPS Edit -> admin@pds| ABGH
[2025-10-08 10:30:37] User -> FPS Edit -> admin@pds| ABGH
[2025-10-08 10:30:37] User -> FPS Edit -> admin@pds| ABGH
[2025-10-08 10:30:37] User -> FPS Edit -> admin@pds| ABGH
[2025-10-08 10:30:37] User -> FPS Edit -> admin@pds| ABGH
[2025-10-08 10:30:37] User -> FPS Edit -> admin@pds| ABGH
[2025-10-08 10:30:37] User -> FPS Edit -> admin@pds| ABGH
[2025-10-08 10:30:37] User -> FPS Edit -> admin@pds| ABGH
[2025-10-08 10:30:37] User -> FPS Edit -> admin@pds| ABGH
[2025-10-08 10:30:37] User -> FPS Edit -> admin@pds| ABGH
[2025-10-08 10:30:37] User -> FPS Edit -> admin@pds| ABGH
[2025-10-08 10:30:37] User -> FPS Edit -> admin@pds| ABGH
[2025-10-08 10:30:37] User -> FPS Edit -> admin@pds| ABGH
[2025-10-08 10:30:37] User -> FPS Edit -> admin@pds| ABGH
[2025-10-08 10:30:37] User -> FPS Edit -> admin@pds| ABGH
[2025-10-08 10:30:37] User -> FPS Edit -> admin@pds| ABGH
[2025-10-08 10:30:37] User -> FPS Edit -> admin@pds| ABGH
[2025-10-08 10:30:37] User -> FPS Edit -> admin@pds| ABGH
[2025-10-08 10:30:37] User -> FPS Edit -> admin@pds| ABGH
[2025-10-08 10:30:37] User -> FPS Edit -> admin@pds| ABGH
[2025-10-08 10:30:37] User -> FPS Edit -> admin@pds| ABGH
[2025-10-08 10:30:37] User -> FPS Edit -> admin@pds| ABGH
[2025-10-08 10:30:37] User -> FPS Edit -> admin@pds| ABGH
[2025-10-08 10:30:37] User -> FPS Edit -> admin@pds| ABGH
[2025-10-08 10:30:37] User -> FPS Edit -> admin@pds| ABGH
[2025-10-08 10:30:37] User -> FPS Edit -> admin@pds| ABGH
[2025-10-08 10:30:37] User -> FPS Edit -> admin@pds| ABGH
[2025-10-08 10:30:37] User -> FPS Edit -> admin@pds| ABGH
[2025-10-08 10:30:37] User -> FPS Edit -> admin@pds| ABGH
[2025-10-08 10:30:37] User -> FPS Edit -> admin@pds| ABGH
[2025-10-08 10:30:37] User -> FPS Edit -> admin@pds| ABGH
[2025-10-08 10:30:37] User -> FPS Edit -> admin@pds| ABGH
[2025-10-08 10:30:37] User -> FPS Edit -> admin@pds| ABGH
[2025-10-08 10:30:37] User -> FPS Edit -> admin@pds| ABGH
[2025-10-08 10:30:37] User -> FPS Edit -> admin@pds| ABGH
[2025-10-08 10:30:37] User -> FPS Edit -> admin@pds| ABGH
[2025-10-08 10:30:37] User -> FPS Edit -> admin@pds| ABGH
[2025-10-08 10:30:37] User -> FPS Edit -> admin@pds| ABGH
[2025-10-08 10:30:37] User -> FPS Edit -> admin@pds| ABGH
[2025-10-08 10:30:37] User -> FPS Edit -> admin@pds| ABGH
[2025-10-08 10:30:37] User -> FPS Edit -> admin@pds| ABGH
[2025-10-08 10:30:37] User -> FPS Edit -> admin@pds| ABGH
[2025-10-08 10:30:37] User -> FPS Edit -> admin@pds| ABGH
[2025-10-08 10:30:37] User -> FPS Edit -> admin@pds| ABGH
[2025-10-08 10:30:37] User -> FPS Edit -> admin@pds| ABGH
[2025-10-08 10:30:37] User -> FPS Edit -> admin@pds| ABGH
[2025-10-08 10:30:37] User -> FPS Edit -> admin@pds| ABGH
[2025-10-08 10:30:37] User -> FPS Edit -> admin@pds| ABGH
[2025-10-08 10:30:37] User -> FPS Edit -> admin@pds| ABGH
[2025-10-08 10:30:37] User -> FPS Edit -> admin@pds| ABGH
[2025-10-08 10:30:37] User -> FPS Edit -> admin@pds| ABGH
[2025-10-08 10:30:37] User -> FPS Edit -> admin@pds| ABGH
[2025-10-08 10:30:37] User -> FPS Edit -> admin@pds| ABGH
[2025-10-08 10:30:37] User -> FPS Edit -> admin@pds| ABGH
[2025-10-08 10:30:37] User -> FPS Edit -> admin@pds| ABGH
[2025-10-08 10:30:37] User -> FPS Edit -> admin@pds| ABGH
[2025-10-08 10:30:37] User -> FPS Edit -> admin@pds| ABGH
[2025-10-08 10:30:37] User -> FPS Edit -> admin@pds| ABGH
[2025-10-08 10:30:37] User -> FPS Edit -> admin@pds| ABGH
[2025-10-08 10:30:37] User -> FPS Edit -> admin@pds| ABGH
[2025-10-08 10:30:37] User -> FPS Edit -> admin@pds| ABGH
[2025-10-08 10:30:37] User -> FPS Edit -> admin@pds| ABGH
[2025-10-08 10:30:37] User -> FPS Edit -> admin@pds| ABGH
[2025-10-08 10:30:37] User -> FPS Edit -> admin@pds| ABGH
[2025-10-08 10:30:37] User -> FPS Edit -> admin@pds| ABGH
[2025-10-08 10:30:37] User -> FPS Edit -> admin@pds| ABGH
[2025-10-08 10:30:37] User -> FPS Edit -> admin@pds| ABGH
[2025-10-08 10:30:37] User -> FPS Edit -> admin@pds| ABGH
[2025-10-08 10:30:37] User -> FPS Edit -> admin@pds| ABGH
[2025-10-08 10:30:37] User -> FPS Edit -> admin@pds| ABGH
[2025-10-08 10:30:37] User -> FPS Edit -> admin@pds| ABGH
[2025-10-08 10:30:37] User -> FPS Edit -> admin@pds| ABGH
[2025-10-08 10:30:37] User -> FPS Edit -> admin@pds| ABGH
[2025-10-08 10:30:37] User -> FPS Edit -> admin@pds| ABGH
[2025-10-08 10:30:37] User -> FPS Edit -> admin@pds| ABGH
[2025-10-08 10:30:37] User -> FPS Edit -> admin@pds| ABGH
[2025-10-08 10:30:37] User -> FPS Edit -> admin@pds| ABGH
[2025-10-08 10:30:37] User -> FPS Edit -> admin@pds| ABGH
[2025-10-08 10:30:37] User -> FPS Edit -> admin@pds| ABGH
[2025-10-08 10:30:37] User -> FPS Edit -> admin@pds| ABGH
[2025-10-08 10:30:37] User -> FPS Edit -> admin@pds| ABGH
[2025-10-08 10:30:37] User -> FPS Edit -> admin@pds| ABGH
[2025-10-08 10:30:37] User -> FPS Edit -> admin@pds| ABGH
[2025-10-08 10:30:37] User -> FPS Edit -> admin@pds| ABGH
[2025-10-08 10:30:37] User -> FPS Edit -> admin@pds| ABGH
[2025-10-08 10:30:37] User -> FPS Edit -> admin@pds| ABGH
[2025-10-08 10:30:37] User -> FPS Edit -> admin@pds| ABGH
[2025-10-08 10:30:37] User -> FPS Edit -> admin@pds| ABGH
[2025-10-08 10:30:37] User -> FPS Edit -> admin@pds| ABGH
[2025-10-08 10:30:37] User -> FPS Edit -> admin@pds| ABGH
[2025-10-08 10:30:37] User -> FPS Edit -> admin@pds| ABGH
[2025-10-08 10:30:37] User -> FPS Edit -> admin@pds| ABGH
[2025-10-08 10:30:37] User -> FPS Edit -> admin@pds| ABGH
[2025-10-08 10:30:37] User -> FPS Edit -> admin@pds| ABGH
[2025-10-08 10:30:37] User -> FPS Edit -> admin@pds| ABGH
[2025-10-08 10:30:37] User -> FPS Edit -> admin@pds| ABGH
[2025-10-08 10:30:37] User -> FPS Edit -> admin@pds| ABGH
[2025-10-08 10:30:37] User -> FPS Edit -> admin@pds| ABGH
[2025-10-08 10:30:37] User -> FPS Edit -> admin@pds| ABGH
[2025-10-08 10:30:37] User -> FPS Edit -> admin@pds| ABGH
[2025-10-08 10:30:37] User -> FPS Edit -> admin@pds| ABGH
[2025-10-08 10:30:37] User -> FPS Edit -> admin@pds| ABGH
[2025-10-08 10:30:37] User -> FPS Edit -> admin@pds| ABGH
[2025-10-08 10:30:37] User -> FPS Edit -> admin@pds| ABGH
[2025-10-08 10:30:37] User -> FPS Edit -> admin@pds| ABGH
[2025-10-08 10:30:37] User -> FPS Edit -> admin@pds| ABGH
[2025-10-08 10:30:37] User -> FPS Edit -> admin@pds| ABGH
[2025-10-08 10:30:37] User -> FPS Edit -> admin@pds| ABGH
[2025-10-08 10:30:37] User -> FPS Edit -> admin@pds| ABGH
[2025-10-08 10:30:37] User -> FPS Edit -> admin@pds| ABGH
[2025-10-08 10:30:37] User -> FPS Edit -> admin@pds| ABGH
[2025-10-08 10:30:37] User -> FPS Edit -> admin@pds| ABGH
[2025-10-08 10:30:37] User -> FPS Edit -> admin@pds| ABGH
[2025-10-08 10:30:37] User -> FPS Edit -> admin@pds| ABGH
[2025-10-08 10:30:37] User -> FPS Edit -> admin@pds| ABGH
[2025-10-08 10:30:37] User -> FPS Edit -> admin@pds| ABGH
[2025-10-08 10:30:37] User -> FPS Edit -> admin@pds| ABGH
[2025-10-08 10:30:37] User -> FPS Edit -> admin@pds| ABGH
[2025-10-08 10:30:37] User -> FPS Edit -> admin@pds| ABGH
[2025-10-08 10:30:37] User -> FPS Edit -> admin@pds| ABGH
[2025-10-08 10:30:37] User -> FPS Edit -> admin@pds| ABGH
[2025-10-08 10:30:37] User -> FPS Edit -> admin@pds| ABGH
[2025-10-08 10:30:37] User -> FPS Edit -> admin@pds| ABGH
[2025-10-08 10:30:37] User -> FPS Edit -> admin@pds| ABGH
[2025-10-08 10:30:37] User -> FPS Edit -> admin@pds| ABGH
[2025-10-08 10:30:37] User -> FPS Edit -> admin@pds| ABGH
[2025-10-08 10:30:37] User -> FPS Edit -> admin@pds| ABGH
[2025-10-08 10:30:37] User -> FPS Edit -> admin@pds| ABGH
[2025-10-08 10:30:37] User -> FPS Edit -> admin@pds| ABGH
[2025-10-08 10:30:37] User -> FPS Edit -> admin@pds| ABGH
[2025-10-08 10:30:37] User -> FPS Edit -> admin@pds| ABGH
[2025-10-08 10:30:37] User -> FPS Edit -> admin@pds| ABGH
[2025-10-08 10:30:37] User -> FPS Edit -> admin@pds| ABGH
[2025-10-08 10:30:37] User -> FPS Edit -> admin@pds| ABGH
[2025-10-08 10:30:37] User -> FPS Edit -> admin@pds| ABGH
[2025-10-08 10:30:37] User -> FPS Edit -> admin@pds| ABGH
[2025-10-08 10:30:37] User -> FPS Edit -> admin@pds| ABGH
[2025-10-08 10:30:37] User -> FPS Edit -> admin@pds| ABGH
[2025-10-08 10:30:37] User -> FPS Edit -> admin@pds| ABGH
[2025-10-08 10:30:37] User -> FPS Edit -> admin@pds| ABGH
[2025-10-08 10:30:37] User -> FPS Edit -> admin@pds| ABGH
[2025-10-08 10:30:37] User -> FPS Edit -> admin@pds| ABGH
[2025-10-08 10:30:37] User -> FPS Edit -> admin@pds| ABGH
[2025-10-08 10:30:37] User -> FPS Edit -> admin@pds| ABGH
[2025-10-08 10:30:37] User -> FPS Edit -> admin@pds| ABGH
[2025-10-08 10:30:37] User -> FPS Edit -> admin@pds| ABGH
[2025-10-08 10:30:37] User -> FPS Edit -> admin@pds| ABGH
[2025-10-08 10:30:37] User -> FPS Edit -> admin@pds| ABGH
[2025-10-08 10:30:37] User -> FPS Edit -> admin@pds| ABGH
[2025-10-08 10:30:37] User -> FPS Edit -> admin@pds| ABGH
[2025-10-08 10:30:37] User -> FPS Edit -> admin@pds| ABGH
[2025-10-08 10:30:37] User -> FPS Edit -> admin@pds| ABGH
[2025-10-08 10:30:37] User -> FPS Edit -> admin@pds| ABGH
[2025-10-08 10:30:37] User -> FPS Edit -> admin@pds| ABGH
[2025-10-08 10:30:37] User -> FPS Edit -> admin@pds| ABGH
[2025-10-08 10:30:37] User -> FPS Edit -> admin@pds| ABGH
[2025-10-08 10:30:37] User -> FPS Edit -> admin@pds| ABGH
[2025-10-08 10:30:37] User -> FPS Edit -> admin@pds| ABGH
[2025-10-08 10:30:37] User -> FPS Edit -> admin@pds| ABGH
[2025-10-08 10:30:37] User -> FPS Edit -> admin@pds| ABGH
[2025-10-08 10:30:37] User -> FPS Edit -> admin@pds| ABGH
[2025-10-08 10:30:37] User -> FPS Edit -> admin@pds| ABGH
[2025-10-08 10:30:37] User -> FPS Edit -> admin@pds| ABGH
[2025-10-08 10:30:37] User -> FPS Edit -> admin@pds| ABGH
[2025-10-08 10:30:37] User -> FPS Edit -> admin@pds| ABGH
[2025-10-08 10:30:37] User -> FPS Edit -> admin@pds| ABGH
[2025-10-08 10:30:37] User -> FPS Edit -> admin@pds| ABGH
[2025-10-08 10:30:37] User -> FPS Edit -> admin@pds| ABGH
[2025-10-08 10:30:37] User -> FPS Edit -> admin@pds| ABGH
[2025-10-08 10:30:37] User -> FPS Edit -> admin@pds| ABGH
[2025-10-08 10:30:37] User -> FPS Edit -> admin@pds| ABGH
[2025-10-08 10:30:37] User -> FPS Edit -> admin@pds| ABGH
[2025-10-08 10:30:37] User -> FPS Edit -> admin@pds| ABGH
[2025-10-08 10:30:37] User -> FPS Edit -> admin@pds| ABGH
[2025-10-08 10:30:37] User -> FPS Edit -> admin@pds| ABGH
[2025-10-08 10:30:37] User -> FPS Edit -> admin@pds| ABGH
[2025-10-08 10:30:37] User -> FPS Edit -> admin@pds| ABGH
[2025-10-08 10:30:37] User -> FPS Edit -> admin@pds| ABGH
[2025-10-08 10:30:37] User -> FPS Edit -> admin@pds| ABGH
[2025-10-08 10:30:37] User -> FPS Edit -> admin@pds| ABGH
[2025-10-08 10:30:37] User -> FPS Edit -> admin@pds| ABGH
[2025-10-08 10:30:37] User -> FPS Edit -> admin@pds| ABGH
[2025-10-08 10:30:37] User -> FPS Edit -> admin@pds| ABGH
[2025-10-08 10:30:37] User -> FPS Edit -> admin@pds| ABGH
[2025-10-08 10:30:37] User -> FPS Edit -> admin@pds| ABGH
[2025-10-08 10:30:37] User -> FPS Edit -> admin@pds| ABGH
[2025-10-08 10:30:37] User -> FPS Edit -> admin@pds| ABGH
[2025-10-08 10:30:37] User -> FPS Edit -> admin@pds| ABGH
[2025-10-08 10:30:37] User -> FPS Edit -> admin@pds| ABGH
[2025-10-08 10:30:37] User -> FPS Edit -> admin@pds| ABGH
[2025-10-08 10:30:37] User -> FPS Edit -> admin@pds| ABGH
[2025-10-08 10:30:37] User -> FPS Edit -> admin@pds| ABGH
[2025-10-08 10:30:37] User -> FPS Edit -> admin@pds| ABGH
[2025-10-08 10:30:37] User -> FPS Edit -> admin@pds| ABGH
[2025-10-08 10:30:37] User -> FPS Edit -> admin@pds| ABGH
[2025-10-08 10:30:37] User -> FPS Edit -> admin@pds| ABGH
[2025-10-08 10:30:37] User -> FPS Edit -> admin@pds| ABGH
[2025-10-08 10:30:37] User -> FPS Edit -> admin@pds| ABGH
[2025-10-08 10:30:37] User -> FPS Edit -> admin@pds| ABGH
[2025-10-08 10:30:37] User -> FPS Edit -> admin@pds| ABGH
[2025-10-08 10:30:37] User -> FPS Edit -> admin@pds| ABGH
[2025-10-08 10:30:37] User -> FPS Edit -> admin@pds| ABGH
[2025-10-08 10:30:37] User -> FPS Edit -> admin@pds| ABGH
[2025-10-08 10:30:37] User -> FPS Edit -> admin@pds| ABGH
[2025-10-08 10:30:37] User -> FPS Edit -> admin@pds| ABGH
[2025-10-08 10:30:37] User -> FPS Edit -> admin@pds| ABGH
[2025-10-08 10:30:37] User -> FPS Edit -> admin@pds| ABGH
[2025-10-08 10:30:37] User -> FPS Edit -> admin@pds| ABGH
[2025-10-08 10:30:37] User -> FPS Edit -> admin@pds| ABGH
[2025-10-08 10:30:37] User -> FPS Edit -> admin@pds| ABGH
[2025-10-08 10:30:37] User -> FPS Edit -> admin@pds| ABGH
[2025-10-08 10:30:37] User -> FPS Edit -> admin@pds| ABGH
[2025-10-08 10:30:37] User -> FPS Edit -> admin@pds| ABGH
[2025-10-08 10:30:37] User -> FPS Edit -> admin@pds| ABGH
[2025-10-08 10:30:37] User -> FPS Edit -> admin@pds| ABGH
[2025-10-08 10:30:37] User -> FPS Edit -> admin@pds| ABGH
[2025-10-08 10:30:37] User -> FPS Edit -> admin@pds| ABGH
[2025-10-08 10:30:37] User -> FPS Edit -> admin@pds| ABGH
[2025-10-08 10:30:37] User -> FPS Edit -> admin@pds| ABGH
[2025-10-08 10:30:37] User -> FPS Edit -> admin@pds| ABGH
[2025-10-08 10:30:37] User -> FPS Edit -> admin@pds| ABGH
[2025-10-08 10:30:37] User -> FPS Edit -> admin@pds| ABGH
[2025-10-08 10:30:37] User -> FPS Edit -> admin@pds| ABGH
[2025-10-08 10:30:37] User -> FPS Edit -> admin@pds| ABGH
[2025-10-08 10:30:37] User -> FPS Edit -> admin@pds| ABGH
[2025-10-08 10:30:37] User -> FPS Edit -> admin@pds| ABGH
[2025-10-08 10:30:37] User -> FPS Edit -> admin@pds| ABGH
[2025-10-08 10:30:37] User -> FPS Edit -> admin@pds| ABGH
[2025-10-08 10:30:37] User -> FPS Edit -> admin@pds| ABGH
[2025-10-08 10:30:37] User -> FPS Edit -> admin@pds| ABGH
[2025-10-08 10:30:37] User -> FPS Edit -> admin@pds| ABGH
[2025-10-08 10:30:37] User -> FPS Edit -> admin@pds| ABGH
[2025-10-08 10:30:37] User -> FPS Edit -> admin@pds| ABGH
[2025-10-08 10:30:37] User -> FPS Edit -> admin@pds| ABGH
[2025-10-08 10:30:37] User -> FPS Edit -> admin@pds| ABGH
[2025-10-08 10:30:37] User -> FPS Edit -> admin@pds| ABGH
[2025-10-08 10:30:37] User -> FPS Edit -> admin@pds| ABGH
[2025-10-08 10:30:37] User -> FPS Edit -> admin@pds| ABGH
[2025-10-08 10:30:37] User -> FPS Edit -> admin@pds| ABGH
[2025-10-08 10:30:37] User -> FPS Edit -> admin@pds| ABGH
[2025-10-08 10:30:37] User -> FPS Edit -> admin@pds| ABGH
[2025-10-08 10:30:37] User -> FPS Edit -> admin@pds| ABGH
[2025-10-08 10:30:37] User -> FPS Edit -> admin@pds| ABGH
[2025-10-08 10:30:37] User -> FPS Edit -> admin@pds| ABGH
[2025-10-08 10:30:37] User -> FPS Edit -> admin@pds| ABGH
[2025-10-08 10:30:37] User -> FPS Edit -> admin@pds| ABGH
[2025-10-08 10:30:37] User -> FPS Edit -> admin@pds| ABGH
[2025-10-08 10:30:37] User -> FPS Edit -> admin@pds| ABGH
[2025-10-08 10:30:37] User -> FPS Edit -> admin@pds| ABGH
[2025-10-08 10:30:37] User -> FPS Edit -> admin@pds| ABGH
[2025-10-08 10:30:37] User -> FPS Edit -> admin@pds| ABGH
[2025-10-08 10:30:37] User -> FPS Edit -> admin@pds| ABGH
[2025-10-08 10:30:37] User -> FPS Edit -> admin@pds| ABGH
[2025-10-08 10:30:37] User -> FPS Edit -> admin@pds| ABGH
[2025-10-08 10:30:37] User -> FPS Edit -> admin@pds| ABGH
[2025-10-08 10:30:37] User -> FPS Edit -> admin@pds| ABGH
[2025-10-08 10:30:37] User -> FPS Edit -> admin@pds| ABGH
[2025-10-08 10:30:37] User -> FPS Edit -> admin@pds| ABGH
[2025-10-08 10:30:37] User -> FPS Edit -> admin@pds| ABGH
[2025-10-08 10:30:37] User -> FPS Edit -> admin@pds| ABGH
[2025-10-08 10:30:37] User -> FPS Edit -> admin@pds| ABGH
[2025-10-08 10:30:37] User -> FPS Edit -> admin@pds| ABGH
[2025-10-08 10:30:37] User -> FPS Edit -> admin@pds| ABGH
[2025-10-08 10:30:37] User -> FPS Edit -> admin@pds| ABGH
[2025-10-08 10:30:37] User -> FPS Edit -> admin@pds| ABGH
[2025-10-08 10:30:37] User -> FPS Edit -> admin@pds| ABGH
[2025-10-08 10:30:37] User -> FPS Edit -> admin@pds| ABGH
[2025-10-08 10:30:37] User -> FPS Edit -> admin@pds| ABGH
[2025-10-08 10:30:37] User -> FPS Edit -> admin@pds| ABGH
[2025-10-08 10:30:37] User -> FPS Edit -> admin@pds| ABGH
[2025-10-08 10:30:37] User -> FPS Edit -> admin@pds| ABGH
[2025-10-08 10:30:37] User -> FPS Edit -> admin@pds| ABGH
[2025-10-08 10:30:37] User -> FPS Edit -> admin@pds| ABGH
[2025-10-08 10:30:37] User -> FPS Edit -> admin@pds| ABGH
[2025-10-08 10:30:37] User -> FPS Edit -> admin@pds| ABGH
[2025-10-08 10:30:37] User -> FPS Edit -> admin@pds| ABGH
[2025-10-08 10:30:37] User -> FPS Edit -> admin@pds| ABGH
[2025-10-08 10:30:37] User -> FPS Edit -> admin@pds| ABGH
[2025-10-08 10:30:37] User -> FPS Edit -> admin@pds| ABGH
[2025-10-08 10:30:37] User -> FPS Edit -> admin@pds| ABGH
[2025-10-08 10:30:37] User -> FPS Edit -> admin@pds| ABGH
[2025-10-08 10:30:37] User -> FPS Edit -> admin@pds| ABGH
[2025-10-08 10:30:37] User -> FPS Edit -> admin@pds| ABGH
[2025-10-08 10:30:37] User -> FPS Edit -> admin@pds| ABGH
[2025-10-08 10:30:37] User -> FPS Edit -> admin@pds| ABGH
[2025-10-08 10:30:37] User -> FPS Edit -> admin@pds| ABGH
[2025-10-08 10:30:37] User -> FPS Edit -> admin@pds| ABGH
[2025-10-08 10:30:37] User -> FPS Edit -> admin@pds| ABGH
[2025-10-08 10:30:37] User -> FPS Edit -> admin@pds| ABGH
[2025-10-08 10:30:37] User -> FPS Edit -> admin@pds| ABGH
[2025-10-08 10:30:37] User -> FPS Edit -> admin@pds| ABGH
[2025-10-08 10:30:37] User -> FPS Edit -> admin@pds| ABGH
[2025-10-08 10:30:37] User -> FPS Edit -> admin@pds| ABGH
[2025-10-08 10:30:37] User -> FPS Edit -> admin@pds| ABGH
[2025-10-08 10:30:37] User -> FPS Edit -> admin@pds| ABGH
[2025-10-08 10:30:37] User -> FPS Edit -> admin@pds| ABGH
[2025-10-08 10:30:37] User -> FPS Edit -> admin@pds| ABGH
[2025-10-08 10:30:37] User -> FPS Edit -> admin@pds| ABGH
[2025-10-08 10:30:37] User -> FPS Edit -> admin@pds| ABGH
[2025-10-08 10:30:37] User -> FPS Edit -> admin@pds| ABGH
[2025-10-08 10:30:37] User -> FPS Edit -> admin@pds| ABGH
[2025-10-08 10:30:37] User -> FPS Edit -> admin@pds| ABGH
[2025-10-08 10:30:37] User -> FPS Edit -> admin@pds| ABGH
[2025-10-08 10:30:37] User -> FPS Edit -> admin@pds| ABGH
[2025-10-08 10:30:37] User -> FPS Edit -> admin@pds| ABGH
[2025-10-08 10:30:37] User -> FPS Edit -> admin@pds| ABGH
[2025-10-08 10:30:37] User -> FPS Edit -> admin@pds| ABGH
[2025-10-08 10:30:37] User -> FPS Edit -> admin@pds| ABGH
[2025-10-08 10:30:37] User -> FPS Edit -> admin@pds| ABGH
[2025-10-08 10:30:37] User -> FPS Edit -> admin@pds| ABGH
[2025-10-08 10:30:37] User -> FPS Edit -> admin@pds| ABGH
[2025-10-08 10:30:37] User -> FPS Edit -> admin@pds| ABGH
[2025-10-08 10:30:37] User -> FPS Edit -> admin@pds| ABGH
[2025-10-08 10:30:37] User -> FPS Edit -> admin@pds| ABGH
[2025-10-08 10:30:37] User -> FPS Edit -> admin@pds| ABGH
[2025-10-08 10:30:37] User -> FPS Edit -> admin@pds| ABGH
[2025-10-08 10:30:37] User -> FPS Edit -> admin@pds| ABGH
[2025-10-08 10:30:37] User -> FPS Edit -> admin@pds| ABGH
[2025-10-08 10:30:37] User -> FPS Edit -> admin@pds| ABGH
[2025-10-08 10:30:37] User -> FPS Edit -> admin@pds| ABGH
[2025-10-08 10:30:37] User -> FPS Edit -> admin@pds| ABGH
[2025-10-08 10:30:37] User -> FPS Edit -> admin@pds| ABGH
[2025-10-08 10:30:37] User -> FPS Edit -> admin@pds| ABGH
[2025-10-08 10:30:37] User -> FPS Edit -> admin@pds| ABGH
[2025-10-08 10:30:37] User -> FPS Edit -> admin@pds| ABGH
[2025-10-08 10:30:37] User -> FPS Edit -> admin@pds| ABGH
[2025-10-08 10:30:37] User -> FPS Edit -> admin@pds| ABGH
[2025-10-08 10:30:37] User -> FPS Edit -> admin@pds| ABGH
[2025-10-08 10:30:37] User -> FPS Edit -> admin@pds| ABGH
[2025-10-08 10:30:37] User -> FPS Edit -> admin@pds| ABGH
[2025-10-08 10:30:37] User -> FPS Edit -> admin@pds| ABGH
[2025-10-08 10:30:37] User -> FPS Edit -> admin@pds| ABGH
[2025-10-08 10:30:37] User -> FPS Edit -> admin@pds| ABGH
[2025-10-08 10:30:37] User -> FPS Edit -> admin@pds| ABGH
[2025-10-08 10:30:37] User -> FPS Edit -> admin@pds| ABGH
[2025-10-08 10:30:37] User -> FPS Edit -> admin@pds| ABGH
[2025-10-08 10:30:37] User -> FPS Edit -> admin@pds| ABGH
[2025-10-08 10:30:37] User -> FPS Edit -> admin@pds| ABGH
[2025-10-08 10:30:37] User -> FPS Edit -> admin@pds| ABGH
[2025-10-08 10:30:37] User -> FPS Edit -> admin@pds| ABGH
[2025-10-08 10:30:37] User -> FPS Edit -> admin@pds| ABGH
[2025-10-08 10:30:37] User -> FPS Edit -> admin@pds| ABGH
[2025-10-08 10:30:37] User -> FPS Edit -> admin@pds| ABGH
[2025-10-08 10:30:37] User -> FPS Edit -> admin@pds| ABGH
[2025-10-08 10:30:37] User -> FPS Edit -> admin@pds| ABGH
[2025-10-08 10:30:37] User -> FPS Edit -> admin@pds| ABGH
[2025-10-08 10:30:37] User -> FPS Edit -> admin@pds| ABGH
[2025-10-08 10:30:37] User -> FPS Edit -> admin@pds| ABGH
[2025-10-08 10:30:37] User -> FPS Edit -> admin@pds| ABGH
[2025-10-08 10:30:37] User -> FPS Edit -> admin@pds| ABGH
[2025-10-08 10:30:37] User -> FPS Edit -> admin@pds| ABGH
[2025-10-08 10:30:37] User -> FPS Edit -> admin@pds| ABGH
[2025-10-08 10:30:37] User -> FPS Edit -> admin@pds| ABGH
[2025-10-08 10:30:37] User -> FPS Edit -> admin@pds| ABGH
[2025-10-08 10:30:37] User -> FPS Edit -> admin@pds| ABGH
[2025-10-08 10:30:37] User -> FPS Edit -> admin@pds| ABGH
[2025-10-08 10:30:37] User -> FPS Edit -> admin@pds| ABGH
[2025-10-08 10:30:37] User -> FPS Edit -> admin@pds| ABGH
[2025-10-08 10:30:37] User -> FPS Edit -> admin@pds| ABGH
[2025-10-08 10:30:37] User -> FPS Edit -> admin@pds| ABGH
[2025-10-08 10:30:37] User -> FPS Edit -> admin@pds| ABGH
[2025-10-08 10:30:37] User -> FPS Edit -> admin@pds| ABGH
[2025-10-08 10:30:37] User -> FPS Edit -> admin@pds| ABGH
[2025-10-08 10:30:37] User -> FPS Edit -> admin@pds| ABGH
[2025-10-08 10:30:37] User -> FPS Edit -> admin@pds| ABGH
[2025-10-08 10:30:37] User -> FPS Edit -> admin@pds| ABGH
[2025-10-08 10:30:37] User -> FPS Edit -> admin@pds| ABGH
[2025-10-08 10:30:37] User -> FPS Edit -> admin@pds| ABGH
[2025-10-08 10:30:37] User -> FPS Edit -> admin@pds| ABGH
[2025-10-08 10:30:37] User -> FPS Edit -> admin@pds| ABGH
[2025-10-08 10:30:37] User -> FPS Edit -> admin@pds| ABGH
[2025-10-08 10:30:37] User -> FPS Edit -> admin@pds| ABGH
[2025-10-08 14:14:36] User -> District added ->admin@pds| Requested JSON ->
{"name":"Akki"}
[2025-10-08 14:15:20] User -> District Name Edit->admin@pds| Requested JSON -> {"name":"Akkikkk","uid":"68e6247472220"}
[2025-10-08 14:15:25] User -> District deleted -> admin@pds| Requested JSON
	-> {"uid":"68e6247472220"} | Akkikkk
[2025-10-08 14:17:03] User -> District added ->admin@pds| Requested JSON ->
{"name":"Akshay"}
[2025-10-08 14:17:28] User -> District Name Edit->admin@pds| Requested JSON -> {"name":"Akshaykkkk","uid":"68e625077721a"}
[2025-10-08 14:17:45] User -> District deleted -> admin@pds| Requested JSON
	-> {"uid":"68e625077721a"} | Akshaykkkk
[2025-10-08 14:23:01] User -> User Add ->admin@pds| Requested JSON -> {"newusername":"Akshay","district":"admin","newpassword":"Akki"} | Akshay
[2025-10-08 14:23:47] User -> Delete User ->admin@pds| Requested JSON -> {"uid":"68e6266d12385"} | Akshay
[2025-10-08 14:31:58] User -> Send Message ->admin@pds| Requested JSON ->
{"message":"dfgd","uniqueid":"68baf301d67e9"} | Aizawl@pds
[2025-10-08 14:32:17] User -> Delete Message ->admin@pds| Requested JSON
-> dfgd | Aizawl@pds
[2025-10-08 14:32:46] User -> Send Message ->admin@pds| Requested JSON ->
{"message":"tfgh","uniqueid":"68d37823d356b"} | Leh@pds
[2025-10-08 14:33:45] User -> Delete Message ->admin@pds| Requested JSON
-> tfgh | Leh@pds
[2025-10-08 14:33:45] User -> Delete Message ->admin@pds| Requested JSON
->  | 
[2025-10-08 14:34:14] User -> Send Message ->admin@pds| Requested JSON ->
		{"message":"hjghvg","uniqueid":"all"} | Aizawl@pds
[2025-10-08 14:34:14] User -> Send Message ->admin@pds| Requested JSON ->
		{"message":"hjghvg","uniqueid":"all"} | Leh@pds
[2025-10-08 14:34:14] User -> Send Message ->admin@pds| Requested JSON ->
{"message":"hjghvg","uniqueid":"all"} | Leh@pds
[2025-10-08 14:38:48] User -> FPS added ->admin@pds| Requested JSON -> {"name":"Aklshay","type":"Model FPS","latitude":"14","longitude":"12","district":"Kargil","id":"456","demand":"12.33","demand_rice":"89","demand_frice":"7.91"}
[2025-10-08 14:39:55] User -> FPS Data Edit->admin@pds| Requested JSON -> {"name":"Aklshayllllllllllllll","uniqueid":"FPS_68e62a2031f","active":"1","type":"Model FPS","latitude":"14","longitude":"12","district":"Kargil","id":"456","demand":"12.33","demand_rice":"89","demand_frice":"7.91"}
[2025-10-08 14:40:25] User -> FPS deleted -> admin@pds| Requested JSON -> {"uid":"FPS_68e62a2031f"} | Aklshayllllllllllllll
[2025-10-08 14:41:46] User -> FPS deleted -> admin@pds| Requested JSON -> {"uid":"all"} | all
[2025-10-08 14:42:21] User -> FPS Added -> admin@pds| ABGH
[2025-10-08 14:42:21] User -> FPS Added -> admin@pds| ABGH
[2025-10-08 14:42:21] User -> FPS Added -> admin@pds| ABGH
[2025-10-08 14:42:21] User -> FPS Added -> admin@pds| ABGH
[2025-10-08 14:42:21] User -> FPS Added -> admin@pds| ABGH
[2025-10-08 14:42:21] User -> FPS Added -> admin@pds| ABGH
[2025-10-08 14:42:21] User -> FPS Added -> admin@pds| ABGH
[2025-10-08 14:42:21] User -> FPS Added -> admin@pds| ABGH
[2025-10-08 14:42:21] User -> FPS Added -> admin@pds| ABGH
[2025-10-08 14:42:21] User -> FPS Added -> admin@pds| ABGH
[2025-10-08 14:42:21] User -> FPS Added -> admin@pds| ABGH
[2025-10-08 14:42:21] User -> FPS Added -> admin@pds| ABGH
[2025-10-08 14:42:21] User -> FPS Added -> admin@pds| ABGH
[2025-10-08 14:42:21] User -> FPS Added -> admin@pds| ABGH
[2025-10-08 14:42:21] User -> FPS Added -> admin@pds| ABGH
[2025-10-08 14:42:21] User -> FPS Added -> admin@pds| ABGH
[2025-10-08 14:42:21] User -> FPS Added -> admin@pds| ABGH
[2025-10-08 14:42:21] User -> FPS Added -> admin@pds| ABGH
[2025-10-08 14:42:21] User -> FPS Added -> admin@pds| ABGH
[2025-10-08 14:42:21] User -> FPS Added -> admin@pds| ABGH
[2025-10-08 14:42:21] User -> FPS Added -> admin@pds| ABGH
[2025-10-08 14:42:21] User -> FPS Added -> admin@pds| ABGH
[2025-10-08 14:42:21] User -> FPS Added -> admin@pds| ABGH
[2025-10-08 14:42:21] User -> FPS Added -> admin@pds| ABGH
[2025-10-08 14:42:21] User -> FPS Added -> admin@pds| ABGH
[2025-10-08 14:42:21] User -> FPS Added -> admin@pds| ABGH
[2025-10-08 14:42:21] User -> FPS Added -> admin@pds| ABGH
[2025-10-08 14:42:21] User -> FPS Added -> admin@pds| ABGH
[2025-10-08 14:42:21] User -> FPS Added -> admin@pds| ABGH
[2025-10-08 14:42:21] User -> FPS Added -> admin@pds| ABGH
[2025-10-08 14:42:21] User -> FPS Added -> admin@pds| ABGH
[2025-10-08 14:42:21] User -> FPS Added -> admin@pds| ABGH
[2025-10-08 14:42:21] User -> FPS Added -> admin@pds| ABGH
[2025-10-08 14:42:21] User -> FPS Added -> admin@pds| ABGH
[2025-10-08 14:42:21] User -> FPS Added -> admin@pds| ABGH
[2025-10-08 14:42:21] User -> FPS Added -> admin@pds| ABGH
[2025-10-08 14:42:21] User -> FPS Added -> admin@pds| ABGH
[2025-10-08 14:42:21] User -> FPS Added -> admin@pds| ABGH
[2025-10-08 14:42:21] User -> FPS Added -> admin@pds| ABGH
[2025-10-08 14:42:21] User -> FPS Added -> admin@pds| ABGH
[2025-10-08 14:42:21] User -> FPS Added -> admin@pds| ABGH
[2025-10-08 14:42:21] User -> FPS Added -> admin@pds| ABGH
[2025-10-08 14:42:21] User -> FPS Added -> admin@pds| ABGH
[2025-10-08 14:42:21] User -> FPS Added -> admin@pds| ABGH
[2025-10-08 14:42:21] User -> FPS Added -> admin@pds| ABGH
[2025-10-08 14:42:21] User -> FPS Added -> admin@pds| ABGH
[2025-10-08 14:42:21] User -> FPS Added -> admin@pds| ABGH
[2025-10-08 14:42:21] User -> FPS Added -> admin@pds| ABGH
[2025-10-08 14:42:21] User -> FPS Added -> admin@pds| ABGH
[2025-10-08 14:42:21] User -> FPS Added -> admin@pds| ABGH
[2025-10-08 14:42:21] User -> FPS Added -> admin@pds| ABGH
[2025-10-08 14:42:21] User -> FPS Added -> admin@pds| ABGH
[2025-10-08 14:42:21] User -> FPS Added -> admin@pds| ABGH
[2025-10-08 14:42:21] User -> FPS Added -> admin@pds| ABGH
[2025-10-08 14:42:21] User -> FPS Added -> admin@pds| ABGH
[2025-10-08 14:42:21] User -> FPS Added -> admin@pds| ABGH
[2025-10-08 14:42:21] User -> FPS Added -> admin@pds| ABGH
[2025-10-08 14:42:21] User -> FPS Added -> admin@pds| ABGH
[2025-10-08 14:42:21] User -> FPS Added -> admin@pds| ABGH
[2025-10-08 14:42:21] User -> FPS Added -> admin@pds| ABGH
[2025-10-08 14:42:21] User -> FPS Added -> admin@pds| ABGH
[2025-10-08 14:42:21] User -> FPS Added -> admin@pds| ABGH
[2025-10-08 14:42:21] User -> FPS Added -> admin@pds| ABGH
[2025-10-08 14:42:21] User -> FPS Added -> admin@pds| ABGH
[2025-10-08 14:42:21] User -> FPS Added -> admin@pds| ABGH
[2025-10-08 14:42:21] User -> FPS Added -> admin@pds| ABGH
[2025-10-08 14:42:21] User -> FPS Added -> admin@pds| ABGH
[2025-10-08 14:42:21] User -> FPS Added -> admin@pds| ABGH
[2025-10-08 14:42:21] User -> FPS Added -> admin@pds| ABGH
[2025-10-08 14:42:21] User -> FPS Added -> admin@pds| ABGH
[2025-10-08 14:42:21] User -> FPS Added -> admin@pds| ABGH
[2025-10-08 14:42:21] User -> FPS Added -> admin@pds| ABGH
[2025-10-08 14:42:21] User -> FPS Added -> admin@pds| ABGH
[2025-10-08 14:42:21] User -> FPS Added -> admin@pds| ABGH
[2025-10-08 14:42:21] User -> FPS Added -> admin@pds| ABGH
[2025-10-08 14:42:21] User -> FPS Added -> admin@pds| ABGH
[2025-10-08 14:42:21] User -> FPS Added -> admin@pds| ABGH
[2025-10-08 14:42:21] User -> FPS Added -> admin@pds| ABGH
[2025-10-08 14:42:21] User -> FPS Added -> admin@pds| ABGH
[2025-10-08 14:42:21] User -> FPS Added -> admin@pds| ABGH
[2025-10-08 14:42:21] User -> FPS Added -> admin@pds| ABGH
[2025-10-08 14:42:21] User -> FPS Added -> admin@pds| ABGH
[2025-10-08 14:42:21] User -> FPS Added -> admin@pds| ABGH
[2025-10-08 14:42:21] User -> FPS Added -> admin@pds| ABGH
[2025-10-08 14:42:21] User -> FPS Added -> admin@pds| ABGH
[2025-10-08 14:42:21] User -> FPS Added -> admin@pds| ABGH
[2025-10-08 14:42:21] User -> FPS Added -> admin@pds| ABGH
[2025-10-08 14:42:21] User -> FPS Added -> admin@pds| ABGH
[2025-10-08 14:42:21] User -> FPS Added -> admin@pds| ABGH
[2025-10-08 14:42:21] User -> FPS Added -> admin@pds| ABGH
[2025-10-08 14:42:21] User -> FPS Added -> admin@pds| ABGH
[2025-10-08 14:42:21] User -> FPS Added -> admin@pds| ABGH
[2025-10-08 14:42:21] User -> FPS Added -> admin@pds| ABGH
[2025-10-08 14:42:21] User -> FPS Added -> admin@pds| ABGH
[2025-10-08 14:42:21] User -> FPS Added -> admin@pds| ABGH
[2025-10-08 14:42:21] User -> FPS Added -> admin@pds| ABGH
[2025-10-08 14:42:21] User -> FPS Added -> admin@pds| ABGH
[2025-10-08 14:42:21] User -> FPS Added -> admin@pds| ABGH
[2025-10-08 14:42:21] User -> FPS Added -> admin@pds| ABGH
[2025-10-08 14:42:21] User -> FPS Added -> admin@pds| ABGH
[2025-10-08 14:42:21] User -> FPS Added -> admin@pds| ABGH
[2025-10-08 14:42:21] User -> FPS Added -> admin@pds| ABGH
[2025-10-08 14:42:21] User -> FPS Added -> admin@pds| ABGH
[2025-10-08 14:42:21] User -> FPS Added -> admin@pds| ABGH
[2025-10-08 14:42:21] User -> FPS Added -> admin@pds| ABGH
[2025-10-08 14:42:21] User -> FPS Added -> admin@pds| ABGH
[2025-10-08 14:42:21] User -> FPS Added -> admin@pds| ABGH
[2025-10-08 14:42:21] User -> FPS Added -> admin@pds| ABGH
[2025-10-08 14:42:21] User -> FPS Added -> admin@pds| ABGH
[2025-10-08 14:42:21] User -> FPS Added -> admin@pds| ABGH
[2025-10-08 14:42:21] User -> FPS Added -> admin@pds| ABGH
[2025-10-08 14:42:21] User -> FPS Added -> admin@pds| ABGH
[2025-10-08 14:42:21] User -> FPS Added -> admin@pds| ABGH
[2025-10-08 14:42:21] User -> FPS Added -> admin@pds| ABGH
[2025-10-08 14:42:21] User -> FPS Added -> admin@pds| ABGH
[2025-10-08 14:42:21] User -> FPS Added -> admin@pds| ABGH
[2025-10-08 14:42:21] User -> FPS Added -> admin@pds| ABGH
[2025-10-08 14:42:21] User -> FPS Added -> admin@pds| ABGH
[2025-10-08 14:42:21] User -> FPS Added -> admin@pds| ABGH
[2025-10-08 14:42:21] User -> FPS Added -> admin@pds| ABGH
[2025-10-08 14:42:21] User -> FPS Added -> admin@pds| ABGH
[2025-10-08 14:42:21] User -> FPS Added -> admin@pds| ABGH
[2025-10-08 14:42:21] User -> FPS Added -> admin@pds| ABGH
[2025-10-08 14:42:21] User -> FPS Added -> admin@pds| ABGH
[2025-10-08 14:42:21] User -> FPS Added -> admin@pds| ABGH
[2025-10-08 14:42:21] User -> FPS Added -> admin@pds| ABGH
[2025-10-08 14:42:21] User -> FPS Added -> admin@pds| ABGH
[2025-10-08 14:42:21] User -> FPS Added -> admin@pds| ABGH
[2025-10-08 14:42:21] User -> FPS Added -> admin@pds| ABGH
[2025-10-08 14:42:21] User -> FPS Added -> admin@pds| ABGH
[2025-10-08 14:42:21] User -> FPS Added -> admin@pds| ABGH
[2025-10-08 14:42:21] User -> FPS Added -> admin@pds| ABGH
[2025-10-08 14:42:21] User -> FPS Added -> admin@pds| ABGH
[2025-10-08 14:42:21] User -> FPS Added -> admin@pds| ABGH
[2025-10-08 14:42:21] User -> FPS Added -> admin@pds| ABGH
[2025-10-08 14:42:21] User -> FPS Added -> admin@pds| ABGH
[2025-10-08 14:42:21] User -> FPS Added -> admin@pds| ABGH
[2025-10-08 14:42:21] User -> FPS Added -> admin@pds| ABGH
[2025-10-08 14:42:22] User -> FPS Added -> admin@pds| ABGH
[2025-10-08 14:42:22] User -> FPS Added -> admin@pds| ABGH
[2025-10-08 14:42:22] User -> FPS Added -> admin@pds| ABGH
[2025-10-08 14:42:22] User -> FPS Added -> admin@pds| ABGH
[2025-10-08 14:42:22] User -> FPS Added -> admin@pds| ABGH
[2025-10-08 14:42:22] User -> FPS Added -> admin@pds| ABGH
[2025-10-08 14:42:22] User -> FPS Added -> admin@pds| ABGH
[2025-10-08 14:42:22] User -> FPS Added -> admin@pds| ABGH
[2025-10-08 14:42:22] User -> FPS Added -> admin@pds| ABGH
[2025-10-08 14:42:22] User -> FPS Added -> admin@pds| ABGH
[2025-10-08 14:42:22] User -> FPS Added -> admin@pds| ABGH
[2025-10-08 14:42:22] User -> FPS Added -> admin@pds| ABGH
[2025-10-08 14:42:22] User -> FPS Added -> admin@pds| ABGH
[2025-10-08 14:42:22] User -> FPS Added -> admin@pds| ABGH
[2025-10-08 14:42:22] User -> FPS Added -> admin@pds| ABGH
[2025-10-08 14:42:22] User -> FPS Added -> admin@pds| ABGH
[2025-10-08 14:42:22] User -> FPS Added -> admin@pds| ABGH
[2025-10-08 14:42:22] User -> FPS Added -> admin@pds| ABGH
[2025-10-08 14:42:22] User -> FPS Added -> admin@pds| ABGH
[2025-10-08 14:42:22] User -> FPS Added -> admin@pds| ABGH
[2025-10-08 14:42:22] User -> FPS Added -> admin@pds| ABGH
[2025-10-08 14:42:22] User -> FPS Added -> admin@pds| ABGH
[2025-10-08 14:42:22] User -> FPS Added -> admin@pds| ABGH
[2025-10-08 14:42:22] User -> FPS Added -> admin@pds| ABGH
[2025-10-08 14:42:22] User -> FPS Added -> admin@pds| ABGH
[2025-10-08 14:42:22] User -> FPS Added -> admin@pds| ABGH
[2025-10-08 14:42:22] User -> FPS Added -> admin@pds| ABGH
[2025-10-08 14:42:22] User -> FPS Added -> admin@pds| ABGH
[2025-10-08 14:42:22] User -> FPS Added -> admin@pds| ABGH
[2025-10-08 14:42:22] User -> FPS Added -> admin@pds| ABGH
[2025-10-08 14:42:22] User -> FPS Added -> admin@pds| ABGH
[2025-10-08 14:42:22] User -> FPS Added -> admin@pds| ABGH
[2025-10-08 14:42:22] User -> FPS Added -> admin@pds| ABGH
[2025-10-08 14:42:22] User -> FPS Added -> admin@pds| ABGH
[2025-10-08 14:42:22] User -> FPS Added -> admin@pds| ABGH
[2025-10-08 14:42:22] User -> FPS Added -> admin@pds| ABGH
[2025-10-08 14:42:22] User -> FPS Added -> admin@pds| ABGH
[2025-10-08 14:42:22] User -> FPS Added -> admin@pds| ABGH
[2025-10-08 14:42:22] User -> FPS Added -> admin@pds| ABGH
[2025-10-08 14:42:22] User -> FPS Added -> admin@pds| ABGH
[2025-10-08 14:42:22] User -> FPS Added -> admin@pds| ABGH
[2025-10-08 14:42:22] User -> FPS Added -> admin@pds| ABGH
[2025-10-08 14:42:22] User -> FPS Added -> admin@pds| ABGH
[2025-10-08 14:42:22] User -> FPS Added -> admin@pds| ABGH
[2025-10-08 14:42:22] User -> FPS Added -> admin@pds| ABGH
[2025-10-08 14:42:22] User -> FPS Added -> admin@pds| ABGH
[2025-10-08 14:42:22] User -> FPS Added -> admin@pds| ABGH
[2025-10-08 14:42:22] User -> FPS Added -> admin@pds| ABGH
[2025-10-08 14:42:22] User -> FPS Added -> admin@pds| ABGH
[2025-10-08 14:42:22] User -> FPS Added -> admin@pds| ABGH
[2025-10-08 14:42:22] User -> FPS Added -> admin@pds| ABGH
[2025-10-08 14:42:22] User -> FPS Added -> admin@pds| ABGH
[2025-10-08 14:42:22] User -> FPS Added -> admin@pds| ABGH
[2025-10-08 14:42:22] User -> FPS Added -> admin@pds| ABGH
[2025-10-08 14:42:22] User -> FPS Added -> admin@pds| ABGH
[2025-10-08 14:42:22] User -> FPS Added -> admin@pds| ABGH
[2025-10-08 14:42:22] User -> FPS Added -> admin@pds| ABGH
[2025-10-08 14:42:22] User -> FPS Added -> admin@pds| ABGH
[2025-10-08 14:42:22] User -> FPS Added -> admin@pds| ABGH
[2025-10-08 14:42:22] User -> FPS Added -> admin@pds| ABGH
[2025-10-08 14:42:22] User -> FPS Added -> admin@pds| ABGH
[2025-10-08 14:42:22] User -> FPS Added -> admin@pds| ABGH
[2025-10-08 14:42:22] User -> FPS Added -> admin@pds| ABGH
[2025-10-08 14:42:22] User -> FPS Added -> admin@pds| ABGH
[2025-10-08 14:42:22] User -> FPS Added -> admin@pds| ABGH
[2025-10-08 14:42:22] User -> FPS Added -> admin@pds| ABGH
[2025-10-08 14:42:22] User -> FPS Added -> admin@pds| ABGH
[2025-10-08 14:42:22] User -> FPS Added -> admin@pds| ABGH
[2025-10-08 14:42:22] User -> FPS Added -> admin@pds| ABGH
[2025-10-08 14:42:22] User -> FPS Added -> admin@pds| ABGH
[2025-10-08 14:42:22] User -> FPS Added -> admin@pds| ABGH
[2025-10-08 14:42:22] User -> FPS Added -> admin@pds| ABGH
[2025-10-08 14:42:22] User -> FPS Added -> admin@pds| ABGH
[2025-10-08 14:42:22] User -> FPS Added -> admin@pds| ABGH
[2025-10-08 14:42:22] User -> FPS Added -> admin@pds| ABGH
[2025-10-08 14:42:22] User -> FPS Added -> admin@pds| ABGH
[2025-10-08 14:42:22] User -> FPS Added -> admin@pds| ABGH
[2025-10-08 14:42:22] User -> FPS Added -> admin@pds| ABGH
[2025-10-08 14:42:22] User -> FPS Added -> admin@pds| ABGH
[2025-10-08 14:42:22] User -> FPS Added -> admin@pds| ABGH
[2025-10-08 14:42:22] User -> FPS Added -> admin@pds| ABGH
[2025-10-08 14:42:22] User -> FPS Added -> admin@pds| ABGH
[2025-10-08 14:42:22] User -> FPS Added -> admin@pds| ABGH
[2025-10-08 14:42:22] User -> FPS Added -> admin@pds| ABGH
[2025-10-08 14:42:22] User -> FPS Added -> admin@pds| ABGH
[2025-10-08 14:42:22] User -> FPS Added -> admin@pds| ABGH
[2025-10-08 14:42:22] User -> FPS Added -> admin@pds| ABGH
[2025-10-08 14:42:22] User -> FPS Added -> admin@pds| ABGH
[2025-10-08 14:42:22] User -> FPS Added -> admin@pds| ABGH
[2025-10-08 14:42:22] User -> FPS Added -> admin@pds| ABGH
[2025-10-08 14:42:22] User -> FPS Added -> admin@pds| ABGH
[2025-10-08 14:42:22] User -> FPS Added -> admin@pds| ABGH
[2025-10-08 14:42:22] User -> FPS Added -> admin@pds| ABGH
[2025-10-08 14:42:22] User -> FPS Added -> admin@pds| ABGH
[2025-10-08 14:42:22] User -> FPS Added -> admin@pds| ABGH
[2025-10-08 14:42:22] User -> FPS Added -> admin@pds| ABGH
[2025-10-08 14:42:22] User -> FPS Added -> admin@pds| ABGH
[2025-10-08 14:42:22] User -> FPS Added -> admin@pds| ABGH
[2025-10-08 14:42:22] User -> FPS Added -> admin@pds| ABGH
[2025-10-08 14:42:22] User -> FPS Added -> admin@pds| ABGH
[2025-10-08 14:42:22] User -> FPS Added -> admin@pds| ABGH
[2025-10-08 14:42:22] User -> FPS Added -> admin@pds| ABGH
[2025-10-08 14:42:22] User -> FPS Added -> admin@pds| ABGH
[2025-10-08 14:42:22] User -> FPS Added -> admin@pds| ABGH
[2025-10-08 14:42:22] User -> FPS Added -> admin@pds| ABGH
[2025-10-08 14:42:22] User -> FPS Added -> admin@pds| ABGH
[2025-10-08 14:42:22] User -> FPS Added -> admin@pds| ABGH
[2025-10-08 14:42:22] User -> FPS Added -> admin@pds| ABGH
[2025-10-08 14:42:22] User -> FPS Added -> admin@pds| ABGH
[2025-10-08 14:42:22] User -> FPS Added -> admin@pds| ABGH
[2025-10-08 14:42:22] User -> FPS Added -> admin@pds| ABGH
[2025-10-08 14:42:22] User -> FPS Added -> admin@pds| ABGH
[2025-10-08 14:42:22] User -> FPS Added -> admin@pds| ABGH
[2025-10-08 14:42:22] User -> FPS Added -> admin@pds| ABGH
[2025-10-08 14:42:22] User -> FPS Added -> admin@pds| ABGH
[2025-10-08 14:42:22] User -> FPS Added -> admin@pds| ABGH
[2025-10-08 14:42:22] User -> FPS Added -> admin@pds| ABGH
[2025-10-08 14:42:22] User -> FPS Added -> admin@pds| ABGH
[2025-10-08 14:42:22] User -> FPS Added -> admin@pds| ABGH
[2025-10-08 14:42:22] User -> FPS Added -> admin@pds| ABGH
[2025-10-08 14:42:22] User -> FPS Added -> admin@pds| ABGH
[2025-10-08 14:42:22] User -> FPS Added -> admin@pds| ABGH
[2025-10-08 14:42:22] User -> FPS Added -> admin@pds| ABGH
[2025-10-08 14:42:22] User -> FPS Added -> admin@pds| ABGH
[2025-10-08 14:42:22] User -> FPS Added -> admin@pds| ABGH
[2025-10-08 14:42:22] User -> FPS Added -> admin@pds| ABGH
[2025-10-08 14:42:22] User -> FPS Added -> admin@pds| ABGH
[2025-10-08 14:42:22] User -> FPS Added -> admin@pds| ABGH
[2025-10-08 14:42:22] User -> FPS Added -> admin@pds| ABGH
[2025-10-08 14:42:22] User -> FPS Added -> admin@pds| ABGH
[2025-10-08 14:42:22] User -> FPS Added -> admin@pds| ABGH
[2025-10-08 14:42:22] User -> FPS Added -> admin@pds| ABGH
[2025-10-08 14:42:22] User -> FPS Added -> admin@pds| ABGH
[2025-10-08 14:42:22] User -> FPS Added -> admin@pds| ABGH
[2025-10-08 14:42:22] User -> FPS Added -> admin@pds| ABGH
[2025-10-08 14:42:22] User -> FPS Added -> admin@pds| ABGH
[2025-10-08 14:42:22] User -> FPS Added -> admin@pds| ABGH
[2025-10-08 14:42:22] User -> FPS Added -> admin@pds| ABGH
[2025-10-08 14:42:22] User -> FPS Added -> admin@pds| ABGH
[2025-10-08 14:42:22] User -> FPS Added -> admin@pds| ABGH
[2025-10-08 14:42:22] User -> FPS Added -> admin@pds| ABGH
[2025-10-08 14:42:22] User -> FPS Added -> admin@pds| ABGH
[2025-10-08 14:42:22] User -> FPS Added -> admin@pds| ABGH
[2025-10-08 14:42:22] User -> FPS Added -> admin@pds| ABGH
[2025-10-08 14:42:22] User -> FPS Added -> admin@pds| ABGH
[2025-10-08 14:42:22] User -> FPS Added -> admin@pds| ABGH
[2025-10-08 14:42:22] User -> FPS Added -> admin@pds| ABGH
[2025-10-08 14:42:22] User -> FPS Added -> admin@pds| ABGH
[2025-10-08 14:42:22] User -> FPS Added -> admin@pds| ABGH
[2025-10-08 14:42:22] User -> FPS Added -> admin@pds| ABGH
[2025-10-08 14:42:22] User -> FPS Added -> admin@pds| ABGH
[2025-10-08 14:42:22] User -> FPS Added -> admin@pds| ABGH
[2025-10-08 14:42:22] User -> FPS Added -> admin@pds| ABGH
[2025-10-08 14:42:22] User -> FPS Added -> admin@pds| ABGH
[2025-10-08 14:42:22] User -> FPS Added -> admin@pds| ABGH
[2025-10-08 14:42:22] User -> FPS Added -> admin@pds| ABGH
[2025-10-08 14:42:22] User -> FPS Added -> admin@pds| ABGH
[2025-10-08 14:42:22] User -> FPS Added -> admin@pds| ABGH
[2025-10-08 14:42:22] User -> FPS Added -> admin@pds| ABGH
[2025-10-08 14:42:22] User -> FPS Added -> admin@pds| ABGH
[2025-10-08 14:42:22] User -> FPS Added -> admin@pds| ABGH
[2025-10-08 14:42:22] User -> FPS Added -> admin@pds| ABGH
[2025-10-08 14:42:22] User -> FPS Added -> admin@pds| ABGH
[2025-10-08 14:42:22] User -> FPS Added -> admin@pds| ABGH
[2025-10-08 14:42:22] User -> FPS Added -> admin@pds| ABGH
[2025-10-08 14:42:22] User -> FPS Added -> admin@pds| ABGH
[2025-10-08 14:42:22] User -> FPS Added -> admin@pds| ABGH
[2025-10-08 14:42:22] User -> FPS Added -> admin@pds| ABGH
[2025-10-08 14:42:22] User -> FPS Added -> admin@pds| ABGH
[2025-10-08 14:42:22] User -> FPS Added -> admin@pds| ABGH
[2025-10-08 14:42:22] User -> FPS Added -> admin@pds| ABGH
[2025-10-08 14:42:22] User -> FPS Added -> admin@pds| ABGH
[2025-10-08 14:42:22] User -> FPS Added -> admin@pds| ABGH
[2025-10-08 14:42:22] User -> FPS Added -> admin@pds| ABGH
[2025-10-08 14:42:22] User -> FPS Added -> admin@pds| ABGH
[2025-10-08 14:42:22] User -> FPS Added -> admin@pds| ABGH
[2025-10-08 14:42:22] User -> FPS Added -> admin@pds| ABGH
[2025-10-08 14:42:22] User -> FPS Added -> admin@pds| ABGH
[2025-10-08 14:42:22] User -> FPS Added -> admin@pds| ABGH
[2025-10-08 14:42:22] User -> FPS Added -> admin@pds| ABGH
[2025-10-08 14:42:22] User -> FPS Added -> admin@pds| ABGH
[2025-10-08 14:42:22] User -> FPS Added -> admin@pds| ABGH
[2025-10-08 14:42:22] User -> FPS Added -> admin@pds| ABGH
[2025-10-08 14:42:22] User -> FPS Added -> admin@pds| ABGH
[2025-10-08 14:42:22] User -> FPS Added -> admin@pds| ABGH
[2025-10-08 14:42:22] User -> FPS Added -> admin@pds| ABGH
[2025-10-08 14:42:22] User -> FPS Added -> admin@pds| ABGH
[2025-10-08 14:42:22] User -> FPS Added -> admin@pds| ABGH
[2025-10-08 14:42:22] User -> FPS Added -> admin@pds| ABGH
[2025-10-08 14:42:22] User -> FPS Added -> admin@pds| ABGH
[2025-10-08 14:42:22] User -> FPS Added -> admin@pds| ABGH
[2025-10-08 14:42:22] User -> FPS Added -> admin@pds| ABGH
[2025-10-08 14:42:22] User -> FPS Added -> admin@pds| ABGH
[2025-10-08 14:42:22] User -> FPS Added -> admin@pds| ABGH
[2025-10-08 14:42:22] User -> FPS Added -> admin@pds| ABGH
[2025-10-08 14:42:22] User -> FPS Added -> admin@pds| ABGH
[2025-10-08 14:42:22] User -> FPS Added -> admin@pds| ABGH
[2025-10-08 14:42:22] User -> FPS Added -> admin@pds| ABGH
[2025-10-08 14:42:22] User -> FPS Added -> admin@pds| ABGH
[2025-10-08 14:42:22] User -> FPS Added -> admin@pds| ABGH
[2025-10-08 14:42:22] User -> FPS Added -> admin@pds| ABGH
[2025-10-08 14:42:22] User -> FPS Added -> admin@pds| ABGH
[2025-10-08 14:42:22] User -> FPS Added -> admin@pds| ABGH
[2025-10-08 14:42:22] User -> FPS Added -> admin@pds| ABGH
[2025-10-08 14:42:22] User -> FPS Added -> admin@pds| ABGH
[2025-10-08 14:42:22] User -> FPS Added -> admin@pds| ABGH
[2025-10-08 14:42:22] User -> FPS Added -> admin@pds| ABGH
[2025-10-08 14:42:22] User -> FPS Added -> admin@pds| ABGH
[2025-10-08 14:42:22] User -> FPS Added -> admin@pds| ABGH
[2025-10-08 14:42:22] User -> FPS Added -> admin@pds| ABGH
[2025-10-08 14:42:22] User -> FPS Added -> admin@pds| ABGH
[2025-10-08 14:42:22] User -> FPS Added -> admin@pds| ABGH
[2025-10-08 14:42:22] User -> FPS Added -> admin@pds| ABGH
[2025-10-08 14:42:22] User -> FPS Added -> admin@pds| ABGH
[2025-10-08 14:42:22] User -> FPS Added -> admin@pds| ABGH
[2025-10-08 14:42:22] User -> FPS Added -> admin@pds| ABGH
[2025-10-08 14:42:22] User -> FPS Added -> admin@pds| ABGH
[2025-10-08 14:42:22] User -> FPS Added -> admin@pds| ABGH
[2025-10-08 14:42:22] User -> FPS Added -> admin@pds| ABGH
[2025-10-08 14:42:22] User -> FPS Added -> admin@pds| ABGH
[2025-10-08 14:42:22] User -> FPS Added -> admin@pds| ABGH
[2025-10-08 14:42:22] User -> FPS Added -> admin@pds| ABGH
[2025-10-08 14:42:22] User -> FPS Added -> admin@pds| ABGH
[2025-10-08 14:42:22] User -> FPS Added -> admin@pds| ABGH
[2025-10-08 14:42:22] User -> FPS Added -> admin@pds| ABGH
[2025-10-08 14:42:22] User -> FPS Added -> admin@pds| ABGH
[2025-10-08 14:42:22] User -> FPS Added -> admin@pds| ABGH
[2025-10-08 14:42:22] User -> FPS Added -> admin@pds| ABGH
[2025-10-08 14:42:22] User -> FPS Added -> admin@pds| ABGH
[2025-10-08 14:42:22] User -> FPS Added -> admin@pds| ABGH
[2025-10-08 14:42:22] User -> FPS Added -> admin@pds| ABGH
[2025-10-08 14:42:22] User -> FPS Added -> admin@pds| ABGH
[2025-10-08 14:42:22] User -> FPS Added -> admin@pds| ABGH
[2025-10-08 14:42:22] User -> FPS Added -> admin@pds| ABGH
[2025-10-08 14:42:22] User -> FPS Added -> admin@pds| ABGH
[2025-10-08 14:42:22] User -> FPS Added -> admin@pds| ABGH
[2025-10-08 14:42:22] User -> FPS Added -> admin@pds| ABGH
[2025-10-08 14:42:22] User -> FPS Added -> admin@pds| ABGH
[2025-10-08 14:42:22] User -> FPS Added -> admin@pds| ABGH
[2025-10-08 14:42:22] User -> FPS Added -> admin@pds| ABGH
[2025-10-08 14:42:22] User -> FPS Added -> admin@pds| ABGH
[2025-10-08 14:42:22] User -> FPS Added -> admin@pds| ABGH
[2025-10-08 14:42:22] User -> FPS Added -> admin@pds| ABGH
[2025-10-08 14:42:22] User -> FPS Added -> admin@pds| ABGH
[2025-10-08 14:42:56] User -> FPS Edit -> admin@pds| ABGH
[2025-10-08 14:42:56] User -> FPS Edit -> admin@pds| ABGH
[2025-10-08 14:42:56] User -> FPS Edit -> admin@pds| ABGH
[2025-10-08 14:42:56] User -> FPS Edit -> admin@pds| ABGH
[2025-10-08 14:42:56] User -> FPS Edit -> admin@pds| ABGH
[2025-10-08 14:42:56] User -> FPS Edit -> admin@pds| ABGH
[2025-10-08 14:42:56] User -> FPS Edit -> admin@pds| ABGH
[2025-10-08 14:42:56] User -> FPS Edit -> admin@pds| ABGH
[2025-10-08 14:42:56] User -> FPS Edit -> admin@pds| ABGH
[2025-10-08 14:42:56] User -> FPS Edit -> admin@pds| ABGH
[2025-10-08 14:42:56] User -> FPS Edit -> admin@pds| ABGH
[2025-10-08 14:42:56] User -> FPS Edit -> admin@pds| ABGH
[2025-10-08 14:42:56] User -> FPS Edit -> admin@pds| ABGH
[2025-10-08 14:42:56] User -> FPS Edit -> admin@pds| ABGH
[2025-10-08 14:42:56] User -> FPS Edit -> admin@pds| ABGH
[2025-10-08 14:42:56] User -> FPS Edit -> admin@pds| ABGH
[2025-10-08 14:42:56] User -> FPS Edit -> admin@pds| ABGH
[2025-10-08 14:42:56] User -> FPS Edit -> admin@pds| ABGH
[2025-10-08 14:42:56] User -> FPS Edit -> admin@pds| ABGH
[2025-10-08 14:42:56] User -> FPS Edit -> admin@pds| ABGH
[2025-10-08 14:42:56] User -> FPS Edit -> admin@pds| ABGH
[2025-10-08 14:42:56] User -> FPS Edit -> admin@pds| ABGH
[2025-10-08 14:42:56] User -> FPS Edit -> admin@pds| ABGH
[2025-10-08 14:42:56] User -> FPS Edit -> admin@pds| ABGH
[2025-10-08 14:42:56] User -> FPS Edit -> admin@pds| ABGH
[2025-10-08 14:42:56] User -> FPS Edit -> admin@pds| ABGH
[2025-10-08 14:42:56] User -> FPS Edit -> admin@pds| ABGH
[2025-10-08 14:42:56] User -> FPS Edit -> admin@pds| ABGH
[2025-10-08 14:42:56] User -> FPS Edit -> admin@pds| ABGH
[2025-10-08 14:42:56] User -> FPS Edit -> admin@pds| ABGH
[2025-10-08 14:42:56] User -> FPS Edit -> admin@pds| ABGH
[2025-10-08 14:42:56] User -> FPS Edit -> admin@pds| ABGH
[2025-10-08 14:42:56] User -> FPS Edit -> admin@pds| ABGH
[2025-10-08 14:42:56] User -> FPS Edit -> admin@pds| ABGH
[2025-10-08 14:42:56] User -> FPS Edit -> admin@pds| ABGH
[2025-10-08 14:42:56] User -> FPS Edit -> admin@pds| ABGH
[2025-10-08 14:42:56] User -> FPS Edit -> admin@pds| ABGH
[2025-10-08 14:42:56] User -> FPS Edit -> admin@pds| ABGH
[2025-10-08 14:42:56] User -> FPS Edit -> admin@pds| ABGH
[2025-10-08 14:42:56] User -> FPS Edit -> admin@pds| ABGH
[2025-10-08 14:42:56] User -> FPS Edit -> admin@pds| ABGH
[2025-10-08 14:42:56] User -> FPS Edit -> admin@pds| ABGH
[2025-10-08 14:42:56] User -> FPS Edit -> admin@pds| ABGH
[2025-10-08 14:42:56] User -> FPS Edit -> admin@pds| ABGH
[2025-10-08 14:42:56] User -> FPS Edit -> admin@pds| ABGH
[2025-10-08 14:42:56] User -> FPS Edit -> admin@pds| ABGH
[2025-10-08 14:42:56] User -> FPS Edit -> admin@pds| ABGH
[2025-10-08 14:42:56] User -> FPS Edit -> admin@pds| ABGH
[2025-10-08 14:42:56] User -> FPS Edit -> admin@pds| ABGH
[2025-10-08 14:42:56] User -> FPS Edit -> admin@pds| ABGH
[2025-10-08 14:42:56] User -> FPS Edit -> admin@pds| ABGH
[2025-10-08 14:42:56] User -> FPS Edit -> admin@pds| ABGH
[2025-10-08 14:42:56] User -> FPS Edit -> admin@pds| ABGH
[2025-10-08 14:42:56] User -> FPS Edit -> admin@pds| ABGH
[2025-10-08 14:42:56] User -> FPS Edit -> admin@pds| ABGH
[2025-10-08 14:42:56] User -> FPS Edit -> admin@pds| ABGH
[2025-10-08 14:42:56] User -> FPS Edit -> admin@pds| ABGH
[2025-10-08 14:42:56] User -> FPS Edit -> admin@pds| ABGH
[2025-10-08 14:42:56] User -> FPS Edit -> admin@pds| ABGH
[2025-10-08 14:42:56] User -> FPS Edit -> admin@pds| ABGH
[2025-10-08 14:42:56] User -> FPS Edit -> admin@pds| ABGH
[2025-10-08 14:42:56] User -> FPS Edit -> admin@pds| ABGH
[2025-10-08 14:42:56] User -> FPS Edit -> admin@pds| ABGH
[2025-10-08 14:42:56] User -> FPS Edit -> admin@pds| ABGH
[2025-10-08 14:42:56] User -> FPS Edit -> admin@pds| ABGH
[2025-10-08 14:42:56] User -> FPS Edit -> admin@pds| ABGH
[2025-10-08 14:42:56] User -> FPS Edit -> admin@pds| ABGH
[2025-10-08 14:42:56] User -> FPS Edit -> admin@pds| ABGH
[2025-10-08 14:42:56] User -> FPS Edit -> admin@pds| ABGH
[2025-10-08 14:42:56] User -> FPS Edit -> admin@pds| ABGH
[2025-10-08 14:42:56] User -> FPS Edit -> admin@pds| ABGH
[2025-10-08 14:42:56] User -> FPS Edit -> admin@pds| ABGH
[2025-10-08 14:42:56] User -> FPS Edit -> admin@pds| ABGH
[2025-10-08 14:42:56] User -> FPS Edit -> admin@pds| ABGH
[2025-10-08 14:42:56] User -> FPS Edit -> admin@pds| ABGH
[2025-10-08 14:42:56] User -> FPS Edit -> admin@pds| ABGH
[2025-10-08 14:42:56] User -> FPS Edit -> admin@pds| ABGH
[2025-10-08 14:42:56] User -> FPS Edit -> admin@pds| ABGH
[2025-10-08 14:42:56] User -> FPS Edit -> admin@pds| ABGH
[2025-10-08 14:42:56] User -> FPS Edit -> admin@pds| ABGH
[2025-10-08 14:42:56] User -> FPS Edit -> admin@pds| ABGH
[2025-10-08 14:42:56] User -> FPS Edit -> admin@pds| ABGH
[2025-10-08 14:42:56] User -> FPS Edit -> admin@pds| ABGH
[2025-10-08 14:42:56] User -> FPS Edit -> admin@pds| ABGH
[2025-10-08 14:42:56] User -> FPS Edit -> admin@pds| ABGH
[2025-10-08 14:42:56] User -> FPS Edit -> admin@pds| ABGH
[2025-10-08 14:42:56] User -> FPS Edit -> admin@pds| ABGH
[2025-10-08 14:42:56] User -> FPS Edit -> admin@pds| ABGH
[2025-10-08 14:42:56] User -> FPS Edit -> admin@pds| ABGH
[2025-10-08 14:42:56] User -> FPS Edit -> admin@pds| ABGH
[2025-10-08 14:42:56] User -> FPS Edit -> admin@pds| ABGH
[2025-10-08 14:42:56] User -> FPS Edit -> admin@pds| ABGH
[2025-10-08 14:42:56] User -> FPS Edit -> admin@pds| ABGH
[2025-10-08 14:42:56] User -> FPS Edit -> admin@pds| ABGH
[2025-10-08 14:42:56] User -> FPS Edit -> admin@pds| ABGH
[2025-10-08 14:42:56] User -> FPS Edit -> admin@pds| ABGH
[2025-10-08 14:42:56] User -> FPS Edit -> admin@pds| ABGH
[2025-10-08 14:42:56] User -> FPS Edit -> admin@pds| ABGH
[2025-10-08 14:42:56] User -> FPS Edit -> admin@pds| ABGH
[2025-10-08 14:42:56] User -> FPS Edit -> admin@pds| ABGH
[2025-10-08 14:42:56] User -> FPS Edit -> admin@pds| ABGH
[2025-10-08 14:42:56] User -> FPS Edit -> admin@pds| ABGH
[2025-10-08 14:42:56] User -> FPS Edit -> admin@pds| ABGH
[2025-10-08 14:42:56] User -> FPS Edit -> admin@pds| ABGH
[2025-10-08 14:42:56] User -> FPS Edit -> admin@pds| ABGH
[2025-10-08 14:42:56] User -> FPS Edit -> admin@pds| ABGH
[2025-10-08 14:42:56] User -> FPS Edit -> admin@pds| ABGH
[2025-10-08 14:42:56] User -> FPS Edit -> admin@pds| ABGH
[2025-10-08 14:42:56] User -> FPS Edit -> admin@pds| ABGH
[2025-10-08 14:42:56] User -> FPS Edit -> admin@pds| ABGH
[2025-10-08 14:42:56] User -> FPS Edit -> admin@pds| ABGH
[2025-10-08 14:42:56] User -> FPS Edit -> admin@pds| ABGH
[2025-10-08 14:42:56] User -> FPS Edit -> admin@pds| ABGH
[2025-10-08 14:42:56] User -> FPS Edit -> admin@pds| ABGH
[2025-10-08 14:42:56] User -> FPS Edit -> admin@pds| ABGH
[2025-10-08 14:42:56] User -> FPS Edit -> admin@pds| ABGH
[2025-10-08 14:42:56] User -> FPS Edit -> admin@pds| ABGH
[2025-10-08 14:42:56] User -> FPS Edit -> admin@pds| ABGH
[2025-10-08 14:42:56] User -> FPS Edit -> admin@pds| ABGH
[2025-10-08 14:42:56] User -> FPS Edit -> admin@pds| ABGH
[2025-10-08 14:42:56] User -> FPS Edit -> admin@pds| ABGH
[2025-10-08 14:42:56] User -> FPS Edit -> admin@pds| ABGH
[2025-10-08 14:42:56] User -> FPS Edit -> admin@pds| ABGH
[2025-10-08 14:42:56] User -> FPS Edit -> admin@pds| ABGH
[2025-10-08 14:42:56] User -> FPS Edit -> admin@pds| ABGH
[2025-10-08 14:42:56] User -> FPS Edit -> admin@pds| ABGH
[2025-10-08 14:42:56] User -> FPS Edit -> admin@pds| ABGH
[2025-10-08 14:42:56] User -> FPS Edit -> admin@pds| ABGH
[2025-10-08 14:42:56] User -> FPS Edit -> admin@pds| ABGH
[2025-10-08 14:42:56] User -> FPS Edit -> admin@pds| ABGH
[2025-10-08 14:42:56] User -> FPS Edit -> admin@pds| ABGH
[2025-10-08 14:42:56] User -> FPS Edit -> admin@pds| ABGH
[2025-10-08 14:42:56] User -> FPS Edit -> admin@pds| ABGH
[2025-10-08 14:42:56] User -> FPS Edit -> admin@pds| ABGH
[2025-10-08 14:42:56] User -> FPS Edit -> admin@pds| ABGH
[2025-10-08 14:42:56] User -> FPS Edit -> admin@pds| ABGH
[2025-10-08 14:42:56] User -> FPS Edit -> admin@pds| ABGH
[2025-10-08 14:42:56] User -> FPS Edit -> admin@pds| ABGH
[2025-10-08 14:42:56] User -> FPS Edit -> admin@pds| ABGH
[2025-10-08 14:42:56] User -> FPS Edit -> admin@pds| ABGH
[2025-10-08 14:42:56] User -> FPS Edit -> admin@pds| ABGH
[2025-10-08 14:42:56] User -> FPS Edit -> admin@pds| ABGH
[2025-10-08 14:42:56] User -> FPS Edit -> admin@pds| ABGH
[2025-10-08 14:42:56] User -> FPS Edit -> admin@pds| ABGH
[2025-10-08 14:42:56] User -> FPS Edit -> admin@pds| ABGH
[2025-10-08 14:42:56] User -> FPS Edit -> admin@pds| ABGH
[2025-10-08 14:42:56] User -> FPS Edit -> admin@pds| ABGH
[2025-10-08 14:42:56] User -> FPS Edit -> admin@pds| ABGH
[2025-10-08 14:42:56] User -> FPS Edit -> admin@pds| ABGH
[2025-10-08 14:42:56] User -> FPS Edit -> admin@pds| ABGH
[2025-10-08 14:42:56] User -> FPS Edit -> admin@pds| ABGH
[2025-10-08 14:42:56] User -> FPS Edit -> admin@pds| ABGH
[2025-10-08 14:42:56] User -> FPS Edit -> admin@pds| ABGH
[2025-10-08 14:42:56] User -> FPS Edit -> admin@pds| ABGH
[2025-10-08 14:42:56] User -> FPS Edit -> admin@pds| ABGH
[2025-10-08 14:42:56] User -> FPS Edit -> admin@pds| ABGH
[2025-10-08 14:42:56] User -> FPS Edit -> admin@pds| ABGH
[2025-10-08 14:42:56] User -> FPS Edit -> admin@pds| ABGH
[2025-10-08 14:42:56] User -> FPS Edit -> admin@pds| ABGH
[2025-10-08 14:42:56] User -> FPS Edit -> admin@pds| ABGH
[2025-10-08 14:42:56] User -> FPS Edit -> admin@pds| ABGH
[2025-10-08 14:42:56] User -> FPS Edit -> admin@pds| ABGH
[2025-10-08 14:42:56] User -> FPS Edit -> admin@pds| ABGH
[2025-10-08 14:42:56] User -> FPS Edit -> admin@pds| ABGH
[2025-10-08 14:42:56] User -> FPS Edit -> admin@pds| ABGH
[2025-10-08 14:42:56] User -> FPS Edit -> admin@pds| ABGH
[2025-10-08 14:42:56] User -> FPS Edit -> admin@pds| ABGH
[2025-10-08 14:42:56] User -> FPS Edit -> admin@pds| ABGH
[2025-10-08 14:42:56] User -> FPS Edit -> admin@pds| ABGH
[2025-10-08 14:42:56] User -> FPS Edit -> admin@pds| ABGH
[2025-10-08 14:42:56] User -> FPS Edit -> admin@pds| ABGH
[2025-10-08 14:42:56] User -> FPS Edit -> admin@pds| ABGH
[2025-10-08 14:42:56] User -> FPS Edit -> admin@pds| ABGH
[2025-10-08 14:42:56] User -> FPS Edit -> admin@pds| ABGH
[2025-10-08 14:42:56] User -> FPS Edit -> admin@pds| ABGH
[2025-10-08 14:42:56] User -> FPS Edit -> admin@pds| ABGH
[2025-10-08 14:42:56] User -> FPS Edit -> admin@pds| ABGH
[2025-10-08 14:42:56] User -> FPS Edit -> admin@pds| ABGH
[2025-10-08 14:42:56] User -> FPS Edit -> admin@pds| ABGH
[2025-10-08 14:42:56] User -> FPS Edit -> admin@pds| ABGH
[2025-10-08 14:42:56] User -> FPS Edit -> admin@pds| ABGH
[2025-10-08 14:42:56] User -> FPS Edit -> admin@pds| ABGH
[2025-10-08 14:42:56] User -> FPS Edit -> admin@pds| ABGH
[2025-10-08 14:42:56] User -> FPS Edit -> admin@pds| ABGH
[2025-10-08 14:42:56] User -> FPS Edit -> admin@pds| ABGH
[2025-10-08 14:42:56] User -> FPS Edit -> admin@pds| ABGH
[2025-10-08 14:42:56] User -> FPS Edit -> admin@pds| ABGH
[2025-10-08 14:42:56] User -> FPS Edit -> admin@pds| ABGH
[2025-10-08 14:42:56] User -> FPS Edit -> admin@pds| ABGH
[2025-10-08 14:42:56] User -> FPS Edit -> admin@pds| ABGH
[2025-10-08 14:42:56] User -> FPS Edit -> admin@pds| ABGH
[2025-10-08 14:42:56] User -> FPS Edit -> admin@pds| ABGH
[2025-10-08 14:42:56] User -> FPS Edit -> admin@pds| ABGH
[2025-10-08 14:42:56] User -> FPS Edit -> admin@pds| ABGH
[2025-10-08 14:42:56] User -> FPS Edit -> admin@pds| ABGH
[2025-10-08 14:42:56] User -> FPS Edit -> admin@pds| ABGH
[2025-10-08 14:42:56] User -> FPS Edit -> admin@pds| ABGH
[2025-10-08 14:42:56] User -> FPS Edit -> admin@pds| ABGH
[2025-10-08 14:42:56] User -> FPS Edit -> admin@pds| ABGH
[2025-10-08 14:42:56] User -> FPS Edit -> admin@pds| ABGH
[2025-10-08 14:42:56] User -> FPS Edit -> admin@pds| ABGH
[2025-10-08 14:42:56] User -> FPS Edit -> admin@pds| ABGH
[2025-10-08 14:42:56] User -> FPS Edit -> admin@pds| ABGH
[2025-10-08 14:42:56] User -> FPS Edit -> admin@pds| ABGH
[2025-10-08 14:42:56] User -> FPS Edit -> admin@pds| ABGH
[2025-10-08 14:42:56] User -> FPS Edit -> admin@pds| ABGH
[2025-10-08 14:42:56] User -> FPS Edit -> admin@pds| ABGH
[2025-10-08 14:42:56] User -> FPS Edit -> admin@pds| ABGH
[2025-10-08 14:42:56] User -> FPS Edit -> admin@pds| ABGH
[2025-10-08 14:42:56] User -> FPS Edit -> admin@pds| ABGH
[2025-10-08 14:42:56] User -> FPS Edit -> admin@pds| ABGH
[2025-10-08 14:42:56] User -> FPS Edit -> admin@pds| ABGH
[2025-10-08 14:42:56] User -> FPS Edit -> admin@pds| ABGH
[2025-10-08 14:42:56] User -> FPS Edit -> admin@pds| ABGH
[2025-10-08 14:42:56] User -> FPS Edit -> admin@pds| ABGH
[2025-10-08 14:42:56] User -> FPS Edit -> admin@pds| ABGH
[2025-10-08 14:42:56] User -> FPS Edit -> admin@pds| ABGH
[2025-10-08 14:42:56] User -> FPS Edit -> admin@pds| ABGH
[2025-10-08 14:42:56] User -> FPS Edit -> admin@pds| ABGH
[2025-10-08 14:42:56] User -> FPS Edit -> admin@pds| ABGH
[2025-10-08 14:42:56] User -> FPS Edit -> admin@pds| ABGH
[2025-10-08 14:42:56] User -> FPS Edit -> admin@pds| ABGH
[2025-10-08 14:42:56] User -> FPS Edit -> admin@pds| ABGH
[2025-10-08 14:42:56] User -> FPS Edit -> admin@pds| ABGH
[2025-10-08 14:42:56] User -> FPS Edit -> admin@pds| ABGH
[2025-10-08 14:42:56] User -> FPS Edit -> admin@pds| ABGH
[2025-10-08 14:42:56] User -> FPS Edit -> admin@pds| ABGH
[2025-10-08 14:42:56] User -> FPS Edit -> admin@pds| ABGH
[2025-10-08 14:42:56] User -> FPS Edit -> admin@pds| ABGH
[2025-10-08 14:42:56] User -> FPS Edit -> admin@pds| ABGH
[2025-10-08 14:42:56] User -> FPS Edit -> admin@pds| ABGH
[2025-10-08 14:42:56] User -> FPS Edit -> admin@pds| ABGH
[2025-10-08 14:42:56] User -> FPS Edit -> admin@pds| ABGH
[2025-10-08 14:42:56] User -> FPS Edit -> admin@pds| ABGH
[2025-10-08 14:42:56] User -> FPS Edit -> admin@pds| ABGH
[2025-10-08 14:42:56] User -> FPS Edit -> admin@pds| ABGH
[2025-10-08 14:42:56] User -> FPS Edit -> admin@pds| ABGH
[2025-10-08 14:42:56] User -> FPS Edit -> admin@pds| ABGH
[2025-10-08 14:42:56] User -> FPS Edit -> admin@pds| ABGH
[2025-10-08 14:42:56] User -> FPS Edit -> admin@pds| ABGH
[2025-10-08 14:42:56] User -> FPS Edit -> admin@pds| ABGH
[2025-10-08 14:42:56] User -> FPS Edit -> admin@pds| ABGH
[2025-10-08 14:42:56] User -> FPS Edit -> admin@pds| ABGH
[2025-10-08 14:42:56] User -> FPS Edit -> admin@pds| ABGH
[2025-10-08 14:42:56] User -> FPS Edit -> admin@pds| ABGH
[2025-10-08 14:42:56] User -> FPS Edit -> admin@pds| ABGH
[2025-10-08 14:42:56] User -> FPS Edit -> admin@pds| ABGH
[2025-10-08 14:42:56] User -> FPS Edit -> admin@pds| ABGH
[2025-10-08 14:42:56] User -> FPS Edit -> admin@pds| ABGH
[2025-10-08 14:42:56] User -> FPS Edit -> admin@pds| ABGH
[2025-10-08 14:42:56] User -> FPS Edit -> admin@pds| ABGH
[2025-10-08 14:42:56] User -> FPS Edit -> admin@pds| ABGH
[2025-10-08 14:42:56] User -> FPS Edit -> admin@pds| ABGH
[2025-10-08 14:42:56] User -> FPS Edit -> admin@pds| ABGH
[2025-10-08 14:42:56] User -> FPS Edit -> admin@pds| ABGH
[2025-10-08 14:42:56] User -> FPS Edit -> admin@pds| ABGH
[2025-10-08 14:42:56] User -> FPS Edit -> admin@pds| ABGH
[2025-10-08 14:42:56] User -> FPS Edit -> admin@pds| ABGH
[2025-10-08 14:42:56] User -> FPS Edit -> admin@pds| ABGH
[2025-10-08 14:42:56] User -> FPS Edit -> admin@pds| ABGH
[2025-10-08 14:42:56] User -> FPS Edit -> admin@pds| ABGH
[2025-10-08 14:42:56] User -> FPS Edit -> admin@pds| ABGH
[2025-10-08 14:42:56] User -> FPS Edit -> admin@pds| ABGH
[2025-10-08 14:42:56] User -> FPS Edit -> admin@pds| ABGH
[2025-10-08 14:42:56] User -> FPS Edit -> admin@pds| ABGH
[2025-10-08 14:42:56] User -> FPS Edit -> admin@pds| ABGH
[2025-10-08 14:42:56] User -> FPS Edit -> admin@pds| ABGH
[2025-10-08 14:42:56] User -> FPS Edit -> admin@pds| ABGH
[2025-10-08 14:42:56] User -> FPS Edit -> admin@pds| ABGH
[2025-10-08 14:42:56] User -> FPS Edit -> admin@pds| ABGH
[2025-10-08 14:42:56] User -> FPS Edit -> admin@pds| ABGH
[2025-10-08 14:42:56] User -> FPS Edit -> admin@pds| ABGH
[2025-10-08 14:42:56] User -> FPS Edit -> admin@pds| ABGH
[2025-10-08 14:42:56] User -> FPS Edit -> admin@pds| ABGH
[2025-10-08 14:42:56] User -> FPS Edit -> admin@pds| ABGH
[2025-10-08 14:42:56] User -> FPS Edit -> admin@pds| ABGH
[2025-10-08 14:42:56] User -> FPS Edit -> admin@pds| ABGH
[2025-10-08 14:42:56] User -> FPS Edit -> admin@pds| ABGH
[2025-10-08 14:42:56] User -> FPS Edit -> admin@pds| ABGH
[2025-10-08 14:42:56] User -> FPS Edit -> admin@pds| ABGH
[2025-10-08 14:42:56] User -> FPS Edit -> admin@pds| ABGH
[2025-10-08 14:42:56] User -> FPS Edit -> admin@pds| ABGH
[2025-10-08 14:42:56] User -> FPS Edit -> admin@pds| ABGH
[2025-10-08 14:42:56] User -> FPS Edit -> admin@pds| ABGH
[2025-10-08 14:42:56] User -> FPS Edit -> admin@pds| ABGH
[2025-10-08 14:42:56] User -> FPS Edit -> admin@pds| ABGH
[2025-10-08 14:42:56] User -> FPS Edit -> admin@pds| ABGH
[2025-10-08 14:42:56] User -> FPS Edit -> admin@pds| ABGH
[2025-10-08 14:42:56] User -> FPS Edit -> admin@pds| ABGH
[2025-10-08 14:42:56] User -> FPS Edit -> admin@pds| ABGH
[2025-10-08 14:42:56] User -> FPS Edit -> admin@pds| ABGH
[2025-10-08 14:42:56] User -> FPS Edit -> admin@pds| ABGH
[2025-10-08 14:42:56] User -> FPS Edit -> admin@pds| ABGH
[2025-10-08 14:42:56] User -> FPS Edit -> admin@pds| ABGH
[2025-10-08 14:42:56] User -> FPS Edit -> admin@pds| ABGH
[2025-10-08 14:42:56] User -> FPS Edit -> admin@pds| ABGH
[2025-10-08 14:42:56] User -> FPS Edit -> admin@pds| ABGH
[2025-10-08 14:42:56] User -> FPS Edit -> admin@pds| ABGH
[2025-10-08 14:42:56] User -> FPS Edit -> admin@pds| ABGH
[2025-10-08 14:42:56] User -> FPS Edit -> admin@pds| ABGH
[2025-10-08 14:42:56] User -> FPS Edit -> admin@pds| ABGH
[2025-10-08 14:42:56] User -> FPS Edit -> admin@pds| ABGH
[2025-10-08 14:42:56] User -> FPS Edit -> admin@pds| ABGH
[2025-10-08 14:42:56] User -> FPS Edit -> admin@pds| ABGH
[2025-10-08 14:42:56] User -> FPS Edit -> admin@pds| ABGH
[2025-10-08 14:42:56] User -> FPS Edit -> admin@pds| ABGH
[2025-10-08 14:42:56] User -> FPS Edit -> admin@pds| ABGH
[2025-10-08 14:42:56] User -> FPS Edit -> admin@pds| ABGH
[2025-10-08 14:42:56] User -> FPS Edit -> admin@pds| ABGH
[2025-10-08 14:42:56] User -> FPS Edit -> admin@pds| ABGH
[2025-10-08 14:42:56] User -> FPS Edit -> admin@pds| ABGH
[2025-10-08 14:42:56] User -> FPS Edit -> admin@pds| ABGH
[2025-10-08 14:42:56] User -> FPS Edit -> admin@pds| ABGH
[2025-10-08 14:42:56] User -> FPS Edit -> admin@pds| ABGH
[2025-10-08 14:42:56] User -> FPS Edit -> admin@pds| ABGH
[2025-10-08 14:42:56] User -> FPS Edit -> admin@pds| ABGH
[2025-10-08 14:42:56] User -> FPS Edit -> admin@pds| ABGH
[2025-10-08 14:42:56] User -> FPS Edit -> admin@pds| ABGH
[2025-10-08 14:42:56] User -> FPS Edit -> admin@pds| ABGH
[2025-10-08 14:42:56] User -> FPS Edit -> admin@pds| ABGH
[2025-10-08 14:42:56] User -> FPS Edit -> admin@pds| ABGH
[2025-10-08 14:42:56] User -> FPS Edit -> admin@pds| ABGH
[2025-10-08 14:42:56] User -> FPS Edit -> admin@pds| ABGH
[2025-10-08 14:42:56] User -> FPS Edit -> admin@pds| ABGH
[2025-10-08 14:42:56] User -> FPS Edit -> admin@pds| ABGH
[2025-10-08 14:42:56] User -> FPS Edit -> admin@pds| ABGH
[2025-10-08 14:42:56] User -> FPS Edit -> admin@pds| ABGH
[2025-10-08 14:42:56] User -> FPS Edit -> admin@pds| ABGH
[2025-10-08 14:42:56] User -> FPS Edit -> admin@pds| ABGH
[2025-10-08 14:42:56] User -> FPS Edit -> admin@pds| ABGH
[2025-10-08 14:42:56] User -> FPS Edit -> admin@pds| ABGH
[2025-10-08 14:42:56] User -> FPS Edit -> admin@pds| ABGH
[2025-10-08 14:42:56] User -> FPS Edit -> admin@pds| ABGH
[2025-10-08 14:42:56] User -> FPS Edit -> admin@pds| ABGH
[2025-10-08 14:42:56] User -> FPS Edit -> admin@pds| ABGH
[2025-10-08 14:42:56] User -> FPS Edit -> admin@pds| ABGH
[2025-10-08 14:42:56] User -> FPS Edit -> admin@pds| ABGH
[2025-10-08 14:42:56] User -> FPS Edit -> admin@pds| ABGH
[2025-10-08 14:42:56] User -> FPS Edit -> admin@pds| ABGH
[2025-10-08 14:42:56] User -> FPS Edit -> admin@pds| ABGH
[2025-10-08 14:42:56] User -> FPS Edit -> admin@pds| ABGH
[2025-10-08 14:42:56] User -> FPS Edit -> admin@pds| ABGH
[2025-10-08 14:42:56] User -> FPS Edit -> admin@pds| ABGH
[2025-10-08 14:42:56] User -> FPS Edit -> admin@pds| ABGH
[2025-10-08 14:42:56] User -> FPS Edit -> admin@pds| ABGH
[2025-10-08 14:42:56] User -> FPS Edit -> admin@pds| ABGH
[2025-10-08 14:42:56] User -> FPS Edit -> admin@pds| ABGH
[2025-10-08 14:42:56] User -> FPS Edit -> admin@pds| ABGH
[2025-10-08 14:42:56] User -> FPS Edit -> admin@pds| ABGH
[2025-10-08 14:42:56] User -> FPS Edit -> admin@pds| ABGH
[2025-10-08 14:42:56] User -> FPS Edit -> admin@pds| ABGH
[2025-10-08 14:42:56] User -> FPS Edit -> admin@pds| ABGH
[2025-10-08 14:42:56] User -> FPS Edit -> admin@pds| ABGH
[2025-10-08 14:42:56] User -> FPS Edit -> admin@pds| ABGH
[2025-10-08 14:42:56] User -> FPS Edit -> admin@pds| ABGH
[2025-10-08 14:42:56] User -> FPS Edit -> admin@pds| ABGH
[2025-10-08 14:42:56] User -> FPS Edit -> admin@pds| ABGH
[2025-10-08 14:42:56] User -> FPS Edit -> admin@pds| ABGH
[2025-10-08 14:42:56] User -> FPS Edit -> admin@pds| ABGH
[2025-10-08 14:42:56] User -> FPS Edit -> admin@pds| ABGH
[2025-10-08 14:42:56] User -> FPS Edit -> admin@pds| ABGH
[2025-10-08 14:42:56] User -> FPS Edit -> admin@pds| ABGH
[2025-10-08 14:42:56] User -> FPS Edit -> admin@pds| ABGH
[2025-10-08 14:42:56] User -> FPS Edit -> admin@pds| ABGH
[2025-10-08 14:42:56] User -> FPS Edit -> admin@pds| ABGH
[2025-10-08 14:42:56] User -> FPS Edit -> admin@pds| ABGH
[2025-10-08 14:42:56] User -> FPS Edit -> admin@pds| ABGH
[2025-10-08 14:42:56] User -> FPS Edit -> admin@pds| ABGH
[2025-10-08 14:42:56] User -> FPS Edit -> admin@pds| ABGH
[2025-10-08 14:42:56] User -> FPS Edit -> admin@pds| ABGH
[2025-10-08 14:42:56] User -> FPS Edit -> admin@pds| ABGH
[2025-10-08 14:42:56] User -> FPS Edit -> admin@pds| ABGH
[2025-10-08 14:42:56] User -> FPS Edit -> admin@pds| ABGH
[2025-10-08 14:42:56] User -> FPS Edit -> admin@pds| ABGH
[2025-10-08 14:42:56] User -> FPS Edit -> admin@pds| ABGH
[2025-10-08 14:42:56] User -> FPS Edit -> admin@pds| ABGH
[2025-10-08 14:42:56] User -> FPS Edit -> admin@pds| ABGH
[2025-10-08 14:42:56] User -> FPS Edit -> admin@pds| ABGH
[2025-10-08 14:42:56] User -> FPS Edit -> admin@pds| ABGH
[2025-10-08 14:42:56] User -> FPS Edit -> admin@pds| ABGH
[2025-10-08 14:42:56] User -> FPS Edit -> admin@pds| ABGH
[2025-10-08 14:42:56] User -> FPS Edit -> admin@pds| ABGH
[2025-10-08 14:43:59] User -> Warehouse Edit->admin@pds| Requested JSON -> {"name":"Fgfghhhlllllllll","uniqueid":"WH_68e60eac7842","active":"1","type":"motorable","latitude":"12","storage":"243","district":"Leh","id":"324377","warehousetype":"swc","longitude":"12"}
[2025-10-08 14:44:17] User -> Warehouse deleted -> admin@pds| Requested
JSON -> {"uid":"WH_68e60eac7842"} | Fgfghhhlllllllll
[2025-10-08 14:47:12] User -> Warehouse added ->admin@pds| Requested
JSON -> {"name":"kkkkk","type":"motorable","latitude":"12","storage":"12323","district":"Kargil","id":"99","warehousetype":"swc","longitude":"10"}
[2025-10-08 14:47:18] User -> Warehouse deleted -> admin@pds| Requested
JSON -> {"uid":"WH_68e62c185e95"} | Kkkkk
[2025-10-08 14:48:31] User -> Warehouse added ->admin@pds| Requested
JSON -> {"name":"kkkkk","type":"motorable","latitude":"12","storage":"4545","district":"Kargil","id":"34545","warehousetype":"swc","longitude":"10"}
[2025-10-08 14:48:49] User -> Warehouse deleted -> admin@pds| Requested
JSON -> {"uid":"WH_68e62c67b77d"} | Kkkkk
[2025-10-08 14:49:11] User -> Warehouse deleted -> admin@pds| Requested
JSON -> {"uid":"all"} | all
[2025-10-08 14:49:38] User -> Warehouse Added -> admin@pds| Rice_HO_Khumbathang
[2025-10-08 14:49:38] User -> Warehouse Added -> admin@pds| ABG
[2025-10-08 14:49:38] User -> Warehouse Added -> admin@pds| ABG
[2025-10-08 14:49:38] User -> Warehouse Added -> admin@pds| ABG
[2025-10-08 14:49:38] User -> Warehouse Added -> admin@pds| G_Rice_A/B
[2025-10-08 14:49:38] User -> Warehouse Added -> admin@pds| Rfgdfg
[2025-10-08 14:49:38] User -> Warehouse Added -> admin@pds| Thgdfg
[2025-10-08 14:49:38] User -> Warehouse Added -> admin@pds| Dddddd
[2025-10-08 14:50:10] User -> Warehouse Edit -> admin@pds| Rice_HO_Khumbathang
[2025-10-08 14:50:10] User -> Warehouse Edit -> admin@pds| ABG
[2025-10-08 14:50:10] User -> Warehouse Edit -> admin@pds| ABG
[2025-10-08 14:50:10] User -> Warehouse Edit -> admin@pds| ABG
[2025-10-08 14:50:10] User -> Warehouse Edit -> admin@pds| G_Rice_A/B
[2025-10-08 14:50:10] User -> Warehouse Edit -> admin@pds| Rfgdfg
[2025-10-08 14:50:10] User -> Warehouse Edit -> admin@pds| Thgdfg
[2025-10-08 14:50:10] User -> Warehouse Edit -> admin@pds| Dddddd
[2025-10-08 14:51:37] User -> Mill Edit->admin@pds| Requested JSON
-> {"name":"Lehdgfkkkkkkkkkkllllllll","uniqueid":"DCP_68e5ea18503","active":"1","type":"sdfsfg","latitude":"12","longitude":"12","district":"Kargil","id":"3243","demand":"12.33","demand_rice":"89"}
[2025-10-08 14:52:00] User -> Mill deleted -> admin@pds | Requested JSON -> {"uid":"DCP_68e5ea18503"} | Lehdgfkkkkkkkkkkllllllll
[2025-10-08 14:52:38] User -> Mill added ->admin@pds| Requested JSON -> {"name":"kkkkk","type":"dssds","latitude":"12","longitude":"10","district":"Kargil","id":"3243","demand":"56767","demand_rice":"89"}
[2025-10-08 14:53:04] User -> Mill deleted -> admin@pds | Requested JSON -> {"uid":"all"} | all
[2025-10-08 14:53:32] User -> Mill Added -> admin@pds| Abcdeiiiii
[2025-10-08 14:53:32] User -> Mill Added -> admin@pds| serhggrh
[2025-10-08 14:53:32] User -> Mill Added -> admin@pds| Kangrimill
[2025-10-08 14:53:32] User -> Mill Added -> admin@pds| Atta Storesuru Valley Rf Mill
[2025-10-08 14:53:32] User -> Mill Added -> admin@pds| Lehdgf
[2025-10-08 14:53:59] User -> Mill Edit -> admin@pds| Abcdeiiiii
[2025-10-08 14:53:59] User -> Mill Edit -> admin@pds| serhggrh
[2025-10-08 14:53:59] User -> Mill Edit -> admin@pds| Kangrimill
[2025-10-08 14:53:59] User -> Mill Edit -> admin@pds| Atta Storesuru Valley Rf Mill
[2025-10-08 14:53:59] User -> Mill Edit -> admin@pds| Lehdgf
