[2025-10-31 10:52:19] User -> Send Message ->admin@pds| Requested JSON ->
{"message":"ffff","uniqueid":"68d37823d356b"} | Leh@pds
[2025-10-31 10:52:27] User -> Send Message ->admin@pds| Requested JSON ->
{"message":"ffffsdd","uniqueid":"68d37823d356b"} | Leh@pds
[2025-10-31 10:52:34] User -> Send Message ->admin@pds| Requested JSON ->
{"message":"gefefef","uniqueid":"68d37823d356b"} | Leh@pds
[2025-10-31 10:52:39] User -> Send Message ->admin@pds| Requested JSON ->
{"message":"geergegef","uniqueid":"68d37823d356b"} | Leh@pds
[2025-10-31 10:52:44] User -> Send Message ->admin@pds| Requested JSON ->
{"message":"efefgeefefe","uniqueid":"68d37823d356b"} | Leh@pds
[2025-10-31 10:52:49] User -> Send Message ->admin@pds| Requested JSON ->
{"message":"swdw","uniqueid":"68d37823d356b"} | Leh@pds
[2025-10-31 10:53:06] User -> Send Message ->admin@pds| Requested JSON ->
{"message":"fefe","uniqueid":"68d37823d356b"} | Leh@pds
[2025-10-31 10:53:12] User -> Send Message ->admin@pds| Requested JSON ->
{"message":"efefe","uniqueid":"68d37823d356b"} | Leh@pds
[2025-10-31 11:05:45] User -> Delete Message ->admin@pds| Requested JSON
-> ffff | Leh@pds
[2025-10-31 11:05:45] User -> Delete Message ->admin@pds| Requested JSON
-> ffffsdd | Leh@pds
[2025-10-31 11:05:46] User -> Delete Message ->admin@pds| Requested JSON
-> gefefef | Leh@pds
[2025-10-31 11:05:46] User -> Delete Message ->admin@pds| Requested JSON
-> geergegef | Leh@pds
[2025-10-31 11:05:46] User -> Delete Message ->admin@pds| Requested JSON
-> efefgeefefe | Leh@pds
[2025-10-31 11:05:47] User -> Delete Message ->admin@pds| Requested JSON
-> swdw | Leh@pds
[2025-10-31 11:05:47] User -> Delete Message ->admin@pds| Requested JSON
-> fefe | Leh@pds
[2025-10-31 11:05:47] User -> Delete Message ->admin@pds| Requested JSON
-> efefe | Leh@pds
[2025-10-31 11:08:01] User -> Send Message ->admin@pds| Requested JSON ->
{"message":"ffff","uniqueid":"68d37823d356b"} | Leh@pds
[2025-10-31 11:08:12] User -> Send Message ->admin@pds| Requested JSON ->
{"message":"dddd","uniqueid":"68d37823d356b"} | Leh@pds
[2025-10-31 11:08:22] User -> Send Message ->admin@pds| Requested JSON ->
{"message":"defef","uniqueid":"68d37823d356b"} | Leh@pds
[2025-10-31 11:08:31] User -> Send Message ->admin@pds| Requested JSON ->
{"message":"asddfwe","uniqueid":"68d37823d356b"} | Leh@pds
[2025-10-31 11:08:41] User -> Send Message ->admin@pds| Requested JSON ->
{"message":"admin\r\n","uniqueid":"68d37823d356b"} | Leh@pds
[2025-10-31 11:08:50] RateLimit -> SendMessage -> user: admin@pds | IP: ::1
[2025-10-31 12:19:17] User -> Send Message ->admin@pds| Requested JSON ->
{"message":"scriptalert1script","uniqueid":"68d37823d356b"} | Leh@pds
[2025-10-31 12:22:48] User -> Send Message ->admin@pds| Requested JSON ->
{"message":"iframe","uniqueid":"68d37823d356b"} | Leh@pds
[2025-10-31 12:22:54] User -> Delete Message ->admin@pds| Requested JSON
-> iframe | Leh@pds
[2025-10-31 12:22:55] User -> Delete Message ->admin@pds| Requested JSON
-> scriptalert1script | Leh@pds
